===== 開始執行更新 Tue May  6 17:53:19 CST 2025 =====
node:internal/modules/cjs/loader:1404
  throw err;
  ^

Error: Cannot find module '/Users/jonaswhite/CascadeProjects/movie-time/backend/scripts/utils/utils/update_database.js'
    at Function._resolveFilename (node:internal/modules/cjs/loader:1401:15)
    at defaultResolveImpl (node:internal/modules/cjs/loader:1057:19)
    at resolveForCJSWithHooks (node:internal/modules/cjs/loader:1062:22)
    at Function._load (node:internal/modules/cjs/loader:1211:37)
    at TracingChannel.traceSync (node:diagnostics_channel:322:14)
    at wrapModuleLoad (node:internal/modules/cjs/loader:235:24)
    at Function.executeUserEntryPoint [as runMain] (node:internal/modules/run_main:170:5)
    at node:internal/main/run_main_module:36:49 {
  code: 'MODULE_NOT_FOUND',
  requireStack: []
}

Node.js v22.15.0
===== 更新完成 Tue May  6 17:53:19 CST 2025 =====

===== 開始執行更新 Wed May 14 03:00:00 CST 2025 =====
node:internal/modules/cjs/loader:1404
  throw err;
  ^

Error: Cannot find module '/Users/jonaswhite/CascadeProjects/Time2Cinema/backend/scripts/utils/utils/update_database.js'
    at Function._resolveFilename (node:internal/modules/cjs/loader:1401:15)
    at defaultResolveImpl (node:internal/modules/cjs/loader:1057:19)
    at resolveForCJSWithHooks (node:internal/modules/cjs/loader:1062:22)
    at Function._load (node:internal/modules/cjs/loader:1211:37)
    at TracingChannel.traceSync (node:diagnostics_channel:322:14)
    at wrapModuleLoad (node:internal/modules/cjs/loader:235:24)
    at Function.executeUserEntryPoint [as runMain] (node:internal/modules/run_main:170:5)
    at node:internal/main/run_main_module:36:49 {
  code: 'MODULE_NOT_FOUND',
  requireStack: []
}

Node.js v22.15.0
===== 更新完成 Wed May 14 03:00:00 CST 2025 =====

