2025-05-15 20:05:25,210 - INFO - 開始執行更新檢查，時間: 2025-05-15 20:05:25
2025-05-15 20:05:25,210 - INFO - 設置為抓取 10 家電影院的 3 天場次資料
2025-05-15 20:05:25,211 - INFO - 正在抓取: https://www.atmovies.com.tw/showtime/
2025-05-15 20:05:25,496 - WARNING - 無法獲取區域列表，使用預設台北區域
2025-05-15 20:05:25,496 - INFO - 找到 1 個區域
2025-05-15 20:05:25,496 - INFO - 準備抓取 3 天的場次資料
2025-05-15 20:05:25,496 - INFO - 正在抓取: https://www.atmovies.com.tw/showtime/a01/
2025-05-15 20:05:35,728 - ERROR - 請求錯誤:  - https://www.atmovies.com.tw/showtime/a01/
2025-05-15 20:05:35,729 - INFO - 等待 2 秒後重試...
2025-05-15 20:05:37,730 - INFO - 正在抓取: https://www.atmovies.com.tw/showtime/a01/
2025-05-15 20:05:48,096 - INFO - 找到 0 家電影院
2025-05-15 20:05:48,098 - INFO - 已將資料保存至 /Users/jonaswhite/CascadeProjects/Time2Cinema/backend/output/monitor/atmovies_update_check_20250515_200525.json
2025-05-15 20:05:48,098 - INFO - 總場次數: 0
2025-05-15 20:05:48,098 - INFO - 總電影院數: 0
2025-05-15 20:05:48,098 - INFO - 日期範圍: 
2025-05-15 20:05:48,098 - INFO - 已將摘要保存至 /Users/jonaswhite/CascadeProjects/Time2Cinema/backend/output/monitor/atmovies_update_summary_20250515.json
2025-05-15 20:05:48,098 - INFO - 檢查總耗時: 22.89 秒 (0.38 分鐘)
2025-05-15 20:05:48,098 - INFO - 資料輸出: /Users/jonaswhite/CascadeProjects/Time2Cinema/backend/output/monitor/atmovies_update_check_20250515_200525.json
2025-05-15 20:05:48,098 - INFO - 摘要輸出: /Users/jonaswhite/CascadeProjects/Time2Cinema/backend/output/monitor/atmovies_update_summary_20250515.json
2025-05-15 20:05:48,098 - INFO - 完成執行更新檢查，時間: 2025-05-15 20:05:48
