2025-05-17 11:23:59,040 - INFO - === ATMovies 電影資料更新檢查工具開始執行 ===
2025-05-17 11:23:59,041 - INFO - 獲取區域列表: 台北市
2025-05-17 11:23:59,041 - INFO - 開始爬取 1 個區域的電影院資料...
2025-05-17 11:23:59,041 - INFO - 處理區域: 台北市
2025-05-17 11:23:59,041 - INFO - 獲取 台北市 區域的電影院列表: https://www.atmovies.com.tw/showtime/a02/
2025-05-17 11:23:59,041 - INFO - 正在抓取: https://www.atmovies.com.tw/showtime/a02/ (嘗試 1/4)
2025-05-17 11:24:02,118 - INFO - 在 台北市 區域找到 42 家電影院
2025-05-17 11:24:02,118 - INFO - 在區域 台北市 找到 42 家電影院
2025-05-17 11:24:02,118 - INFO - 限制為處理前 2 家電影院
2025-05-17 11:24:02,118 - INFO - 處理電影院: 台北信義威秀 (ID: 02a01)
2025-05-17 11:24:02,118 - INFO - 處理 台北信義威秀 在 2023/05/17 的場次
2025-05-17 11:24:02,118 - INFO - 獲取 台北信義威秀 在 2023/05/17 的場次: https://www.atmovies.com.tw/showtime/t02a01/20230517/
2025-05-17 11:24:02,118 - INFO - 正在抓取: https://www.atmovies.com.tw/showtime/t02a01/20230517/ (嘗試 1/4)
2025-05-17 11:24:02,216 - WARNING - 頁面不存在 (404): https://www.atmovies.com.tw/showtime/t02a01/20230517/
2025-05-17 11:24:02,217 - ERROR - 無法獲取 台北信義威秀 在 2023/05/17 的場次
2025-05-17 11:24:02,217 - INFO - 處理 台北信義威秀 在 2023/05/18 的場次
2025-05-17 11:24:02,217 - INFO - 獲取 台北信義威秀 在 2023/05/18 的場次: https://www.atmovies.com.tw/showtime/t02a01/20230518/
2025-05-17 11:24:02,217 - INFO - 正在抓取: https://www.atmovies.com.tw/showtime/t02a01/20230518/ (嘗試 1/4)
2025-05-17 11:24:02,304 - WARNING - 頁面不存在 (404): https://www.atmovies.com.tw/showtime/t02a01/20230518/
2025-05-17 11:24:02,305 - ERROR - 無法獲取 台北信義威秀 在 2023/05/18 的場次
2025-05-17 11:24:02,305 - INFO - 處理 台北信義威秀 在 2023/05/19 的場次
2025-05-17 11:24:02,305 - INFO - 獲取 台北信義威秀 在 2023/05/19 的場次: https://www.atmovies.com.tw/showtime/t02a01/20230519/
2025-05-17 11:24:02,305 - INFO - 正在抓取: https://www.atmovies.com.tw/showtime/t02a01/20230519/ (嘗試 1/4)
2025-05-17 11:24:02,387 - WARNING - 頁面不存在 (404): https://www.atmovies.com.tw/showtime/t02a01/20230519/
2025-05-17 11:24:02,388 - ERROR - 無法獲取 台北信義威秀 在 2023/05/19 的場次
2025-05-17 11:24:02,388 - INFO - 處理電影院: MUVIE CINEMAS台北松仁威秀 (ID: 02a11)
2025-05-17 11:24:02,388 - INFO - 處理 MUVIE CINEMAS台北松仁威秀 在 2023/05/17 的場次
2025-05-17 11:24:02,389 - INFO - 獲取 MUVIE CINEMAS台北松仁威秀 在 2023/05/17 的場次: https://www.atmovies.com.tw/showtime/t02a11/20230517/
2025-05-17 11:24:02,389 - INFO - 正在抓取: https://www.atmovies.com.tw/showtime/t02a11/20230517/ (嘗試 1/4)
2025-05-17 11:24:02,479 - WARNING - 頁面不存在 (404): https://www.atmovies.com.tw/showtime/t02a11/20230517/
2025-05-17 11:24:02,480 - ERROR - 無法獲取 MUVIE CINEMAS台北松仁威秀 在 2023/05/17 的場次
2025-05-17 11:24:02,480 - INFO - 處理 MUVIE CINEMAS台北松仁威秀 在 2023/05/18 的場次
2025-05-17 11:24:02,480 - INFO - 獲取 MUVIE CINEMAS台北松仁威秀 在 2023/05/18 的場次: https://www.atmovies.com.tw/showtime/t02a11/20230518/
2025-05-17 11:24:02,480 - INFO - 正在抓取: https://www.atmovies.com.tw/showtime/t02a11/20230518/ (嘗試 1/4)
2025-05-17 11:24:02,567 - WARNING - 頁面不存在 (404): https://www.atmovies.com.tw/showtime/t02a11/20230518/
2025-05-17 11:24:02,568 - ERROR - 無法獲取 MUVIE CINEMAS台北松仁威秀 在 2023/05/18 的場次
2025-05-17 11:24:02,568 - INFO - 處理 MUVIE CINEMAS台北松仁威秀 在 2023/05/19 的場次
2025-05-17 11:24:02,568 - INFO - 獲取 MUVIE CINEMAS台北松仁威秀 在 2023/05/19 的場次: https://www.atmovies.com.tw/showtime/t02a11/20230519/
2025-05-17 11:24:02,568 - INFO - 正在抓取: https://www.atmovies.com.tw/showtime/t02a11/20230519/ (嘗試 1/4)
2025-05-17 11:24:02,654 - WARNING - 頁面不存在 (404): https://www.atmovies.com.tw/showtime/t02a11/20230519/
2025-05-17 11:24:02,657 - ERROR - 無法獲取 MUVIE CINEMAS台北松仁威秀 在 2023/05/19 的場次
2025-05-17 11:24:02,657 - INFO - === ATMovies 電影資料更新檢查工具執行完成 ===
