2025-05-08 15:05:58,460 - INFO - 成功載入 1 個區域（只抽取台北區域）
2025-05-08 15:05:58,460 - INFO - 抽取今天、明天和後天共 3 天的場次資訊
2025-05-08 15:05:58,460 - INFO - 正在抓取: https://www.atmovies.com.tw/showtime/a02/
2025-05-08 15:05:58,565 - INFO - 在區域 台北 找到 42 家電影院
2025-05-08 15:05:58,566 - INFO - 正在抓取: https://www.atmovies.com.tw/showtime/t02a01/a02/
2025-05-08 15:05:58,566 - INFO - 正在抓取: https://www.atmovies.com.tw/showtime/t02a07/a02/
2025-05-08 15:05:58,567 - INFO - 正在抓取: https://www.atmovies.com.tw/showtime/t02a03/a02/
2025-05-08 15:05:58,567 - INFO - 正在抓取: https://www.atmovies.com.tw/showtime/t02a08/a02/
2025-05-08 15:05:58,567 - INFO - 正在抓取: https://www.atmovies.com.tw/showtime/t02a09/a02/
2025-05-08 15:05:58,684 - INFO - 確認電影院名稱: 新民生戲院
2025-05-08 15:05:58,686 - INFO - 在 新民生戲院 - 今天 找到 13 個場次
2025-05-08 15:05:58,686 - INFO - 正在抓取: https://www.atmovies.com.tw/showtime/t02a07/a02/20250509/
2025-05-08 15:05:58,715 - INFO - 確認電影院名稱: 微風影城
2025-05-08 15:05:58,716 - INFO - 在 微風影城 - 今天 找到 11 個場次
2025-05-08 15:05:58,716 - INFO - 正在抓取: https://www.atmovies.com.tw/showtime/t02a03/a02/20250509/
2025-05-08 15:05:58,736 - INFO - 確認電影院名稱: 誠品電影院
2025-05-08 15:05:58,737 - INFO - 在 誠品電影院 - 今天 找到 14 個場次
2025-05-08 15:05:58,737 - INFO - 正在抓取: https://www.atmovies.com.tw/showtime/t02a08/a02/20250509/
2025-05-08 15:05:58,772 - INFO - 確認電影院名稱: 喜樂時代影城
2025-05-08 15:05:58,776 - INFO - 在 喜樂時代影城 - 今天 找到 140 個場次
2025-05-08 15:05:58,776 - INFO - 正在抓取: https://www.atmovies.com.tw/showtime/t02a09/a02/20250509/
2025-05-08 15:05:58,869 - INFO - 確認電影院名稱: 新民生戲院
2025-05-08 15:05:58,869 - INFO - 在 新民生戲院 - 明天 找到 0 個場次
2025-05-08 15:05:58,869 - INFO - 由於 新民生戲院 在 明天 沒有場次資料，跳過 後天 的資料收集
2025-05-08 15:05:58,869 - INFO - 完成電影院 新民生戲院 的資料收集
2025-05-08 15:05:58,869 - INFO - 正在抓取: https://www.atmovies.com.tw/showtime/t02b03/a02/
2025-05-08 15:05:58,928 - INFO - 確認電影院名稱: 微風影城
2025-05-08 15:05:58,928 - INFO - 在 微風影城 - 明天 找到 0 個場次
2025-05-08 15:05:58,928 - INFO - 由於 微風影城 在 明天 沒有場次資料，跳過 後天 的資料收集
2025-05-08 15:05:58,928 - INFO - 完成電影院 微風影城 的資料收集
2025-05-08 15:05:58,928 - INFO - 正在抓取: https://www.atmovies.com.tw/showtime/t02b14/a02/
2025-05-08 15:05:58,945 - INFO - 確認電影院名稱: 樂聲影城
2025-05-08 15:05:58,946 - INFO - 在 樂聲影城 - 今天 找到 44 個場次
2025-05-08 15:05:58,946 - INFO - 正在抓取: https://www.atmovies.com.tw/showtime/t02b03/a02/20250509/
2025-05-08 15:05:59,016 - INFO - 確認電影院名稱: 台北京站威秀
2025-05-08 15:05:59,017 - INFO - 在 台北京站威秀 - 今天 找到 53 個場次
2025-05-08 15:05:59,017 - INFO - 正在抓取: https://www.atmovies.com.tw/showtime/t02b14/a02/20250509/
2025-05-08 15:05:59,024 - INFO - 確認電影院名稱: 喜樂時代影城
2025-05-08 15:05:59,025 - INFO - 在 喜樂時代影城 - 明天 找到 0 個場次
2025-05-08 15:05:59,025 - INFO - 由於 喜樂時代影城 在 明天 沒有場次資料，跳過 後天 的資料收集
2025-05-08 15:05:59,025 - INFO - 完成電影院 喜樂時代影城 的資料收集
2025-05-08 15:05:59,025 - INFO - 正在抓取: https://www.atmovies.com.tw/showtime/t02b01/a02/
2025-05-08 15:05:59,197 - INFO - 確認電影院名稱: 國賓戲院
2025-05-08 15:05:59,198 - INFO - 在 國賓戲院 - 今天 找到 14 個場次
2025-05-08 15:05:59,198 - INFO - 正在抓取: https://www.atmovies.com.tw/showtime/t02b01/a02/20250509/
2025-05-08 15:05:59,388 - INFO - 確認電影院名稱: 誠品電影院
2025-05-08 15:05:59,388 - INFO - 在 誠品電影院 - 明天 找到 0 個場次
2025-05-08 15:05:59,388 - INFO - 由於 誠品電影院 在 明天 沒有場次資料，跳過 後天 的資料收集
2025-05-08 15:05:59,388 - INFO - 完成電影院 誠品電影院 的資料收集
2025-05-08 15:05:59,389 - INFO - 正在抓取: https://www.atmovies.com.tw/showtime/t02b08/a02/
2025-05-08 15:05:59,408 - INFO - 確認電影院名稱: 台北京站威秀
2025-05-08 15:05:59,408 - INFO - 在 台北京站威秀 - 明天 找到 0 個場次
2025-05-08 15:05:59,408 - INFO - 由於 台北京站威秀 在 明天 沒有場次資料，跳過 後天 的資料收集
2025-05-08 15:05:59,409 - INFO - 完成電影院 台北京站威秀 的資料收集
2025-05-08 15:05:59,409 - INFO - 正在抓取: https://www.atmovies.com.tw/showtime/t02b16/a02/
2025-05-08 15:05:59,454 - INFO - 確認電影院名稱: 國賓戲院
2025-05-08 15:05:59,455 - INFO - 在 國賓戲院 - 明天 找到 0 個場次
2025-05-08 15:05:59,455 - INFO - 由於 國賓戲院 在 明天 沒有場次資料，跳過 後天 的資料收集
2025-05-08 15:05:59,455 - INFO - 完成電影院 國賓戲院 的資料收集
2025-05-08 15:05:59,455 - INFO - 正在抓取: https://www.atmovies.com.tw/showtime/t02c01/a02/
2025-05-08 15:05:59,527 - INFO - 確認電影院名稱: 台北西門威秀影城
2025-05-08 15:05:59,529 - INFO - 在 台北西門威秀影城 - 今天 找到 52 個場次
2025-05-08 15:05:59,529 - INFO - 正在抓取: https://www.atmovies.com.tw/showtime/t02b08/a02/20250509/
2025-05-08 15:05:59,553 - INFO - 確認電影院名稱: 台北信義威秀
2025-05-08 15:05:59,555 - INFO - 在 台北信義威秀 - 今天 找到 77 個場次
2025-05-08 15:05:59,555 - INFO - 正在抓取: https://www.atmovies.com.tw/showtime/t02a01/a02/20250509/
2025-05-08 15:05:59,563 - INFO - 確認電影院名稱: 樂聲影城
2025-05-08 15:05:59,563 - INFO - 在 樂聲影城 - 明天 找到 0 個場次
2025-05-08 15:05:59,563 - INFO - 由於 樂聲影城 在 明天 沒有場次資料，跳過 後天 的資料收集
2025-05-08 15:05:59,563 - INFO - 完成電影院 樂聲影城 的資料收集
2025-05-08 15:05:59,570 - INFO - 確認電影院名稱: 光點華山電影館
2025-05-08 15:05:59,571 - INFO - 在 光點華山電影館 - 今天 找到 0 個場次
2025-05-08 15:05:59,571 - INFO - 由於 光點華山電影館 在 今天 沒有場次資料，跳過 明天 的資料收集
2025-05-08 15:05:59,571 - INFO - 由於 光點華山電影館 在 明天 沒有場次資料，跳過 後天 的資料收集
2025-05-08 15:05:59,571 - INFO - 完成電影院 光點華山電影館 的資料收集
2025-05-08 15:05:59,586 - INFO - 確認電影院名稱: 百老匯影城公館店
2025-05-08 15:05:59,589 - INFO - 在 百老匯影城公館店 - 今天 找到 61 個場次
2025-05-08 15:05:59,589 - INFO - 正在抓取: https://www.atmovies.com.tw/showtime/t02c01/a02/20250509/
2025-05-08 15:05:59,589 - INFO - 正在抓取: https://www.atmovies.com.tw/showtime/t02d03/a02/
2025-05-08 15:05:59,589 - INFO - 正在抓取: https://www.atmovies.com.tw/showtime/t02d02/a02/
2025-05-08 15:05:59,739 - INFO - 確認電影院名稱: 國賓長春影城
2025-05-08 15:05:59,742 - INFO - 在 國賓長春影城 - 今天 找到 82 個場次
2025-05-08 15:05:59,742 - INFO - 正在抓取: https://www.atmovies.com.tw/showtime/t02d02/a02/20250509/
2025-05-08 15:05:59,761 - INFO - 確認電影院名稱: 欣欣秀泰影城
2025-05-08 15:05:59,763 - INFO - 在 欣欣秀泰影城 - 今天 找到 69 個場次
2025-05-08 15:05:59,763 - INFO - 正在抓取: https://www.atmovies.com.tw/showtime/t02d03/a02/20250509/
2025-05-08 15:05:59,825 - INFO - 確認電影院名稱: 台北西門威秀影城
2025-05-08 15:05:59,826 - INFO - 在 台北西門威秀影城 - 明天 找到 0 個場次
2025-05-08 15:05:59,826 - INFO - 由於 台北西門威秀影城 在 明天 沒有場次資料，跳過 後天 的資料收集
2025-05-08 15:05:59,826 - INFO - 完成電影院 台北西門威秀影城 的資料收集
2025-05-08 15:05:59,826 - INFO - 正在抓取: https://www.atmovies.com.tw/showtime/t02e12/a02/
2025-05-08 15:05:59,836 - INFO - 確認電影院名稱: 百老匯影城公館店
2025-05-08 15:05:59,837 - INFO - 在 百老匯影城公館店 - 明天 找到 0 個場次
2025-05-08 15:05:59,837 - INFO - 由於 百老匯影城公館店 在 明天 沒有場次資料，跳過 後天 的資料收集
2025-05-08 15:05:59,837 - INFO - 完成電影院 百老匯影城公館店 的資料收集
2025-05-08 15:05:59,837 - INFO - 正在抓取: https://www.atmovies.com.tw/showtime/t02e03/a02/
2025-05-08 15:05:59,864 - INFO - 確認電影院名稱: 台北信義威秀
2025-05-08 15:05:59,865 - INFO - 在 台北信義威秀 - 明天 找到 0 個場次
2025-05-08 15:05:59,865 - INFO - 由於 台北信義威秀 在 明天 沒有場次資料，跳過 後天 的資料收集
2025-05-08 15:05:59,865 - INFO - 完成電影院 台北信義威秀 的資料收集
2025-05-08 15:05:59,865 - INFO - 正在抓取: https://www.atmovies.com.tw/showtime/t02e09/a02/
2025-05-08 15:05:59,900 - INFO - 確認電影院名稱: 欣欣秀泰影城
2025-05-08 15:05:59,901 - INFO - 在 欣欣秀泰影城 - 明天 找到 0 個場次
2025-05-08 15:05:59,901 - INFO - 由於 欣欣秀泰影城 在 明天 沒有場次資料，跳過 後天 的資料收集
2025-05-08 15:05:59,901 - INFO - 完成電影院 欣欣秀泰影城 的資料收集
2025-05-08 15:05:59,901 - INFO - 正在抓取: https://www.atmovies.com.tw/showtime/t02e04/a02/
2025-05-08 15:05:59,950 - INFO - 確認電影院名稱: 林口三井OUTLET威秀影城
2025-05-08 15:05:59,956 - INFO - 在 林口三井OUTLET威秀影城 - 今天 找到 45 個場次
2025-05-08 15:05:59,956 - INFO - 正在抓取: https://www.atmovies.com.tw/showtime/t02e12/a02/20250509/
2025-05-08 15:05:59,973 - INFO - 確認電影院名稱: 板橋秀泰影城
2025-05-08 15:05:59,975 - INFO - 在 板橋秀泰影城 - 今天 找到 76 個場次
2025-05-08 15:05:59,976 - INFO - 正在抓取: https://www.atmovies.com.tw/showtime/t02e09/a02/20250509/
2025-05-08 15:05:59,986 - INFO - 確認電影院名稱: 新莊鴻金寶麻吉影城
2025-05-08 15:05:59,987 - INFO - 在 新莊鴻金寶麻吉影城 - 今天 找到 34 個場次
2025-05-08 15:05:59,987 - INFO - 正在抓取: https://www.atmovies.com.tw/showtime/t02e03/a02/20250509/
2025-05-08 15:06:00,054 - INFO - 確認電影院名稱: 國賓長春影城
2025-05-08 15:06:00,054 - INFO - 在 國賓長春影城 - 明天 找到 0 個場次
2025-05-08 15:06:00,054 - INFO - 由於 國賓長春影城 在 明天 沒有場次資料，跳過 後天 的資料收集
2025-05-08 15:06:00,054 - INFO - 完成電影院 國賓長春影城 的資料收集
2025-05-08 15:06:00,054 - INFO - 正在抓取: https://www.atmovies.com.tw/showtime/t02e15/a02/
2025-05-08 15:06:00,064 - INFO - 確認電影院名稱: 三重天台戲院
2025-05-08 15:06:00,064 - INFO - 在 三重天台戲院 - 今天 找到 28 個場次
2025-05-08 15:06:00,064 - INFO - 正在抓取: https://www.atmovies.com.tw/showtime/t02e04/a02/20250509/
2025-05-08 15:06:00,180 - INFO - 確認電影院名稱: 土城秀泰影城
2025-05-08 15:06:00,181 - INFO - 在 土城秀泰影城 - 今天 找到 39 個場次
2025-05-08 15:06:00,181 - INFO - 正在抓取: https://www.atmovies.com.tw/showtime/t02e15/a02/20250509/
2025-05-08 15:06:00,212 - INFO - 確認電影院名稱: 板橋秀泰影城
2025-05-08 15:06:00,212 - INFO - 在 板橋秀泰影城 - 明天 找到 0 個場次
2025-05-08 15:06:00,213 - INFO - 由於 板橋秀泰影城 在 明天 沒有場次資料，跳過 後天 的資料收集
2025-05-08 15:06:00,213 - INFO - 完成電影院 板橋秀泰影城 的資料收集
2025-05-08 15:06:00,213 - INFO - 正在抓取: https://www.atmovies.com.tw/showtime/t02e19/a02/
2025-05-08 15:06:00,253 - INFO - 確認電影院名稱: 林口三井OUTLET威秀影城
2025-05-08 15:06:00,254 - INFO - 在 林口三井OUTLET威秀影城 - 明天 找到 0 個場次
2025-05-08 15:06:00,254 - INFO - 由於 林口三井OUTLET威秀影城 在 明天 沒有場次資料，跳過 後天 的資料收集
2025-05-08 15:06:00,254 - INFO - 完成電影院 林口三井OUTLET威秀影城 的資料收集
2025-05-08 15:06:00,254 - INFO - 正在抓取: https://www.atmovies.com.tw/showtime/t02e20/a02/
2025-05-08 15:06:00,277 - INFO - 確認電影院名稱: 三重天台戲院
2025-05-08 15:06:00,278 - INFO - 在 三重天台戲院 - 明天 找到 0 個場次
2025-05-08 15:06:00,278 - INFO - 由於 三重天台戲院 在 明天 沒有場次資料，跳過 後天 的資料收集
2025-05-08 15:06:00,278 - INFO - 完成電影院 三重天台戲院 的資料收集
2025-05-08 15:06:00,278 - INFO - 正在抓取: https://www.atmovies.com.tw/showtime/t02e21/a02/
2025-05-08 15:06:00,323 - INFO - 確認電影院名稱: 美麗新宏匯影城
2025-05-08 15:06:00,325 - INFO - 在 美麗新宏匯影城 - 今天 找到 54 個場次
2025-05-08 15:06:00,325 - INFO - 正在抓取: https://www.atmovies.com.tw/showtime/t02e19/a02/20250509/
2025-05-08 15:06:00,338 - INFO - 確認電影院名稱: 中和環球威秀影城
2025-05-08 15:06:00,340 - INFO - 在 中和環球威秀影城 - 今天 找到 50 個場次
2025-05-08 15:06:00,340 - INFO - 正在抓取: https://www.atmovies.com.tw/showtime/t02e20/a02/20250509/
2025-05-08 15:06:00,356 - INFO - 確認電影院名稱: 新莊鴻金寶麻吉影城
2025-05-08 15:06:00,357 - INFO - 在 新莊鴻金寶麻吉影城 - 明天 找到 0 個場次
2025-05-08 15:06:00,357 - INFO - 由於 新莊鴻金寶麻吉影城 在 明天 沒有場次資料，跳過 後天 的資料收集
2025-05-08 15:06:00,357 - INFO - 完成電影院 新莊鴻金寶麻吉影城 的資料收集
2025-05-08 15:06:00,357 - INFO - 正在抓取: https://www.atmovies.com.tw/showtime/t02f05/a02/
2025-05-08 15:06:00,373 - INFO - 確認電影院名稱: 新店裕隆城威秀影城
2025-05-08 15:06:00,375 - INFO - 在 新店裕隆城威秀影城 - 今天 找到 71 個場次
2025-05-08 15:06:00,375 - INFO - 正在抓取: https://www.atmovies.com.tw/showtime/t02e21/a02/20250509/
2025-05-08 15:06:00,383 - INFO - 確認電影院名稱: 土城秀泰影城
2025-05-08 15:06:00,383 - INFO - 在 土城秀泰影城 - 明天 找到 0 個場次
2025-05-08 15:06:00,383 - INFO - 由於 土城秀泰影城 在 明天 沒有場次資料，跳過 後天 的資料收集
2025-05-08 15:06:00,383 - INFO - 完成電影院 土城秀泰影城 的資料收集
2025-05-08 15:06:00,383 - INFO - 正在抓取: https://www.atmovies.com.tw/showtime/t02a11/a02/
2025-05-08 15:06:00,450 - INFO - 確認電影院名稱: 景美佳佳戲院
2025-05-08 15:06:00,451 - INFO - 在 景美佳佳戲院 - 今天 找到 15 個場次
2025-05-08 15:06:00,451 - INFO - 正在抓取: https://www.atmovies.com.tw/showtime/t02f05/a02/20250509/
2025-05-08 15:06:00,490 - INFO - 確認電影院名稱: MUVIE CINEMAS台北松仁威秀
2025-05-08 15:06:00,491 - INFO - 在 MUVIE CINEMAS台北松仁威秀 - 今天 找到 41 個場次
2025-05-08 15:06:00,491 - INFO - 正在抓取: https://www.atmovies.com.tw/showtime/t02a11/a02/20250509/
2025-05-08 15:06:00,646 - INFO - 確認電影院名稱: 新店裕隆城威秀影城
2025-05-08 15:06:00,646 - INFO - 在 新店裕隆城威秀影城 - 明天 找到 0 個場次
2025-05-08 15:06:00,646 - INFO - 由於 新店裕隆城威秀影城 在 明天 沒有場次資料，跳過 後天 的資料收集
2025-05-08 15:06:00,646 - INFO - 完成電影院 新店裕隆城威秀影城 的資料收集
2025-05-08 15:06:00,647 - INFO - 正在抓取: https://www.atmovies.com.tw/showtime/t02b05/a02/
2025-05-08 15:06:00,653 - INFO - 確認電影院名稱: 美麗新宏匯影城
2025-05-08 15:06:00,654 - INFO - 在 美麗新宏匯影城 - 明天 找到 0 個場次
2025-05-08 15:06:00,654 - INFO - 由於 美麗新宏匯影城 在 明天 沒有場次資料，跳過 後天 的資料收集
2025-05-08 15:06:00,654 - INFO - 完成電影院 美麗新宏匯影城 的資料收集
2025-05-08 15:06:00,654 - INFO - 正在抓取: https://www.atmovies.com.tw/showtime/t02b12/a02/
2025-05-08 15:06:00,665 - INFO - 確認電影院名稱: 中和環球威秀影城
2025-05-08 15:06:00,665 - INFO - 在 中和環球威秀影城 - 明天 找到 0 個場次
2025-05-08 15:06:00,665 - INFO - 由於 中和環球威秀影城 在 明天 沒有場次資料，跳過 後天 的資料收集
2025-05-08 15:06:00,665 - INFO - 完成電影院 中和環球威秀影城 的資料收集
2025-05-08 15:06:00,665 - INFO - 正在抓取: https://www.atmovies.com.tw/showtime/t02b07/a02/
2025-05-08 15:06:00,705 - INFO - 確認電影院名稱: MUVIE CINEMAS台北松仁威秀
2025-05-08 15:06:00,706 - INFO - 在 MUVIE CINEMAS台北松仁威秀 - 明天 找到 0 個場次
2025-05-08 15:06:00,706 - INFO - 由於 MUVIE CINEMAS台北松仁威秀 在 明天 沒有場次資料，跳過 後天 的資料收集
2025-05-08 15:06:00,706 - INFO - 完成電影院 MUVIE CINEMAS台北松仁威秀 的資料收集
2025-05-08 15:06:00,706 - INFO - 正在抓取: https://www.atmovies.com.tw/showtime/t02b06/a02/
2025-05-08 15:06:00,749 - INFO - 確認電影院名稱: 景美佳佳戲院
2025-05-08 15:06:00,750 - INFO - 在 景美佳佳戲院 - 明天 找到 0 個場次
2025-05-08 15:06:00,750 - INFO - 由於 景美佳佳戲院 在 明天 沒有場次資料，跳過 後天 的資料收集
2025-05-08 15:06:00,750 - INFO - 完成電影院 景美佳佳戲院 的資料收集
2025-05-08 15:06:00,750 - INFO - 正在抓取: https://www.atmovies.com.tw/showtime/t02d05/a02/
2025-05-08 15:06:00,764 - INFO - 確認電影院名稱: in89豪華數位影城
2025-05-08 15:06:00,766 - INFO - 在 in89豪華數位影城 - 今天 找到 55 個場次
2025-05-08 15:06:00,766 - INFO - 正在抓取: https://www.atmovies.com.tw/showtime/t02b12/a02/20250509/
2025-05-08 15:06:00,775 - INFO - 確認電影院名稱: 台北新光影城
2025-05-08 15:06:00,776 - INFO - 在 台北新光影城 - 今天 找到 9 個場次
2025-05-08 15:06:00,776 - INFO - 正在抓取: https://www.atmovies.com.tw/showtime/t02b05/a02/20250509/
2025-05-08 15:06:00,786 - INFO - 確認電影院名稱: 真善美戲院
2025-05-08 15:06:00,787 - INFO - 在 真善美戲院 - 今天 找到 13 個場次
2025-05-08 15:06:00,787 - INFO - 正在抓取: https://www.atmovies.com.tw/showtime/t02b07/a02/20250509/
2025-05-08 15:06:00,814 - INFO - 確認電影院名稱: 喜樂時代影城西門今日店
2025-05-08 15:06:00,817 - INFO - 在 喜樂時代影城西門今日店 - 今天 找到 54 個場次
2025-05-08 15:06:00,817 - INFO - 正在抓取: https://www.atmovies.com.tw/showtime/t02b06/a02/20250509/
2025-05-08 15:06:00,842 - INFO - 確認電影院名稱: 美麗華大直
2025-05-08 15:06:00,844 - INFO - 在 美麗華大直 - 今天 找到 62 個場次
2025-05-08 15:06:00,844 - INFO - 正在抓取: https://www.atmovies.com.tw/showtime/t02d05/a02/20250509/
2025-05-08 15:06:00,925 - INFO - 確認電影院名稱: in89豪華數位影城
2025-05-08 15:06:00,926 - INFO - 在 in89豪華數位影城 - 明天 找到 0 個場次
2025-05-08 15:06:00,926 - INFO - 由於 in89豪華數位影城 在 明天 沒有場次資料，跳過 後天 的資料收集
2025-05-08 15:06:00,926 - INFO - 完成電影院 in89豪華數位影城 的資料收集
2025-05-08 15:06:00,926 - INFO - 正在抓取: https://www.atmovies.com.tw/showtime/t02e11/a02/
2025-05-08 15:06:00,933 - INFO - 確認電影院名稱: 真善美戲院
2025-05-08 15:06:00,933 - INFO - 在 真善美戲院 - 明天 找到 0 個場次
2025-05-08 15:06:00,933 - INFO - 由於 真善美戲院 在 明天 沒有場次資料，跳過 後天 的資料收集
2025-05-08 15:06:00,933 - INFO - 完成電影院 真善美戲院 的資料收集
2025-05-08 15:06:00,933 - INFO - 正在抓取: https://www.atmovies.com.tw/showtime/t02e13/a02/
2025-05-08 15:06:00,955 - INFO - 確認電影院名稱: 美麗華大直
2025-05-08 15:06:00,955 - INFO - 在 美麗華大直 - 明天 找到 0 個場次
2025-05-08 15:06:00,955 - INFO - 由於 美麗華大直 在 明天 沒有場次資料，跳過 後天 的資料收集
2025-05-08 15:06:00,955 - INFO - 完成電影院 美麗華大直 的資料收集
2025-05-08 15:06:00,955 - INFO - 正在抓取: https://www.atmovies.com.tw/showtime/t02e18/a02/
2025-05-08 15:06:00,980 - INFO - 確認電影院名稱: 台北新光影城
2025-05-08 15:06:00,980 - INFO - 在 台北新光影城 - 明天 找到 0 個場次
2025-05-08 15:06:00,980 - INFO - 由於 台北新光影城 在 明天 沒有場次資料，跳過 後天 的資料收集
2025-05-08 15:06:00,980 - INFO - 完成電影院 台北新光影城 的資料收集
2025-05-08 15:06:00,980 - INFO - 正在抓取: https://www.atmovies.com.tw/showtime/t02e17/a02/
2025-05-08 15:06:00,995 - INFO - 確認電影院名稱: 國賓新莊晶冠廣場影城
2025-05-08 15:06:00,997 - INFO - 在 國賓新莊晶冠廣場影城 - 今天 找到 70 個場次
2025-05-08 15:06:00,997 - INFO - 正在抓取: https://www.atmovies.com.tw/showtime/t02e11/a02/20250509/
2025-05-08 15:06:01,022 - INFO - 確認電影院名稱: 樹林秀泰影城
2025-05-08 15:06:01,024 - INFO - 在 樹林秀泰影城 - 今天 找到 58 個場次
2025-05-08 15:06:01,024 - INFO - 正在抓取: https://www.atmovies.com.tw/showtime/t02e13/a02/20250509/
2025-05-08 15:06:01,031 - INFO - 確認電影院名稱: 喜樂時代影城西門今日店
2025-05-08 15:06:01,032 - INFO - 在 喜樂時代影城西門今日店 - 明天 找到 0 個場次
2025-05-08 15:06:01,032 - INFO - 由於 喜樂時代影城西門今日店 在 明天 沒有場次資料，跳過 後天 的資料收集
2025-05-08 15:06:01,032 - INFO - 完成電影院 喜樂時代影城西門今日店 的資料收集
2025-05-08 15:06:01,032 - INFO - 正在抓取: https://www.atmovies.com.tw/showtime/t02e22/a02/
2025-05-08 15:06:01,044 - INFO - 確認電影院名稱: 國賓影城淡水禮萊廣場
2025-05-08 15:06:01,046 - INFO - 在 國賓影城淡水禮萊廣場 - 今天 找到 38 個場次
2025-05-08 15:06:01,046 - INFO - 正在抓取: https://www.atmovies.com.tw/showtime/t02e18/a02/20250509/
2025-05-08 15:06:01,064 - INFO - 確認電影院名稱: 永和喜樂時代影城
2025-05-08 15:06:01,066 - INFO - 在 永和喜樂時代影城 - 今天 找到 77 個場次
2025-05-08 15:06:01,066 - INFO - 正在抓取: https://www.atmovies.com.tw/showtime/t02e17/a02/20250509/
2025-05-08 15:06:01,132 - INFO - 確認電影院名稱: 國家電影及視聽文化中心
2025-05-08 15:06:01,133 - INFO - 在 國家電影及視聽文化中心 - 今天 找到 0 個場次
2025-05-08 15:06:01,133 - INFO - 由於 國家電影及視聽文化中心 在 今天 沒有場次資料，跳過 明天 的資料收集
2025-05-08 15:06:01,133 - INFO - 由於 國家電影及視聽文化中心 在 明天 沒有場次資料，跳過 後天 的資料收集
2025-05-08 15:06:01,133 - INFO - 完成電影院 國家電影及視聽文化中心 的資料收集
2025-05-08 15:06:01,133 - INFO - 正在抓取: https://www.atmovies.com.tw/showtime/t02d04/a02/
2025-05-08 15:06:01,148 - INFO - 確認電影院名稱: 國賓新莊晶冠廣場影城
2025-05-08 15:06:01,148 - INFO - 在 國賓新莊晶冠廣場影城 - 明天 找到 0 個場次
2025-05-08 15:06:01,148 - INFO - 由於 國賓新莊晶冠廣場影城 在 明天 沒有場次資料，跳過 後天 的資料收集
2025-05-08 15:06:01,148 - INFO - 完成電影院 國賓新莊晶冠廣場影城 的資料收集
2025-05-08 15:06:01,148 - INFO - 正在抓取: https://www.atmovies.com.tw/showtime/t02d06/a02/
2025-05-08 15:06:01,184 - INFO - 確認電影院名稱: 國賓影城淡水禮萊廣場
2025-05-08 15:06:01,184 - INFO - 在 國賓影城淡水禮萊廣場 - 明天 找到 0 個場次
2025-05-08 15:06:01,184 - INFO - 由於 國賓影城淡水禮萊廣場 在 明天 沒有場次資料，跳過 後天 的資料收集
2025-05-08 15:06:01,184 - INFO - 完成電影院 國賓影城淡水禮萊廣場 的資料收集
2025-05-08 15:06:01,184 - INFO - 正在抓取: https://www.atmovies.com.tw/showtime/t02d20/a02/
2025-05-08 15:06:01,197 - INFO - 確認電影院名稱: 永和喜樂時代影城
2025-05-08 15:06:01,198 - INFO - 在 永和喜樂時代影城 - 明天 找到 0 個場次
2025-05-08 15:06:01,198 - INFO - 由於 永和喜樂時代影城 在 明天 沒有場次資料，跳過 後天 的資料收集
2025-05-08 15:06:01,198 - INFO - 完成電影院 永和喜樂時代影城 的資料收集
2025-05-08 15:06:01,198 - INFO - 正在抓取: https://www.atmovies.com.tw/showtime/t02e07/a02/
2025-05-08 15:06:01,225 - INFO - 確認電影院名稱: 台北天母新光影城
2025-05-08 15:06:01,226 - INFO - 在 台北天母新光影城 - 今天 找到 39 個場次
2025-05-08 15:06:01,226 - INFO - 正在抓取: https://www.atmovies.com.tw/showtime/t02d04/a02/20250509/
2025-05-08 15:06:01,270 - INFO - 確認電影院名稱: 美麗新大直皇家影城
2025-05-08 15:06:01,271 - INFO - 在 美麗新大直皇家影城 - 今天 找到 35 個場次
2025-05-08 15:06:01,271 - INFO - 正在抓取: https://www.atmovies.com.tw/showtime/t02d06/a02/20250509/
2025-05-08 15:06:01,282 - INFO - 確認電影院名稱: 光點台北電影院
2025-05-08 15:06:01,283 - INFO - 在 光點台北電影院 - 今天 找到 6 個場次
2025-05-08 15:06:01,283 - INFO - 正在抓取: https://www.atmovies.com.tw/showtime/t02d20/a02/20250509/
2025-05-08 15:06:01,297 - INFO - 確認電影院名稱: 樹林秀泰影城
2025-05-08 15:06:01,298 - INFO - 在 樹林秀泰影城 - 明天 找到 0 個場次
2025-05-08 15:06:01,298 - INFO - 由於 樹林秀泰影城 在 明天 沒有場次資料，跳過 後天 的資料收集
2025-05-08 15:06:01,298 - INFO - 完成電影院 樹林秀泰影城 的資料收集
2025-05-08 15:06:01,298 - INFO - 正在抓取: https://www.atmovies.com.tw/showtime/t02a05/a02/
2025-05-08 15:06:01,355 - INFO - 確認電影院名稱: 板橋大遠百威秀影城
2025-05-08 15:06:01,357 - INFO - 在 板橋大遠百威秀影城 - 今天 找到 48 個場次
2025-05-08 15:06:01,357 - INFO - 正在抓取: https://www.atmovies.com.tw/showtime/t02e07/a02/20250509/
2025-05-08 15:06:01,428 - INFO - 確認電影院名稱: 總督影城
2025-05-08 15:06:01,429 - INFO - 在 總督影城 - 今天 找到 6 個場次
2025-05-08 15:06:01,429 - INFO - 正在抓取: https://www.atmovies.com.tw/showtime/t02a05/a02/20250509/
2025-05-08 15:06:01,552 - INFO - 確認電影院名稱: 台北天母新光影城
2025-05-08 15:06:01,553 - INFO - 在 台北天母新光影城 - 明天 找到 0 個場次
2025-05-08 15:06:01,553 - INFO - 由於 台北天母新光影城 在 明天 沒有場次資料，跳過 後天 的資料收集
2025-05-08 15:06:01,553 - INFO - 完成電影院 台北天母新光影城 的資料收集
2025-05-08 15:06:01,553 - INFO - 正在抓取: https://www.atmovies.com.tw/showtime/t02e08/a02/
2025-05-08 15:06:01,617 - INFO - 確認電影院名稱: 美麗新大直皇家影城
2025-05-08 15:06:01,618 - INFO - 在 美麗新大直皇家影城 - 明天 找到 0 個場次
2025-05-08 15:06:01,618 - INFO - 由於 美麗新大直皇家影城 在 明天 沒有場次資料，跳過 後天 的資料收集
2025-05-08 15:06:01,618 - INFO - 完成電影院 美麗新大直皇家影城 的資料收集
2025-05-08 15:06:01,618 - INFO - 正在抓取: https://www.atmovies.com.tw/showtime/t02a12/a02/
2025-05-08 15:06:01,679 - INFO - 確認電影院名稱: 板橋大遠百威秀影城
2025-05-08 15:06:01,680 - INFO - 在 板橋大遠百威秀影城 - 明天 找到 0 個場次
2025-05-08 15:06:01,680 - INFO - 由於 板橋大遠百威秀影城 在 明天 沒有場次資料，跳過 後天 的資料收集
2025-05-08 15:06:01,680 - INFO - 完成電影院 板橋大遠百威秀影城 的資料收集
2025-05-08 15:06:01,680 - INFO - 正在抓取: https://www.atmovies.com.tw/showtime/t02a06/a02/
2025-05-08 15:06:01,705 - INFO - 確認電影院名稱: 府中15
2025-05-08 15:06:01,706 - INFO - 在 府中15 - 今天 找到 0 個場次
2025-05-08 15:06:01,706 - INFO - 由於 府中15 在 今天 沒有場次資料，跳過 明天 的資料收集
2025-05-08 15:06:01,706 - INFO - 由於 府中15 在 明天 沒有場次資料，跳過 後天 的資料收集
2025-05-08 15:06:01,706 - INFO - 完成電影院 府中15 的資料收集
2025-05-08 15:06:01,706 - INFO - 正在抓取: https://www.atmovies.com.tw/showtime/t02e10/a02/
2025-05-08 15:06:01,732 - INFO - 確認電影院名稱: 台北南港LaLaport威秀影城
2025-05-08 15:06:01,733 - INFO - 在 台北南港LaLaport威秀影城 - 今天 找到 0 個場次
2025-05-08 15:06:01,733 - INFO - 由於 台北南港LaLaport威秀影城 在 今天 沒有場次資料，跳過 明天 的資料收集
2025-05-08 15:06:01,733 - INFO - 由於 台北南港LaLaport威秀影城 在 明天 沒有場次資料，跳過 後天 的資料收集
2025-05-08 15:06:01,733 - INFO - 完成電影院 台北南港LaLaport威秀影城 的資料收集
2025-05-08 15:06:01,740 - INFO - 確認電影院名稱: 光點台北電影院
2025-05-08 15:06:01,741 - INFO - 在 光點台北電影院 - 明天 找到 0 個場次
2025-05-08 15:06:01,741 - INFO - 由於 光點台北電影院 在 明天 沒有場次資料，跳過 後天 的資料收集
2025-05-08 15:06:01,741 - INFO - 完成電影院 光點台北電影院 的資料收集
2025-05-08 15:06:01,760 - INFO - 確認電影院名稱: 總督影城
2025-05-08 15:06:01,760 - INFO - 在 總督影城 - 明天 找到 0 個場次
2025-05-08 15:06:01,760 - INFO - 由於 總督影城 在 明天 沒有場次資料，跳過 後天 的資料收集
2025-05-08 15:06:01,760 - INFO - 完成電影院 總督影城 的資料收集
2025-05-08 15:06:01,780 - INFO - 確認電影院名稱: 哈拉影城
2025-05-08 15:06:01,781 - INFO - 在 哈拉影城 - 今天 找到 51 個場次
2025-05-08 15:06:01,781 - INFO - 正在抓取: https://www.atmovies.com.tw/showtime/t02a06/a02/20250509/
2025-05-08 15:06:01,800 - INFO - 確認電影院名稱: 國賓林口昕境廣場
2025-05-08 15:06:01,801 - INFO - 在 國賓林口昕境廣場 - 今天 找到 38 個場次
2025-05-08 15:06:01,801 - INFO - 正在抓取: https://www.atmovies.com.tw/showtime/t02e10/a02/20250509/
2025-05-08 15:06:02,033 - INFO - 確認電影院名稱: 哈拉影城
2025-05-08 15:06:02,033 - INFO - 在 哈拉影城 - 明天 找到 0 個場次
2025-05-08 15:06:02,033 - INFO - 由於 哈拉影城 在 明天 沒有場次資料，跳過 後天 的資料收集
2025-05-08 15:06:02,033 - INFO - 完成電影院 哈拉影城 的資料收集
2025-05-08 15:06:02,103 - INFO - 確認電影院名稱: 國賓林口昕境廣場
2025-05-08 15:06:02,104 - INFO - 在 國賓林口昕境廣場 - 明天 找到 0 個場次
2025-05-08 15:06:02,104 - INFO - 由於 國賓林口昕境廣場 在 明天 沒有場次資料，跳過 後天 的資料收集
2025-05-08 15:06:02,104 - INFO - 完成電影院 國賓林口昕境廣場 的資料收集
2025-05-08 15:06:02,111 - INFO - 已將資料保存至 output/atmovies_showtimes.json
2025-05-08 15:06:02,113 - INFO - 已將資料保存至 output/atmovies_showtimes.csv
2025-05-08 15:06:02,113 - INFO - 爬蟲總耗時: 3.65 秒
