2025-05-16 22:55:57,734 - INFO - 開始執行 ATMovies 資料更新檢查爬蟲，時間: 2025-05-16 22:55:57
2025-05-16 22:55:57,734 - INFO - 將檢查最多 10 家電影院的資料。
2025-05-16 22:55:57,734 - INFO - 設置為抓取 3 天的場次資料 (今天、明天、後天)，最大並發請求數: 5
2025-05-16 22:55:57,734 - INFO - 目標區域設定為: 台北市 (Code: a02, URL: https://www.atmovies.com.tw/showtime/a02/)
2025-05-16 22:55:57,734 - INFO - 目標區域: 台北市
2025-05-16 22:55:57,734 - INFO - 正在獲取 台北市 的電影院列表從: https://www.atmovies.com.tw/showtime/a02/
2025-05-16 22:55:57,734 - INFO - 等待 3.61 秒後發送請求...
2025-05-16 22:56:01,344 - INFO - 正在抓取 (async): https://www.atmovies.com.tw/showtime/a02/
2025-05-16 22:56:11,480 - ERROR - 請求錯誤 (async): Type: SocketTimeoutError, Args: ('Timeout on reading data from socket',), OS Error: No OS error, Status: No status - https://www.atmovies.com.tw/showtime/a02/
2025-05-16 22:56:11,482 - INFO - 等待 3.9 秒後重試 (async)... https://www.atmovies.com.tw/showtime/a02/
2025-05-16 22:56:15,393 - INFO - 等待 1.07 秒後發送請求...
2025-05-16 22:56:16,462 - INFO - 正在抓取 (async): https://www.atmovies.com.tw/showtime/a02/
2025-05-16 22:56:26,585 - ERROR - 請求錯誤 (async): Type: SocketTimeoutError, Args: ('Timeout on reading data from socket',), OS Error: No OS error, Status: No status - https://www.atmovies.com.tw/showtime/a02/
2025-05-16 22:56:26,586 - INFO - 等待 6.2 秒後重試 (async)... https://www.atmovies.com.tw/showtime/a02/
2025-05-16 22:56:32,817 - INFO - 等待 2.47 秒後發送請求...
2025-05-16 22:56:35,290 - INFO - 正在抓取 (async): https://www.atmovies.com.tw/showtime/a02/
2025-05-16 22:56:48,402 - ERROR - 請求錯誤 (async): Type: SocketTimeoutError, Args: ('Timeout on reading data from socket',), OS Error: No OS error, Status: No status - https://www.atmovies.com.tw/showtime/a02/
2025-05-16 22:56:48,403 - INFO - 等待 9.3 秒後重試 (async)... https://www.atmovies.com.tw/showtime/a02/
2025-05-16 22:56:57,742 - INFO - 等待 2.40 秒後發送請求...
2025-05-16 22:57:00,146 - INFO - 正在抓取 (async): https://www.atmovies.com.tw/showtime/a02/
2025-05-16 22:57:10,299 - ERROR - 請求錯誤 (async): Type: SocketTimeoutError, Args: ('Timeout on reading data from socket',), OS Error: No OS error, Status: No status - https://www.atmovies.com.tw/showtime/a02/
2025-05-16 22:57:10,299 - ERROR - 已達最大重試次數，跳過 URL (async): https://www.atmovies.com.tw/showtime/a02/
2025-05-16 22:57:10,299 - ERROR - 無法獲取區域 台北市 的電影院列表頁面: https://www.atmovies.com.tw/showtime/a02/
2025-05-16 22:57:10,299 - ERROR - 在區域 台北市 中找不到任何電影院，爬蟲中止。
2025-05-16 22:57:10,300 - INFO - 資料更新檢查爬蟲總耗時: 72.57 秒 (1.21 分鐘)
2025-05-16 22:57:10,300 - INFO - 完成執行資料更新檢查爬蟲，時間: 2025-05-16 22:57:10
