2025-05-17 15:20:31,591 - INFO - 成功連接到資料庫
2025-05-17 15:20:31,592 - INFO - 開始清空現有電影院資料...
2025-05-17 15:20:31,601 - INFO - 已清空現有的電影院資料
2025-05-17 15:20:31,601 - INFO - 開始爬取地區: a01, URL: https://www.atmovies.com.tw/showtime/a01/
2025-05-17 15:21:02,909 - INFO - 在地區 a01 中找到 0 家電影院
2025-05-17 15:21:02,909 - INFO - 開始爬取地區: a02, URL: https://www.atmovies.com.tw/showtime/a02/
2025-05-17 15:21:10,772 - INFO - 在地區 a02 中找到 0 家電影院
2025-05-17 15:21:10,772 - INFO - 開始爬取地區: a03, URL: https://www.atmovies.com.tw/showtime/a03/
2025-05-17 15:21:30,342 - INFO - 在地區 a03 中找到 0 家電影院
2025-05-17 15:21:30,343 - INFO - 開始爬取地區: a35, URL: https://www.atmovies.com.tw/showtime/a35/
2025-05-17 15:21:34,522 - INFO - 在地區 a35 中找到 0 家電影院
2025-05-17 15:21:34,522 - INFO - 開始爬取地區: a37, URL: https://www.atmovies.com.tw/showtime/a37/
2025-05-17 15:21:35,209 - INFO - 在地區 a37 中找到 0 家電影院
2025-05-17 15:21:35,209 - INFO - 開始爬取地區: a04, URL: https://www.atmovies.com.tw/showtime/a04/
2025-05-17 15:21:44,723 - INFO - 在地區 a04 中找到 0 家電影院
2025-05-17 15:21:44,723 - INFO - 開始爬取地區: a47, URL: https://www.atmovies.com.tw/showtime/a47/
2025-05-17 15:21:44,770 - INFO - 在地區 a47 中找到 0 家電影院
2025-05-17 15:21:44,770 - INFO - 開始爬取地區: a45, URL: https://www.atmovies.com.tw/showtime/a45/
2025-05-17 15:21:44,818 - INFO - 在地區 a45 中找到 0 家電影院
2025-05-17 15:21:44,818 - INFO - 開始爬取地區: a49, URL: https://www.atmovies.com.tw/showtime/a49/
2025-05-17 15:21:44,889 - INFO - 在地區 a49 中找到 0 家電影院
2025-05-17 15:21:44,889 - INFO - 開始爬取地區: a05, URL: https://www.atmovies.com.tw/showtime/a05/
2025-05-17 15:21:45,276 - INFO - 在地區 a05 中找到 0 家電影院
2025-05-17 15:21:45,276 - INFO - 開始爬取地區: a06, URL: https://www.atmovies.com.tw/showtime/a06/
2025-05-17 15:21:45,385 - INFO - 在地區 a06 中找到 0 家電影院
2025-05-17 15:21:45,385 - INFO - 開始爬取地區: a07, URL: https://www.atmovies.com.tw/showtime/a07/
2025-05-17 15:21:45,485 - INFO - 在地區 a07 中找到 0 家電影院
2025-05-17 15:21:45,485 - INFO - 開始爬取地區: a39, URL: https://www.atmovies.com.tw/showtime/a39/
2025-05-17 15:21:45,532 - INFO - 在地區 a39 中找到 0 家電影院
2025-05-17 15:21:45,532 - INFO - 開始爬取地區: a38, URL: https://www.atmovies.com.tw/showtime/a38/
2025-05-17 15:21:45,963 - INFO - 在地區 a38 中找到 0 家電影院
2025-05-17 15:21:45,963 - INFO - 開始爬取地區: a89, URL: https://www.atmovies.com.tw/showtime/a89/
2025-05-17 15:21:46,019 - INFO - 在地區 a89 中找到 0 家電影院
2025-05-17 15:21:46,019 - INFO - 開始爬取地區: a87, URL: https://www.atmovies.com.tw/showtime/a87/
2025-05-17 15:21:46,066 - INFO - 在地區 a87 中找到 0 家電影院
2025-05-17 15:21:46,066 - INFO - 開始爬取地區: a69, URL: https://www.atmovies.com.tw/showtime/a69/
2025-05-17 15:21:46,120 - INFO - 在地區 a69 中找到 0 家電影院
2025-05-17 15:21:46,120 - INFO - 開始爬取地區: a68, URL: https://www.atmovies.com.tw/showtime/a68/
2025-05-17 15:21:46,546 - INFO - 在地區 a68 中找到 0 家電影院
2025-05-17 15:21:46,546 - INFO - 開始儲存 0 家電影院到資料庫...
2025-05-17 15:21:46,546 - INFO - 電影院爬取完成，共處理 0 家電影院
2025-05-17 15:30:25,519 - INFO - 成功連接到資料庫
2025-05-17 15:30:25,519 - INFO - 開始清空現有電影院資料...
2025-05-17 15:30:25,528 - INFO - 已清空現有的電影院資料
2025-05-17 15:30:25,529 - INFO - 開始爬取地區: a01, URL: https://www.atmovies.com.tw/showtime/a01/
2025-05-17 15:30:25,836 - INFO - 在地區 a01 中找到 0 家電影院
2025-05-17 15:30:25,836 - INFO - 開始爬取地區: a02, URL: https://www.atmovies.com.tw/showtime/a02/
2025-05-17 15:30:25,953 - INFO - 在地區 a02 中找到 0 家電影院
2025-05-17 15:30:25,953 - INFO - 開始爬取地區: a03, URL: https://www.atmovies.com.tw/showtime/a03/
2025-05-17 15:30:26,091 - INFO - 在地區 a03 中找到 0 家電影院
2025-05-17 15:30:26,091 - INFO - 開始爬取地區: a35, URL: https://www.atmovies.com.tw/showtime/a35/
2025-05-17 15:30:26,166 - INFO - 在地區 a35 中找到 0 家電影院
2025-05-17 15:30:26,166 - INFO - 開始爬取地區: a37, URL: https://www.atmovies.com.tw/showtime/a37/
2025-05-17 15:30:26,711 - INFO - 在地區 a37 中找到 0 家電影院
2025-05-17 15:30:26,711 - INFO - 開始爬取地區: a04, URL: https://www.atmovies.com.tw/showtime/a04/
2025-05-17 15:30:26,936 - INFO - 在地區 a04 中找到 0 家電影院
2025-05-17 15:30:26,936 - INFO - 開始爬取地區: a47, URL: https://www.atmovies.com.tw/showtime/a47/
2025-05-17 15:30:27,201 - INFO - 在地區 a47 中找到 0 家電影院
2025-05-17 15:30:27,201 - INFO - 開始爬取地區: a45, URL: https://www.atmovies.com.tw/showtime/a45/
2025-05-17 15:30:27,572 - INFO - 在地區 a45 中找到 0 家電影院
2025-05-17 15:30:27,573 - INFO - 開始爬取地區: a49, URL: https://www.atmovies.com.tw/showtime/a49/
2025-05-17 15:30:28,257 - INFO - 在地區 a49 中找到 0 家電影院
2025-05-17 15:30:28,258 - INFO - 開始爬取地區: a05, URL: https://www.atmovies.com.tw/showtime/a05/
2025-05-17 15:30:28,487 - INFO - 在地區 a05 中找到 0 家電影院
2025-05-17 15:30:28,488 - INFO - 開始爬取地區: a06, URL: https://www.atmovies.com.tw/showtime/a06/
2025-05-17 15:30:28,778 - INFO - 在地區 a06 中找到 0 家電影院
2025-05-17 15:30:28,778 - INFO - 開始爬取地區: a07, URL: https://www.atmovies.com.tw/showtime/a07/
2025-05-17 15:30:29,713 - INFO - 在地區 a07 中找到 0 家電影院
2025-05-17 15:30:29,713 - INFO - 開始爬取地區: a39, URL: https://www.atmovies.com.tw/showtime/a39/
2025-05-17 15:30:29,913 - INFO - 在地區 a39 中找到 0 家電影院
2025-05-17 15:30:29,913 - INFO - 開始爬取地區: a38, URL: https://www.atmovies.com.tw/showtime/a38/
2025-05-17 15:30:32,767 - INFO - 在地區 a38 中找到 0 家電影院
2025-05-17 15:30:32,767 - INFO - 開始爬取地區: a89, URL: https://www.atmovies.com.tw/showtime/a89/
2025-05-17 15:30:33,284 - INFO - 在地區 a89 中找到 0 家電影院
2025-05-17 15:30:33,284 - INFO - 開始爬取地區: a87, URL: https://www.atmovies.com.tw/showtime/a87/
2025-05-17 15:30:33,633 - INFO - 在地區 a87 中找到 0 家電影院
2025-05-17 15:30:33,633 - INFO - 開始爬取地區: a69, URL: https://www.atmovies.com.tw/showtime/a69/
2025-05-17 15:30:33,750 - INFO - 在地區 a69 中找到 0 家電影院
2025-05-17 15:30:33,751 - INFO - 開始爬取地區: a68, URL: https://www.atmovies.com.tw/showtime/a68/
2025-05-17 15:30:33,876 - INFO - 在地區 a68 中找到 0 家電影院
2025-05-17 15:30:33,876 - INFO - 開始儲存 0 家電影院到資料庫...
2025-05-17 15:30:33,876 - INFO - 電影院爬取完成，共處理 0 家電影院
2025-05-17 17:05:21,902 - INFO - 成功連接到資料庫
2025-05-17 17:05:21,903 - INFO - 開始清空現有電影院資料...
2025-05-17 17:05:21,913 - INFO - 已清空現有的電影院資料
2025-05-17 17:05:21,914 - INFO - 開始爬取地區: a01, URL: https://www.atmovies.com.tw/showtime/a01/
2025-05-17 17:05:58,288 - INFO - 在地區 a01 中找到 1 家電影院
2025-05-17 17:05:58,790 - INFO - 開始爬取地區: a02, URL: https://www.atmovies.com.tw/showtime/a02/
2025-05-17 17:06:12,760 - INFO - 在地區 a02 中找到 42 家電影院
2025-05-17 17:06:33,802 - INFO - 開始爬取地區: a03, URL: https://www.atmovies.com.tw/showtime/a03/
2025-05-17 17:06:38,667 - INFO - 在地區 a03 中找到 11 家電影院
2025-05-17 17:08:20,625 - INFO - 開始爬取地區: a35, URL: https://www.atmovies.com.tw/showtime/a35/
2025-05-17 17:08:20,745 - INFO - 在地區 a35 中找到 3 家電影院
2025-05-17 17:08:22,630 - INFO - 開始爬取地區: a37, URL: https://www.atmovies.com.tw/showtime/a37/
2025-05-17 17:08:22,698 - INFO - 在地區 a37 中找到 1 家電影院
2025-05-17 17:08:23,311 - INFO - 開始爬取地區: a04, URL: https://www.atmovies.com.tw/showtime/a04/
2025-05-17 17:08:23,396 - INFO - 在地區 a04 中找到 14 家電影院
2025-05-17 17:08:43,645 - INFO - 開始爬取地區: a47, URL: https://www.atmovies.com.tw/showtime/a47/
2025-05-17 17:08:43,707 - INFO - 在地區 a47 中找到 1 家電影院
2025-05-17 17:08:44,376 - INFO - 開始爬取地區: a45, URL: https://www.atmovies.com.tw/showtime/a45/
2025-05-17 17:08:44,444 - INFO - 在地區 a45 中找到 2 家電影院
2025-05-17 17:08:45,625 - INFO - 開始爬取地區: a49, URL: https://www.atmovies.com.tw/showtime/a49/
2025-05-17 17:08:45,710 - INFO - 在地區 a49 中找到 2 家電影院
2025-05-17 17:08:46,897 - INFO - 開始爬取地區: a05, URL: https://www.atmovies.com.tw/showtime/a05/
2025-05-17 17:08:46,979 - INFO - 在地區 a05 中找到 3 家電影院
2025-05-17 17:08:49,029 - INFO - 開始爬取地區: a06, URL: https://www.atmovies.com.tw/showtime/a06/
2025-05-17 17:08:49,114 - INFO - 在地區 a06 中找到 8 家電影院
2025-05-17 17:08:54,106 - INFO - 開始爬取地區: a07, URL: https://www.atmovies.com.tw/showtime/a07/
2025-05-17 17:08:54,184 - INFO - 在地區 a07 中找到 13 家電影院
2025-05-17 17:09:03,061 - INFO - 開始爬取地區: a39, URL: https://www.atmovies.com.tw/showtime/a39/
2025-05-17 17:09:03,186 - INFO - 在地區 a39 中找到 4 家電影院
2025-05-17 17:09:05,972 - INFO - 開始爬取地區: a38, URL: https://www.atmovies.com.tw/showtime/a38/
2025-05-17 17:09:06,051 - INFO - 在地區 a38 中找到 3 家電影院
2025-05-17 17:09:07,850 - INFO - 開始爬取地區: a89, URL: https://www.atmovies.com.tw/showtime/a89/
2025-05-17 17:09:07,923 - INFO - 在地區 a89 中找到 1 家電影院
2025-05-17 17:09:08,498 - INFO - 開始爬取地區: a87, URL: https://www.atmovies.com.tw/showtime/a87/
2025-05-17 17:09:08,607 - INFO - 在地區 a87 中找到 2 家電影院
2025-05-17 17:09:09,863 - INFO - 開始爬取地區: a69, URL: https://www.atmovies.com.tw/showtime/a69/
2025-05-17 17:09:09,961 - INFO - 在地區 a69 中找到 1 家電影院
2025-05-17 17:09:10,580 - INFO - 開始爬取地區: a68, URL: https://www.atmovies.com.tw/showtime/a68/
2025-05-17 17:09:10,698 - INFO - 在地區 a68 中找到 2 家電影院
2025-05-17 17:09:11,875 - INFO - 開始儲存 114 家電影院到資料庫...
2025-05-17 17:09:11,876 - WARNING - 電影院缺少必要欄位 external_id: 基隆秀泰影城
2025-05-17 17:09:11,876 - WARNING - 電影院缺少必要欄位 external_id: 台北信義威秀
2025-05-17 17:09:11,876 - WARNING - 電影院缺少必要欄位 external_id: MUVIE CINEMAS台北松仁威秀
2025-05-17 17:09:11,876 - WARNING - 電影院缺少必要欄位 external_id: 新民生戲院
2025-05-17 17:09:11,876 - WARNING - 電影院缺少必要欄位 external_id: 台北南港LaLaport威秀影城
2025-05-17 17:09:11,876 - WARNING - 電影院缺少必要欄位 external_id: 喜樂時代影城
2025-05-17 17:09:11,877 - WARNING - 電影院缺少必要欄位 external_id: 微風影城
2025-05-17 17:09:11,877 - WARNING - 電影院缺少必要欄位 external_id: 誠品電影院
2025-05-17 17:09:11,877 - WARNING - 電影院缺少必要欄位 external_id: 總督影城
2025-05-17 17:09:11,877 - WARNING - 電影院缺少必要欄位 external_id: 哈拉影城
2025-05-17 17:09:11,877 - WARNING - 電影院缺少必要欄位 external_id: 國賓戲院
2025-05-17 17:09:11,877 - WARNING - 電影院缺少必要欄位 external_id: 樂聲影城
2025-05-17 17:09:11,877 - WARNING - 電影院缺少必要欄位 external_id: 台北新光影城
2025-05-17 17:09:11,878 - WARNING - 電影院缺少必要欄位 external_id: 台北京站威秀
2025-05-17 17:09:11,878 - WARNING - 電影院缺少必要欄位 external_id: in89豪華數位影城
2025-05-17 17:09:11,878 - WARNING - 電影院缺少必要欄位 external_id: 真善美戲院
2025-05-17 17:09:11,878 - WARNING - 電影院缺少必要欄位 external_id: 喜樂時代影城西門今日店
2025-05-17 17:09:11,878 - WARNING - 電影院缺少必要欄位 external_id: 台北西門威秀影城
2025-05-17 17:09:11,878 - WARNING - 電影院缺少必要欄位 external_id: 光點華山電影館
2025-05-17 17:09:11,878 - WARNING - 電影院缺少必要欄位 external_id: 百老匯影城公館店
2025-05-17 17:09:11,878 - WARNING - 電影院缺少必要欄位 external_id: 美麗華大直
2025-05-17 17:09:11,878 - WARNING - 電影院缺少必要欄位 external_id: 台北天母新光影城
2025-05-17 17:09:11,879 - WARNING - 電影院缺少必要欄位 external_id: 欣欣秀泰影城
2025-05-17 17:09:11,879 - WARNING - 電影院缺少必要欄位 external_id: 國賓長春影城
2025-05-17 17:09:11,879 - WARNING - 電影院缺少必要欄位 external_id: 美麗新大直皇家影城
2025-05-17 17:09:11,879 - WARNING - 電影院缺少必要欄位 external_id: 光點台北電影院
2025-05-17 17:09:11,879 - WARNING - 電影院缺少必要欄位 external_id: 板橋大遠百威秀影城
2025-05-17 17:09:11,879 - WARNING - 電影院缺少必要欄位 external_id: 林口三井OUTLET威秀影城
2025-05-17 17:09:11,879 - WARNING - 電影院缺少必要欄位 external_id: 新莊鴻金寶麻吉影城
2025-05-17 17:09:11,879 - WARNING - 電影院缺少必要欄位 external_id: 板橋秀泰影城
2025-05-17 17:09:11,879 - WARNING - 電影院缺少必要欄位 external_id: 三重天台戲院
2025-05-17 17:09:11,880 - WARNING - 電影院缺少必要欄位 external_id: 國賓林口昕境廣場
2025-05-17 17:09:11,880 - WARNING - 電影院缺少必要欄位 external_id: 國賓新莊晶冠廣場影城
2025-05-17 17:09:11,880 - WARNING - 電影院缺少必要欄位 external_id: 樹林秀泰影城
2025-05-17 17:09:11,880 - WARNING - 電影院缺少必要欄位 external_id: 土城秀泰影城
2025-05-17 17:09:11,880 - WARNING - 電影院缺少必要欄位 external_id: 國賓影城淡水禮萊廣場
2025-05-17 17:09:11,880 - WARNING - 電影院缺少必要欄位 external_id: 永和喜樂時代影城
2025-05-17 17:09:11,880 - WARNING - 電影院缺少必要欄位 external_id: 美麗新宏匯影城
2025-05-17 17:09:11,880 - WARNING - 電影院缺少必要欄位 external_id: 中和環球威秀影城
2025-05-17 17:09:11,880 - WARNING - 電影院缺少必要欄位 external_id: 新店裕隆城威秀影城
2025-05-17 17:09:11,880 - WARNING - 電影院缺少必要欄位 external_id: 府中15
2025-05-17 17:09:11,880 - WARNING - 電影院缺少必要欄位 external_id: 國家電影及視聽文化中心
2025-05-17 17:09:11,880 - WARNING - 電影院缺少必要欄位 external_id: 景美佳佳戲院
2025-05-17 17:09:11,887 - INFO - 已儲存電影院: 美麗新台茂影城 (ID: 1)
2025-05-17 17:09:11,888 - INFO - 已儲存電影院: 星橋國際影城 (ID: 2)
2025-05-17 17:09:11,888 - INFO - 已儲存電影院: 威尼斯影城 (ID: 3)
2025-05-17 17:09:11,889 - INFO - 已儲存電影院: 國賓桃園八德 (ID: 4)
2025-05-17 17:09:11,889 - INFO - 已儲存電影院: 桃園統領威秀影城 (ID: 5)
2025-05-17 17:09:11,890 - INFO - 已儲存電影院: 桃園站前in89豪華影城 (ID: 6)
2025-05-17 17:09:11,890 - INFO - 已儲存電影院: 桃園桃知道威秀影城 (ID: 7)
2025-05-17 17:09:11,891 - INFO - 已儲存電影院: 桃園新光影城 (ID: 8)
2025-05-17 17:09:11,891 - INFO - 已儲存電影院: 喜樂時代影城桃園A19店 (ID: 9)
2025-05-17 17:09:11,891 - INFO - 已儲存電影院: 桃園光影文化館 (ID: 10)
2025-05-17 17:09:11,892 - INFO - 已儲存電影院: 中壢光影電影館 (ID: 11)
2025-05-17 17:09:11,893 - INFO - 已儲存電影院: 新竹大遠百威秀影城 (ID: 12)
2025-05-17 17:09:11,893 - INFO - 已儲存電影院: 新竹巨城威秀影城 (ID: 13)
2025-05-17 17:09:11,893 - INFO - 已儲存電影院: 百老匯影城竹北店 (ID: 14)
2025-05-17 17:09:11,894 - INFO - 已儲存電影院: 頭份尚順威秀影城 (ID: 15)
2025-05-17 17:09:11,894 - INFO - 已儲存電影院: 台中新光影城 (ID: 16)
2025-05-17 17:09:11,894 - INFO - 已儲存電影院: 台中老虎城威秀 (ID: 17)
2025-05-17 17:09:11,895 - INFO - 已儲存電影院: 台中大遠百威秀影城 (ID: 18)
2025-05-17 17:09:11,895 - INFO - 已儲存電影院: 台中大魯閣新時代威秀影城 (ID: 19)
2025-05-17 17:09:11,895 - INFO - 已儲存電影院: 日日新影城 (ID: 20)
2025-05-17 17:09:11,895 - INFO - 已儲存電影院: 親親戲院 (ID: 21)
2025-05-17 17:09:11,896 - INFO - 已儲存電影院: 全球影城 (ID: 22)
2025-05-17 17:09:11,896 - INFO - 已儲存電影院: 台中站前秀泰影城 (ID: 23)
2025-05-17 17:09:11,896 - INFO - 已儲存電影院: 台中文心秀泰影城 (ID: 24)
2025-05-17 17:09:11,897 - INFO - 已儲存電影院: 台中豐原in89豪華影城 (ID: 25)
2025-05-17 17:09:11,897 - INFO - 已儲存電影院: 台中麗寶秀泰 (ID: 26)
2025-05-17 17:09:11,897 - INFO - 已儲存電影院: 時代數位3D影城 (ID: 27)
2025-05-17 17:09:11,897 - INFO - 已儲存電影院: 中山73影視藝文空間 (ID: 28)
2025-05-17 17:09:11,898 - INFO - 已儲存電影院: 王牌映畫影城 (ID: 29)
2025-05-17 17:09:11,898 - INFO - 已儲存電影院: 員林影城 (ID: 30)
2025-05-17 17:09:11,898 - INFO - 已儲存電影院: 環球中華影城 (ID: 31)
2025-05-17 17:09:11,899 - INFO - 已儲存電影院: 雲林北港秀泰 (ID: 32)
2025-05-17 17:09:11,899 - INFO - 已儲存電影院: 南投戲院 (ID: 33)
2025-05-17 17:09:11,899 - INFO - 已儲存電影院: 埔里山明影城 (ID: 34)
2025-05-17 17:09:11,900 - INFO - 已儲存電影院: 嘉年華戲院 (ID: 35)
2025-05-17 17:09:11,900 - INFO - 已儲存電影院: 嘉義秀泰影城 (ID: 36)
2025-05-17 17:09:11,900 - INFO - 已儲存電影院: 嘉義in89豪華影城 (ID: 37)
2025-05-17 17:09:11,901 - INFO - 已儲存電影院: 台南新光影城 (ID: 38)
2025-05-17 17:09:11,901 - INFO - 已儲存電影院: 台南大遠百威秀影城 (ID: 39)
2025-05-17 17:09:11,901 - INFO - 已儲存電影院: 台南南紡威秀影城 (ID: 40)
2025-05-17 17:09:11,901 - INFO - 已儲存電影院: 台南FOCUS威秀影城 (ID: 41)
2025-05-17 17:09:11,902 - INFO - 已儲存電影院: 台南國賓影城 (ID: 42)
2025-05-17 17:09:11,902 - INFO - 已儲存電影院: 南台電影城 (ID: 43)
2025-05-17 17:09:11,902 - INFO - 已儲存電影院: 麻豆戲院 (ID: 44)
2025-05-17 17:09:11,903 - INFO - 已儲存電影院: 台南仁德秀泰影城 (ID: 45)
2025-05-17 17:09:11,903 - INFO - 已儲存電影院: 高雄大遠百威秀影城 (ID: 46)
2025-05-17 17:09:11,903 - INFO - 已儲存電影院: in89駁二電影院 (ID: 47)
2025-05-17 17:09:11,904 - INFO - 已儲存電影院: 高雄環球影城 (ID: 48)
2025-05-17 17:09:11,904 - INFO - 已儲存電影院: 國賓義大世界影城 (ID: 49)
2025-05-17 17:09:11,904 - INFO - 已儲存電影院: 高雄夢時代秀泰影城 (ID: 50)
2025-05-17 17:09:11,905 - INFO - 已儲存電影院: 國賓大魯閣草衙道影城 (ID: 51)
2025-05-17 17:09:11,906 - INFO - 已儲存電影院: 台鋁影城 (ID: 52)
2025-05-17 17:09:11,906 - INFO - 已儲存電影院: 高雄岡山秀泰 (ID: 53)
2025-05-17 17:09:11,906 - INFO - 已儲存電影院: 高雄市電影館 (ID: 54)
2025-05-17 17:09:11,906 - INFO - 已儲存電影院: VR體感劇院 (ID: 55)
2025-05-17 17:09:11,907 - INFO - 已儲存電影院: 大立in89豪華影城 (ID: 56)
2025-05-17 17:09:11,907 - INFO - 已儲存電影院: 喜樂時代高雄總圖店 (ID: 57)
2025-05-17 17:09:11,907 - INFO - 已儲存電影院: 內惟藝術中心 (ID: 58)
2025-05-17 17:09:11,908 - INFO - 已儲存電影院: 宜蘭日新戲院 (ID: 59)
2025-05-17 17:09:11,908 - INFO - 已儲存電影院: 日新戲院-統一廳 (ID: 60)
2025-05-17 17:09:11,908 - INFO - 已儲存電影院: 新月豪華影城 (ID: 61)
2025-05-17 17:09:11,908 - INFO - 已儲存電影院: 影像興樂園 (ID: 62)
2025-05-17 17:09:11,909 - INFO - 已儲存電影院: 花蓮秀泰影城 (ID: 63)
2025-05-17 17:09:11,909 - INFO - 已儲存電影院: 花蓮新天堂樂園威秀影城 (ID: 64)
2025-05-17 17:09:11,909 - INFO - 已儲存電影院: 花蓮鐵道電影院 (ID: 65)
2025-05-17 17:09:11,909 - INFO - 已儲存電影院: 台東秀泰影城 (ID: 66)
2025-05-17 17:09:11,910 - INFO - 已儲存電影院: 中影屏東影城 (ID: 67)
2025-05-17 17:09:11,910 - INFO - 已儲存電影院: 國賓屏東環球影城 (ID: 68)
2025-05-17 17:09:11,910 - INFO - 已儲存電影院: in89澎湖影城 (ID: 69)
2025-05-17 17:09:11,910 - INFO - 已儲存電影院: 金獅影城 (ID: 70)
2025-05-17 17:09:11,911 - INFO - 已儲存電影院: 金門國賓影城 (ID: 71)
2025-05-17 17:09:11,911 - INFO - 電影院爬取完成，共處理 114 家電影院
2025-05-17 17:32:28,551 - INFO - 成功連接到資料庫
2025-05-17 17:32:28,551 - INFO - 開始清空現有電影院資料...
2025-05-17 17:32:28,563 - INFO - 已清空現有的電影院資料
2025-05-17 17:32:28,563 - INFO - 開始爬取地區: a02, URL: https://www.atmovies.com.tw/showtime/a02/
2025-05-17 17:32:28,851 - INFO - 在地區 a02 中找到 0 家電影院
2025-05-17 17:32:28,851 - INFO - 開始儲存 0 家電影院到資料庫...
2025-05-17 17:32:28,851 - INFO - 電影院爬取完成，共處理 0 家電影院
2025-05-17 17:34:27,684 - INFO - 成功連接到資料庫
2025-05-17 17:34:27,685 - INFO - 開始清空現有電影院資料...
2025-05-17 17:34:27,690 - INFO - 已清空現有的電影院資料
2025-05-17 17:34:27,690 - INFO - 開始爬取地區: a02, URL: https://www.atmovies.com.tw/showtime/a02/
2025-05-17 17:34:28,760 - INFO - 在地區 a02 中找到 0 家電影院
2025-05-17 17:34:28,761 - INFO - 開始儲存 0 家電影院到資料庫...
2025-05-17 17:34:28,761 - INFO - 電影院爬取完成，共處理 0 家電影院
2025-05-17 17:36:09,657 - INFO - 成功連接到資料庫
2025-05-17 17:36:09,657 - INFO - 開始清空現有電影院資料...
2025-05-17 17:36:09,663 - INFO - 已清空現有的電影院資料
2025-05-17 17:36:09,663 - INFO - 開始爬取地區: a02, URL: https://www.atmovies.com.tw/showtime/a02/
2025-05-17 17:36:10,345 - INFO - 在地區 a02 中找到 43 家電影院
2025-05-17 17:37:50,607 - INFO - 開始儲存 43 家電影院到資料庫...
2025-05-17 17:37:50,608 - WARNING - 電影院缺少必要欄位 address: 網路訂票
2025-05-17 17:37:50,608 - WARNING - 電影院缺少必要欄位 address: 台北信義威秀
2025-05-17 17:37:50,608 - WARNING - 電影院缺少必要欄位 address: MUVIE CINEMAS台北松仁威秀
2025-05-17 17:37:50,608 - WARNING - 電影院缺少必要欄位 address: 新民生戲院
2025-05-17 17:37:50,608 - WARNING - 電影院缺少必要欄位 address: 台北南港LaLaport威秀影城
2025-05-17 17:37:50,608 - WARNING - 電影院缺少必要欄位 address: 喜樂時代影城
2025-05-17 17:37:50,608 - WARNING - 電影院缺少必要欄位 address: 微風影城
2025-05-17 17:37:50,608 - WARNING - 電影院缺少必要欄位 address: 誠品電影院
2025-05-17 17:37:50,608 - WARNING - 電影院缺少必要欄位 address: 總督影城
2025-05-17 17:37:50,608 - WARNING - 電影院缺少必要欄位 address: 哈拉影城
2025-05-17 17:37:50,608 - WARNING - 電影院缺少必要欄位 address: 國賓戲院
2025-05-17 17:37:50,609 - WARNING - 電影院缺少必要欄位 address: 樂聲影城
2025-05-17 17:37:50,609 - WARNING - 電影院缺少必要欄位 address: 台北新光影城
2025-05-17 17:37:50,609 - WARNING - 電影院缺少必要欄位 address: 台北京站威秀
2025-05-17 17:37:50,609 - WARNING - 電影院缺少必要欄位 address: in89豪華數位影城
2025-05-17 17:37:50,609 - WARNING - 電影院缺少必要欄位 address: 真善美戲院
2025-05-17 17:37:50,609 - WARNING - 電影院缺少必要欄位 address: 喜樂時代影城西門今日店
2025-05-17 17:37:50,609 - WARNING - 電影院缺少必要欄位 address: 台北西門威秀影城
2025-05-17 17:37:50,609 - WARNING - 電影院缺少必要欄位 address: 光點華山電影館
2025-05-17 17:37:50,609 - WARNING - 電影院缺少必要欄位 address: 百老匯影城公館店
2025-05-17 17:37:50,609 - WARNING - 電影院缺少必要欄位 address: 美麗華大直
2025-05-17 17:37:50,609 - WARNING - 電影院缺少必要欄位 address: 台北天母新光影城
2025-05-17 17:37:50,609 - WARNING - 電影院缺少必要欄位 address: 欣欣秀泰影城
2025-05-17 17:37:50,609 - WARNING - 電影院缺少必要欄位 address: 國賓長春影城
2025-05-17 17:37:50,609 - WARNING - 電影院缺少必要欄位 address: 美麗新大直皇家影城
2025-05-17 17:37:50,610 - WARNING - 電影院缺少必要欄位 address: 光點台北電影院
2025-05-17 17:37:50,610 - WARNING - 電影院缺少必要欄位 address: 板橋大遠百威秀影城
2025-05-17 17:37:50,610 - WARNING - 電影院缺少必要欄位 address: 林口三井OUTLET威秀影城
2025-05-17 17:37:50,610 - WARNING - 電影院缺少必要欄位 address: 新莊鴻金寶麻吉影城
2025-05-17 17:37:50,610 - WARNING - 電影院缺少必要欄位 address: 板橋秀泰影城
2025-05-17 17:37:50,610 - WARNING - 電影院缺少必要欄位 address: 三重天台戲院
2025-05-17 17:37:50,610 - WARNING - 電影院缺少必要欄位 address: 國賓林口昕境廣場
2025-05-17 17:37:50,610 - WARNING - 電影院缺少必要欄位 address: 國賓新莊晶冠廣場影城
2025-05-17 17:37:50,610 - WARNING - 電影院缺少必要欄位 address: 樹林秀泰影城
2025-05-17 17:37:50,610 - WARNING - 電影院缺少必要欄位 address: 土城秀泰影城
2025-05-17 17:37:50,610 - WARNING - 電影院缺少必要欄位 address: 國賓影城淡水禮萊廣場
2025-05-17 17:37:50,610 - WARNING - 電影院缺少必要欄位 address: 永和喜樂時代影城
2025-05-17 17:37:50,610 - WARNING - 電影院缺少必要欄位 address: 美麗新宏匯影城
2025-05-17 17:37:50,610 - WARNING - 電影院缺少必要欄位 address: 中和環球威秀影城
2025-05-17 17:37:50,610 - WARNING - 電影院缺少必要欄位 address: 新店裕隆城威秀影城
2025-05-17 17:37:50,610 - WARNING - 電影院缺少必要欄位 address: 府中15
2025-05-17 17:37:50,611 - WARNING - 電影院缺少必要欄位 address: 國家電影及視聽文化中心
2025-05-17 17:37:50,611 - WARNING - 電影院缺少必要欄位 address: 景美佳佳戲院
2025-05-17 17:37:50,611 - INFO - 電影院爬取完成，共處理 43 家電影院
2025-05-17 17:40:17,747 - INFO - 成功連接到資料庫
2025-05-17 17:40:17,747 - INFO - 開始清空現有電影院資料...
2025-05-17 17:40:17,752 - INFO - 已清空現有的電影院資料
2025-05-17 17:40:17,752 - INFO - 開始爬取地區: a02, URL: https://www.atmovies.com.tw/showtime/a02/
2025-05-17 17:40:32,700 - WARNING - 無法找到電影院 網路訂票 的地址
2025-05-17 17:40:32,700 - WARNING - 無法找到電影院 台北信義威秀 的地址
2025-05-17 17:40:32,700 - WARNING - 無法找到電影院 MUVIE CINEMAS台北松仁威秀 的地址
2025-05-17 17:40:32,700 - WARNING - 無法找到電影院 新民生戲院 的地址
2025-05-17 17:40:32,701 - WARNING - 無法找到電影院 台北南港LaLaport威秀影城 的地址
2025-05-17 17:40:32,701 - WARNING - 無法找到電影院 喜樂時代影城 的地址
2025-05-17 17:40:32,701 - WARNING - 無法找到電影院 微風影城 的地址
2025-05-17 17:40:32,701 - WARNING - 無法找到電影院 誠品電影院 的地址
2025-05-17 17:40:32,701 - WARNING - 無法找到電影院 總督影城 的地址
2025-05-17 17:40:32,701 - WARNING - 無法找到電影院 哈拉影城 的地址
2025-05-17 17:40:32,701 - WARNING - 無法找到電影院 國賓戲院 的地址
2025-05-17 17:40:32,701 - WARNING - 無法找到電影院 樂聲影城 的地址
2025-05-17 17:40:32,701 - WARNING - 無法找到電影院 台北新光影城 的地址
2025-05-17 17:40:32,702 - WARNING - 無法找到電影院 台北京站威秀 的地址
2025-05-17 17:40:32,702 - WARNING - 無法找到電影院 in89豪華數位影城 的地址
2025-05-17 17:40:32,702 - WARNING - 無法找到電影院 真善美戲院 的地址
2025-05-17 17:40:32,702 - WARNING - 無法找到電影院 喜樂時代影城西門今日店 的地址
2025-05-17 17:40:32,702 - WARNING - 無法找到電影院 台北西門威秀影城 的地址
2025-05-17 17:40:32,702 - WARNING - 無法找到電影院 光點華山電影館 的地址
2025-05-17 17:40:32,702 - WARNING - 無法找到電影院 百老匯影城公館店 的地址
2025-05-17 17:40:32,702 - WARNING - 無法找到電影院 美麗華大直 的地址
2025-05-17 17:40:32,702 - WARNING - 無法找到電影院 台北天母新光影城 的地址
2025-05-17 17:40:32,702 - WARNING - 無法找到電影院 欣欣秀泰影城 的地址
2025-05-17 17:40:32,703 - WARNING - 無法找到電影院 國賓長春影城 的地址
2025-05-17 17:40:32,703 - WARNING - 無法找到電影院 美麗新大直皇家影城 的地址
2025-05-17 17:40:32,703 - WARNING - 無法找到電影院 光點台北電影院 的地址
2025-05-17 17:40:32,703 - WARNING - 無法找到電影院 板橋大遠百威秀影城 的地址
2025-05-17 17:40:32,703 - WARNING - 無法找到電影院 林口三井OUTLET威秀影城 的地址
2025-05-17 17:40:32,703 - WARNING - 無法找到電影院 新莊鴻金寶麻吉影城 的地址
2025-05-17 17:40:32,703 - WARNING - 無法找到電影院 板橋秀泰影城 的地址
2025-05-17 17:40:32,703 - WARNING - 無法找到電影院 三重天台戲院 的地址
2025-05-17 17:40:32,703 - WARNING - 無法找到電影院 國賓林口昕境廣場 的地址
2025-05-17 17:40:32,703 - WARNING - 無法找到電影院 國賓新莊晶冠廣場影城 的地址
2025-05-17 17:40:32,703 - WARNING - 無法找到電影院 樹林秀泰影城 的地址
2025-05-17 17:40:32,703 - WARNING - 無法找到電影院 土城秀泰影城 的地址
2025-05-17 17:40:32,703 - WARNING - 無法找到電影院 國賓影城淡水禮萊廣場 的地址
2025-05-17 17:40:32,703 - WARNING - 無法找到電影院 永和喜樂時代影城 的地址
2025-05-17 17:40:32,703 - WARNING - 無法找到電影院 美麗新宏匯影城 的地址
2025-05-17 17:40:32,703 - WARNING - 無法找到電影院 中和環球威秀影城 的地址
2025-05-17 17:40:32,703 - WARNING - 無法找到電影院 新店裕隆城威秀影城 的地址
2025-05-17 17:40:32,703 - WARNING - 無法找到電影院 府中15 的地址
2025-05-17 17:40:32,703 - WARNING - 無法找到電影院 國家電影及視聽文化中心 的地址
2025-05-17 17:40:32,703 - WARNING - 無法找到電影院 景美佳佳戲院 的地址
2025-05-17 17:40:32,703 - INFO - 在地區 a02 中找到 43 家電影院
2025-05-17 17:41:53,456 - INFO - 開始儲存 43 家電影院到資料庫...
2025-05-17 17:41:53,457 - WARNING - 電影院缺少必要欄位 address: 網路訂票
2025-05-17 17:41:53,457 - WARNING - 電影院缺少必要欄位 address: 台北信義威秀
2025-05-17 17:41:53,457 - WARNING - 電影院缺少必要欄位 address: MUVIE CINEMAS台北松仁威秀
2025-05-17 17:41:53,457 - WARNING - 電影院缺少必要欄位 address: 新民生戲院
2025-05-17 17:41:53,457 - WARNING - 電影院缺少必要欄位 address: 台北南港LaLaport威秀影城
2025-05-17 17:41:53,457 - WARNING - 電影院缺少必要欄位 address: 喜樂時代影城
2025-05-17 17:41:53,457 - WARNING - 電影院缺少必要欄位 address: 微風影城
2025-05-17 17:41:53,457 - WARNING - 電影院缺少必要欄位 address: 誠品電影院
2025-05-17 17:41:53,457 - WARNING - 電影院缺少必要欄位 address: 總督影城
2025-05-17 17:41:53,457 - WARNING - 電影院缺少必要欄位 address: 哈拉影城
2025-05-17 17:41:53,457 - WARNING - 電影院缺少必要欄位 address: 國賓戲院
2025-05-17 17:41:53,457 - WARNING - 電影院缺少必要欄位 address: 樂聲影城
2025-05-17 17:41:53,457 - WARNING - 電影院缺少必要欄位 address: 台北新光影城
2025-05-17 17:41:53,457 - WARNING - 電影院缺少必要欄位 address: 台北京站威秀
2025-05-17 17:41:53,457 - WARNING - 電影院缺少必要欄位 address: in89豪華數位影城
2025-05-17 17:41:53,457 - WARNING - 電影院缺少必要欄位 address: 真善美戲院
2025-05-17 17:41:53,457 - WARNING - 電影院缺少必要欄位 address: 喜樂時代影城西門今日店
2025-05-17 17:41:53,457 - WARNING - 電影院缺少必要欄位 address: 台北西門威秀影城
2025-05-17 17:41:53,457 - WARNING - 電影院缺少必要欄位 address: 光點華山電影館
2025-05-17 17:41:53,457 - WARNING - 電影院缺少必要欄位 address: 百老匯影城公館店
2025-05-17 17:41:53,457 - WARNING - 電影院缺少必要欄位 address: 美麗華大直
2025-05-17 17:41:53,457 - WARNING - 電影院缺少必要欄位 address: 台北天母新光影城
2025-05-17 17:41:53,457 - WARNING - 電影院缺少必要欄位 address: 欣欣秀泰影城
2025-05-17 17:41:53,457 - WARNING - 電影院缺少必要欄位 address: 國賓長春影城
2025-05-17 17:41:53,457 - WARNING - 電影院缺少必要欄位 address: 美麗新大直皇家影城
2025-05-17 17:41:53,457 - WARNING - 電影院缺少必要欄位 address: 光點台北電影院
2025-05-17 17:41:53,457 - WARNING - 電影院缺少必要欄位 address: 板橋大遠百威秀影城
2025-05-17 17:41:53,457 - WARNING - 電影院缺少必要欄位 address: 林口三井OUTLET威秀影城
2025-05-17 17:41:53,457 - WARNING - 電影院缺少必要欄位 address: 新莊鴻金寶麻吉影城
2025-05-17 17:41:53,457 - WARNING - 電影院缺少必要欄位 address: 板橋秀泰影城
2025-05-17 17:41:53,457 - WARNING - 電影院缺少必要欄位 address: 三重天台戲院
2025-05-17 17:41:53,457 - WARNING - 電影院缺少必要欄位 address: 國賓林口昕境廣場
2025-05-17 17:41:53,457 - WARNING - 電影院缺少必要欄位 address: 國賓新莊晶冠廣場影城
2025-05-17 17:41:53,458 - WARNING - 電影院缺少必要欄位 address: 樹林秀泰影城
2025-05-17 17:41:53,458 - WARNING - 電影院缺少必要欄位 address: 土城秀泰影城
2025-05-17 17:41:53,458 - WARNING - 電影院缺少必要欄位 address: 國賓影城淡水禮萊廣場
2025-05-17 17:41:53,458 - WARNING - 電影院缺少必要欄位 address: 永和喜樂時代影城
2025-05-17 17:41:53,458 - WARNING - 電影院缺少必要欄位 address: 美麗新宏匯影城
2025-05-17 17:41:53,458 - WARNING - 電影院缺少必要欄位 address: 中和環球威秀影城
2025-05-17 17:41:53,458 - WARNING - 電影院缺少必要欄位 address: 新店裕隆城威秀影城
2025-05-17 17:41:53,458 - WARNING - 電影院缺少必要欄位 address: 府中15
2025-05-17 17:41:53,458 - WARNING - 電影院缺少必要欄位 address: 國家電影及視聽文化中心
2025-05-17 17:41:53,458 - WARNING - 電影院缺少必要欄位 address: 景美佳佳戲院
2025-05-17 17:41:53,458 - INFO - 電影院爬取完成，共處理 43 家電影院
2025-05-17 17:48:32,860 - INFO - 成功連接到資料庫
2025-05-17 17:48:32,861 - INFO - 開始爬取地區: a02, URL: https://www.atmovies.com.tw/showtime/a02/
2025-05-17 17:48:37,354 - WARNING - 無法找到電影院 網路訂票 的地址
2025-05-17 17:48:37,354 - WARNING - 無法找到電影院 台北信義威秀 的地址
2025-05-17 17:48:37,354 - WARNING - 無法找到電影院 MUVIE CINEMAS台北松仁威秀 的地址
2025-05-17 17:48:37,354 - WARNING - 無法找到電影院 新民生戲院 的地址
2025-05-17 17:48:37,354 - WARNING - 無法找到電影院 台北南港LaLaport威秀影城 的地址
2025-05-17 17:48:37,354 - WARNING - 無法找到電影院 喜樂時代影城 的地址
2025-05-17 17:48:37,354 - WARNING - 無法找到電影院 微風影城 的地址
2025-05-17 17:48:37,354 - WARNING - 無法找到電影院 誠品電影院 的地址
2025-05-17 17:48:37,354 - WARNING - 無法找到電影院 總督影城 的地址
2025-05-17 17:48:37,354 - WARNING - 無法找到電影院 哈拉影城 的地址
2025-05-17 17:48:37,354 - WARNING - 無法找到電影院 國賓戲院 的地址
2025-05-17 17:48:37,355 - WARNING - 無法找到電影院 樂聲影城 的地址
2025-05-17 17:48:37,355 - WARNING - 無法找到電影院 台北新光影城 的地址
2025-05-17 17:48:37,355 - WARNING - 無法找到電影院 台北京站威秀 的地址
2025-05-17 17:48:37,355 - WARNING - 無法找到電影院 in89豪華數位影城 的地址
2025-05-17 17:48:37,355 - WARNING - 無法找到電影院 真善美戲院 的地址
2025-05-17 17:48:37,355 - WARNING - 無法找到電影院 喜樂時代影城西門今日店 的地址
2025-05-17 17:48:37,355 - WARNING - 無法找到電影院 台北西門威秀影城 的地址
2025-05-17 17:48:37,355 - WARNING - 無法找到電影院 光點華山電影館 的地址
2025-05-17 17:48:37,355 - WARNING - 無法找到電影院 百老匯影城公館店 的地址
2025-05-17 17:48:37,355 - WARNING - 無法找到電影院 美麗華大直 的地址
2025-05-17 17:48:37,355 - WARNING - 無法找到電影院 台北天母新光影城 的地址
2025-05-17 17:48:37,357 - WARNING - 無法找到電影院 欣欣秀泰影城 的地址
2025-05-17 17:48:37,357 - WARNING - 無法找到電影院 國賓長春影城 的地址
2025-05-17 17:48:37,357 - WARNING - 無法找到電影院 美麗新大直皇家影城 的地址
2025-05-17 17:48:37,357 - WARNING - 無法找到電影院 光點台北電影院 的地址
2025-05-17 17:48:37,357 - WARNING - 無法找到電影院 板橋大遠百威秀影城 的地址
2025-05-17 17:48:37,357 - WARNING - 無法找到電影院 林口三井OUTLET威秀影城 的地址
2025-05-17 17:48:37,357 - WARNING - 無法找到電影院 新莊鴻金寶麻吉影城 的地址
2025-05-17 17:48:37,357 - WARNING - 無法找到電影院 板橋秀泰影城 的地址
2025-05-17 17:48:37,357 - WARNING - 無法找到電影院 三重天台戲院 的地址
2025-05-17 17:48:37,357 - WARNING - 無法找到電影院 國賓林口昕境廣場 的地址
2025-05-17 17:48:37,357 - WARNING - 無法找到電影院 國賓新莊晶冠廣場影城 的地址
2025-05-17 17:48:37,357 - WARNING - 無法找到電影院 樹林秀泰影城 的地址
2025-05-17 17:48:37,357 - WARNING - 無法找到電影院 土城秀泰影城 的地址
2025-05-17 17:48:37,357 - WARNING - 無法找到電影院 國賓影城淡水禮萊廣場 的地址
2025-05-17 17:48:37,357 - WARNING - 無法找到電影院 永和喜樂時代影城 的地址
2025-05-17 17:48:37,358 - WARNING - 無法找到電影院 美麗新宏匯影城 的地址
2025-05-17 17:48:37,358 - WARNING - 無法找到電影院 中和環球威秀影城 的地址
2025-05-17 17:48:37,358 - WARNING - 無法找到電影院 新店裕隆城威秀影城 的地址
2025-05-17 17:48:37,358 - WARNING - 無法找到電影院 府中15 的地址
2025-05-17 17:48:37,358 - WARNING - 無法找到電影院 國家電影及視聽文化中心 的地址
2025-05-17 17:48:37,358 - WARNING - 無法找到電影院 景美佳佳戲院 的地址
2025-05-17 17:48:37,358 - INFO - 在地區 a02 中找到 43 家電影院
2025-05-17 17:49:08,178 - INFO - 在地區 a02 中找到 43 家電影院
2025-05-17 17:49:08,179 - INFO - 開始儲存 43 家電影院到資料庫...
2025-05-17 17:49:08,179 - ERROR - 執行爬蟲時發生錯誤: 'ATMoviesCinemaScraper' object has no attribute 'save_cinemas_to_db'
Traceback (most recent call last):
  File "/Users/jonaswhite/CascadeProjects/Time2Cinema/backend/scripts/scrapers/atmovies_cinema_scraper.py", line 608, in run
    await self.save_cinemas_to_db(all_cinemas)
AttributeError: 'ATMoviesCinemaScraper' object has no attribute 'save_cinemas_to_db'
2025-05-17 17:49:30,608 - INFO - 成功連接到資料庫
2025-05-17 17:49:30,609 - INFO - 開始爬取地區: a02, URL: https://www.atmovies.com.tw/showtime/a02/
2025-05-17 17:49:30,871 - WARNING - 無法找到電影院 網路訂票 的地址
2025-05-17 17:49:30,871 - WARNING - 無法找到電影院 台北信義威秀 的地址
2025-05-17 17:49:30,871 - WARNING - 無法找到電影院 MUVIE CINEMAS台北松仁威秀 的地址
2025-05-17 17:49:30,871 - WARNING - 無法找到電影院 新民生戲院 的地址
2025-05-17 17:49:30,871 - WARNING - 無法找到電影院 台北南港LaLaport威秀影城 的地址
2025-05-17 17:49:30,871 - WARNING - 無法找到電影院 喜樂時代影城 的地址
2025-05-17 17:49:30,871 - WARNING - 無法找到電影院 微風影城 的地址
2025-05-17 17:49:30,872 - WARNING - 無法找到電影院 誠品電影院 的地址
2025-05-17 17:49:30,872 - WARNING - 無法找到電影院 總督影城 的地址
2025-05-17 17:49:30,872 - WARNING - 無法找到電影院 哈拉影城 的地址
2025-05-17 17:49:30,872 - WARNING - 無法找到電影院 國賓戲院 的地址
2025-05-17 17:49:30,872 - WARNING - 無法找到電影院 樂聲影城 的地址
2025-05-17 17:49:30,872 - WARNING - 無法找到電影院 台北新光影城 的地址
2025-05-17 17:49:30,872 - WARNING - 無法找到電影院 台北京站威秀 的地址
2025-05-17 17:49:30,872 - WARNING - 無法找到電影院 in89豪華數位影城 的地址
2025-05-17 17:49:30,872 - WARNING - 無法找到電影院 真善美戲院 的地址
2025-05-17 17:49:30,872 - WARNING - 無法找到電影院 喜樂時代影城西門今日店 的地址
2025-05-17 17:49:30,872 - WARNING - 無法找到電影院 台北西門威秀影城 的地址
2025-05-17 17:49:30,872 - WARNING - 無法找到電影院 光點華山電影館 的地址
2025-05-17 17:49:30,872 - WARNING - 無法找到電影院 百老匯影城公館店 的地址
2025-05-17 17:49:30,872 - WARNING - 無法找到電影院 美麗華大直 的地址
2025-05-17 17:49:30,872 - WARNING - 無法找到電影院 台北天母新光影城 的地址
2025-05-17 17:49:30,872 - WARNING - 無法找到電影院 欣欣秀泰影城 的地址
2025-05-17 17:49:30,872 - WARNING - 無法找到電影院 國賓長春影城 的地址
2025-05-17 17:49:30,873 - WARNING - 無法找到電影院 美麗新大直皇家影城 的地址
2025-05-17 17:49:30,873 - WARNING - 無法找到電影院 光點台北電影院 的地址
2025-05-17 17:49:30,873 - WARNING - 無法找到電影院 板橋大遠百威秀影城 的地址
2025-05-17 17:49:30,873 - WARNING - 無法找到電影院 林口三井OUTLET威秀影城 的地址
2025-05-17 17:49:30,873 - WARNING - 無法找到電影院 新莊鴻金寶麻吉影城 的地址
2025-05-17 17:49:30,873 - WARNING - 無法找到電影院 板橋秀泰影城 的地址
2025-05-17 17:49:30,873 - WARNING - 無法找到電影院 三重天台戲院 的地址
2025-05-17 17:49:30,873 - WARNING - 無法找到電影院 國賓林口昕境廣場 的地址
2025-05-17 17:49:30,873 - WARNING - 無法找到電影院 國賓新莊晶冠廣場影城 的地址
2025-05-17 17:49:30,873 - WARNING - 無法找到電影院 樹林秀泰影城 的地址
2025-05-17 17:49:30,873 - WARNING - 無法找到電影院 土城秀泰影城 的地址
2025-05-17 17:49:30,873 - WARNING - 無法找到電影院 國賓影城淡水禮萊廣場 的地址
2025-05-17 17:49:30,873 - WARNING - 無法找到電影院 永和喜樂時代影城 的地址
2025-05-17 17:49:30,873 - WARNING - 無法找到電影院 美麗新宏匯影城 的地址
2025-05-17 17:49:30,873 - WARNING - 無法找到電影院 中和環球威秀影城 的地址
2025-05-17 17:49:30,873 - WARNING - 無法找到電影院 新店裕隆城威秀影城 的地址
2025-05-17 17:49:30,873 - WARNING - 無法找到電影院 府中15 的地址
2025-05-17 17:49:30,873 - WARNING - 無法找到電影院 國家電影及視聽文化中心 的地址
2025-05-17 17:49:30,873 - WARNING - 無法找到電影院 景美佳佳戲院 的地址
2025-05-17 17:49:30,873 - INFO - 在地區 a02 中找到 43 家電影院
2025-05-17 17:49:57,203 - INFO - 在地區 a02 中找到 43 家電影院
2025-05-17 17:49:57,204 - INFO - 開始儲存 43 家電影院到資料庫...
2025-05-17 17:49:57,204 - WARNING - 電影院缺少必要欄位 address: 網路訂票
2025-05-17 17:49:57,204 - WARNING - 電影院缺少必要欄位 address: 台北信義威秀
2025-05-17 17:49:57,204 - WARNING - 電影院缺少必要欄位 address: MUVIE CINEMAS台北松仁威秀
2025-05-17 17:49:57,204 - WARNING - 電影院缺少必要欄位 address: 新民生戲院
2025-05-17 17:49:57,204 - WARNING - 電影院缺少必要欄位 address: 台北南港LaLaport威秀影城
2025-05-17 17:49:57,204 - WARNING - 電影院缺少必要欄位 address: 喜樂時代影城
2025-05-17 17:49:57,205 - WARNING - 電影院缺少必要欄位 address: 微風影城
2025-05-17 17:49:57,205 - WARNING - 電影院缺少必要欄位 address: 誠品電影院
2025-05-17 17:49:57,205 - WARNING - 電影院缺少必要欄位 address: 總督影城
2025-05-17 17:49:57,205 - WARNING - 電影院缺少必要欄位 address: 哈拉影城
2025-05-17 17:49:57,205 - WARNING - 電影院缺少必要欄位 address: 國賓戲院
2025-05-17 17:49:57,205 - WARNING - 電影院缺少必要欄位 address: 樂聲影城
2025-05-17 17:49:57,205 - WARNING - 電影院缺少必要欄位 address: 台北新光影城
2025-05-17 17:49:57,205 - WARNING - 電影院缺少必要欄位 address: 台北京站威秀
2025-05-17 17:49:57,205 - WARNING - 電影院缺少必要欄位 address: in89豪華數位影城
2025-05-17 17:49:57,206 - WARNING - 電影院缺少必要欄位 address: 真善美戲院
2025-05-17 17:49:57,206 - WARNING - 電影院缺少必要欄位 address: 喜樂時代影城西門今日店
2025-05-17 17:49:57,206 - WARNING - 電影院缺少必要欄位 address: 台北西門威秀影城
2025-05-17 17:49:57,206 - WARNING - 電影院缺少必要欄位 address: 光點華山電影館
2025-05-17 17:49:57,206 - WARNING - 電影院缺少必要欄位 address: 百老匯影城公館店
2025-05-17 17:49:57,206 - WARNING - 電影院缺少必要欄位 address: 美麗華大直
2025-05-17 17:49:57,206 - WARNING - 電影院缺少必要欄位 address: 台北天母新光影城
2025-05-17 17:49:57,206 - WARNING - 電影院缺少必要欄位 address: 欣欣秀泰影城
2025-05-17 17:49:57,206 - WARNING - 電影院缺少必要欄位 address: 國賓長春影城
2025-05-17 17:49:57,206 - WARNING - 電影院缺少必要欄位 address: 美麗新大直皇家影城
2025-05-17 17:49:57,207 - WARNING - 電影院缺少必要欄位 address: 光點台北電影院
2025-05-17 17:49:57,207 - WARNING - 電影院缺少必要欄位 address: 板橋大遠百威秀影城
2025-05-17 17:49:57,207 - WARNING - 電影院缺少必要欄位 address: 林口三井OUTLET威秀影城
2025-05-17 17:49:57,207 - WARNING - 電影院缺少必要欄位 address: 新莊鴻金寶麻吉影城
2025-05-17 17:49:57,207 - WARNING - 電影院缺少必要欄位 address: 板橋秀泰影城
2025-05-17 17:49:57,207 - WARNING - 電影院缺少必要欄位 address: 三重天台戲院
2025-05-17 17:49:57,207 - WARNING - 電影院缺少必要欄位 address: 國賓林口昕境廣場
2025-05-17 17:49:57,207 - WARNING - 電影院缺少必要欄位 address: 國賓新莊晶冠廣場影城
2025-05-17 17:49:57,207 - WARNING - 電影院缺少必要欄位 address: 樹林秀泰影城
2025-05-17 17:49:57,207 - WARNING - 電影院缺少必要欄位 address: 土城秀泰影城
2025-05-17 17:49:57,207 - WARNING - 電影院缺少必要欄位 address: 國賓影城淡水禮萊廣場
2025-05-17 17:49:57,208 - WARNING - 電影院缺少必要欄位 address: 永和喜樂時代影城
2025-05-17 17:49:57,208 - WARNING - 電影院缺少必要欄位 address: 美麗新宏匯影城
2025-05-17 17:49:57,208 - WARNING - 電影院缺少必要欄位 address: 中和環球威秀影城
2025-05-17 17:49:57,208 - WARNING - 電影院缺少必要欄位 address: 新店裕隆城威秀影城
2025-05-17 17:49:57,208 - WARNING - 電影院缺少必要欄位 address: 府中15
2025-05-17 17:49:57,208 - WARNING - 電影院缺少必要欄位 address: 國家電影及視聽文化中心
2025-05-17 17:49:57,208 - WARNING - 電影院缺少必要欄位 address: 景美佳佳戲院
2025-05-17 17:49:57,208 - INFO - 電影院爬取完成，共處理 43 家電影院
2025-05-18 17:45:46,705 - INFO - 開始執行 ATMovies 電影院爬蟲
2025-05-18 17:45:46,707 - INFO - 開始清空現有電影院資料...
2025-05-18 17:45:46,707 - INFO - 開始爬取地區: a01, URL: https://www.atmovies.com.tw/showtime/a01/
2025-05-18 17:45:54,028 - INFO - 地區 a01 共找到 1 間電影院
2025-05-18 17:45:55,030 - INFO - 開始爬取地區: a02, URL: https://www.atmovies.com.tw/showtime/a02/
2025-05-18 17:46:04,529 - INFO - 地區 a02 共找到 42 間電影院
2025-05-18 17:46:05,532 - INFO - 開始爬取地區: a03, URL: https://www.atmovies.com.tw/showtime/a03/
2025-05-18 17:46:33,662 - INFO - 地區 a03 共找到 11 間電影院
2025-05-18 17:46:34,665 - INFO - 開始爬取地區: a35, URL: https://www.atmovies.com.tw/showtime/a35/
2025-05-18 17:46:47,670 - INFO - 地區 a35 共找到 3 間電影院
2025-05-18 17:46:48,672 - INFO - 開始爬取地區: a37, URL: https://www.atmovies.com.tw/showtime/a37/
2025-05-18 17:46:53,005 - INFO - 地區 a37 共找到 1 間電影院
2025-05-18 17:46:54,007 - INFO - 開始爬取地區: a04, URL: https://www.atmovies.com.tw/showtime/a04/
2025-05-18 17:46:56,390 - INFO - 地區 a04 共找到 14 間電影院
2025-05-18 17:46:57,392 - INFO - 開始爬取地區: a47, URL: https://www.atmovies.com.tw/showtime/a47/
2025-05-18 17:46:57,768 - INFO - 地區 a47 共找到 1 間電影院
2025-05-18 17:46:58,769 - INFO - 開始爬取地區: a45, URL: https://www.atmovies.com.tw/showtime/a45/
2025-05-18 17:46:58,857 - INFO - 地區 a45 共找到 2 間電影院
2025-05-18 17:46:59,858 - INFO - 開始爬取地區: a49, URL: https://www.atmovies.com.tw/showtime/a49/
2025-05-18 17:46:59,976 - INFO - 地區 a49 共找到 2 間電影院
2025-05-18 17:47:00,977 - INFO - 開始爬取地區: a05, URL: https://www.atmovies.com.tw/showtime/a05/
2025-05-18 17:47:01,092 - INFO - 地區 a05 共找到 3 間電影院
2025-05-18 17:47:02,094 - INFO - 開始爬取地區: a06, URL: https://www.atmovies.com.tw/showtime/a06/
2025-05-18 17:47:02,257 - INFO - 地區 a06 共找到 8 間電影院
2025-05-18 17:47:03,259 - INFO - 開始爬取地區: a07, URL: https://www.atmovies.com.tw/showtime/a07/
2025-05-18 17:47:03,390 - INFO - 地區 a07 共找到 13 間電影院
2025-05-18 17:47:04,392 - INFO - 開始爬取地區: a39, URL: https://www.atmovies.com.tw/showtime/a39/
2025-05-18 17:47:04,481 - INFO - 地區 a39 共找到 4 間電影院
2025-05-18 17:47:05,482 - INFO - 開始爬取地區: a38, URL: https://www.atmovies.com.tw/showtime/a38/
2025-05-18 17:47:05,611 - INFO - 地區 a38 共找到 3 間電影院
2025-05-18 17:47:06,612 - INFO - 開始爬取地區: a89, URL: https://www.atmovies.com.tw/showtime/a89/
2025-05-18 17:47:06,711 - INFO - 地區 a89 共找到 1 間電影院
2025-05-18 17:47:07,713 - INFO - 開始爬取地區: a87, URL: https://www.atmovies.com.tw/showtime/a87/
2025-05-18 17:47:07,788 - INFO - 地區 a87 共找到 2 間電影院
2025-05-18 17:47:08,788 - INFO - 開始爬取地區: a69, URL: https://www.atmovies.com.tw/showtime/a69/
2025-05-18 17:47:08,908 - INFO - 地區 a69 共找到 1 間電影院
2025-05-18 17:47:09,909 - INFO - 開始爬取地區: a68, URL: https://www.atmovies.com.tw/showtime/a68/
2025-05-18 17:47:10,024 - INFO - 地區 a68 共找到 2 間電影院
2025-05-18 17:47:11,031 - INFO - 成功保存 114 間電影院資料到 cinema_data/atmovies_cinemas_20250518_174711.csv
2025-05-18 17:47:11,031 - INFO - 電影院爬取完成，共處理 114 家電影院
2025-05-18 17:52:14,752 - INFO - 開始執行 ATMovies 電影院爬蟲
2025-05-18 17:52:14,752 - INFO - 開始清空現有電影院資料...
2025-05-18 17:52:14,752 - INFO - 開始爬取地區: a01, URL: https://www.atmovies.com.tw/showtime/a01/
2025-05-18 17:52:15,159 - INFO - 地區 a01 共找到 1 間電影院
2025-05-18 17:52:16,161 - INFO - 開始爬取地區: a02, URL: https://www.atmovies.com.tw/showtime/a02/
2025-05-18 17:52:16,314 - INFO - 地區 a02 共找到 42 間電影院
2025-05-18 17:52:17,315 - INFO - 開始爬取地區: a03, URL: https://www.atmovies.com.tw/showtime/a03/
2025-05-18 17:52:17,451 - INFO - 地區 a03 共找到 11 間電影院
2025-05-18 17:52:18,452 - INFO - 開始爬取地區: a35, URL: https://www.atmovies.com.tw/showtime/a35/
2025-05-18 17:52:18,517 - INFO - 地區 a35 共找到 3 間電影院
2025-05-18 17:52:19,518 - INFO - 開始爬取地區: a37, URL: https://www.atmovies.com.tw/showtime/a37/
2025-05-18 17:52:19,577 - INFO - 地區 a37 共找到 1 間電影院
2025-05-18 17:52:20,579 - INFO - 開始爬取地區: a04, URL: https://www.atmovies.com.tw/showtime/a04/
2025-05-18 17:52:20,647 - INFO - 地區 a04 共找到 14 間電影院
2025-05-18 17:52:21,648 - INFO - 開始爬取地區: a47, URL: https://www.atmovies.com.tw/showtime/a47/
2025-05-18 17:52:21,697 - INFO - 地區 a47 共找到 1 間電影院
2025-05-18 17:52:22,698 - INFO - 開始爬取地區: a45, URL: https://www.atmovies.com.tw/showtime/a45/
2025-05-18 17:52:22,763 - INFO - 地區 a45 共找到 2 間電影院
2025-05-18 17:52:23,764 - INFO - 開始爬取地區: a49, URL: https://www.atmovies.com.tw/showtime/a49/
2025-05-18 17:52:23,818 - INFO - 地區 a49 共找到 2 間電影院
2025-05-18 17:52:24,819 - INFO - 開始爬取地區: a05, URL: https://www.atmovies.com.tw/showtime/a05/
2025-05-18 17:52:24,918 - INFO - 地區 a05 共找到 3 間電影院
2025-05-18 17:52:25,922 - INFO - 開始爬取地區: a06, URL: https://www.atmovies.com.tw/showtime/a06/
2025-05-18 17:52:25,999 - INFO - 地區 a06 共找到 8 間電影院
2025-05-18 17:52:27,000 - INFO - 開始爬取地區: a07, URL: https://www.atmovies.com.tw/showtime/a07/
2025-05-18 17:52:27,223 - INFO - 地區 a07 共找到 13 間電影院
2025-05-18 17:52:28,224 - INFO - 開始爬取地區: a39, URL: https://www.atmovies.com.tw/showtime/a39/
2025-05-18 17:52:28,289 - INFO - 地區 a39 共找到 4 間電影院
2025-05-18 17:52:29,292 - INFO - 開始爬取地區: a38, URL: https://www.atmovies.com.tw/showtime/a38/
2025-05-18 17:52:29,346 - INFO - 地區 a38 共找到 3 間電影院
2025-05-18 17:52:30,347 - INFO - 開始爬取地區: a89, URL: https://www.atmovies.com.tw/showtime/a89/
2025-05-18 17:52:30,422 - INFO - 地區 a89 共找到 1 間電影院
2025-05-18 17:52:31,423 - INFO - 開始爬取地區: a87, URL: https://www.atmovies.com.tw/showtime/a87/
2025-05-18 17:52:31,475 - INFO - 地區 a87 共找到 2 間電影院
2025-05-18 17:52:32,476 - INFO - 開始爬取地區: a69, URL: https://www.atmovies.com.tw/showtime/a69/
2025-05-18 17:52:32,574 - INFO - 地區 a69 共找到 1 間電影院
2025-05-18 17:52:33,575 - INFO - 開始爬取地區: a68, URL: https://www.atmovies.com.tw/showtime/a68/
2025-05-18 17:52:33,666 - INFO - 地區 a68 共找到 2 間電影院
2025-05-18 17:52:34,671 - INFO - 成功保存 114 間電影院資料到 cinema_data/atmovies_cinemas_20250518_175234.csv
2025-05-18 17:52:34,671 - INFO - 電影院爬取完成，共處理 114 家電影院
