[2025-05-19T09:13:44.567Z] 找不到電影: "死亡日記", 電影院: "台北信義威秀", 場次時間: 20250517 18:10
[2025-05-19T09:14:06.307Z] 找不到電影: "搜查?公圳", 電影院: "MUVIE CINEMAS台北松仁威秀", 場次時間: 20250517 13:30
[2025-05-19T09:14:22.739Z] 找不到電影: "死亡日記", 電影院: "台北南港LaLaport威秀影城", 場次時間: 20250517 23:00
[2025-05-19T09:14:50.293Z] 找不到電影: "死亡日記", 電影院: "喜樂時代影城", 場次時間: 20250517 17:30
[2025-05-19T09:14:50.425Z] 找不到電影: "死亡日記", 電影院: "喜樂時代影城", 場次時間: 20250517 21:30
[2025-05-19T09:14:54.260Z] 找不到電影: "宮?駿的奇幻世界", 電影院: "喜樂時代影城", 場次時間: 20250517 11:35
[2025-05-19T09:14:54.410Z] 找不到電影: "宮?駿的奇幻世界", 電影院: "喜樂時代影城", 場次時間: 20250517 18:00
[2025-05-19T09:14:54.774Z] 找不到電影: "頤和園", 電影院: "喜樂時代影城", 場次時間: 20250517 13:25
[2025-05-19T09:15:09.483Z] 找不到電影: "死亡日記", 電影院: "誠品電影院", 場次時間: 20250517 12:35
[2025-05-19T09:15:09.620Z] 找不到電影: "死亡日記", 電影院: "誠品電影院", 場次時間: 20250517 21:25
[2025-05-19T09:15:11.271Z] 找不到電影: "頤和園", 電影院: "誠品電影院", 場次時間: 20250517 14:40
[2025-05-19T09:15:11.411Z] 找不到電影: "頤和園", 電影院: "誠品電影院", 場次時間: 20250517 21:05
[2025-05-19T09:15:11.546Z] 找不到電影: "宮?駿的奇幻世界", 電影院: "誠品電影院", 場次時間: 20250517 10:40
[2025-05-19T09:15:33.210Z] 找不到電影: "搜查?公圳", 電影院: "台北京站威秀", 場次時間: 20250517 17:00
[2025-05-19T09:15:33.341Z] 找不到電影: "搜查?公圳", 電影院: "台北京站威秀", 場次時間: 20250517 19:10
[2025-05-19T09:15:41.681Z] 找不到電影: "學姊是男孩劇場版：雨後天晴", 電影院: "台北京站威秀", 場次時間: 20250517 09:20
[2025-05-19T09:15:54.343Z] 找不到電影: "死亡日記", 電影院: "真善美戲院", 場次時間: 20250517 15:20
[2025-05-19T09:15:54.886Z] 找不到電影: "宮?駿的奇幻世界", 電影院: "真善美戲院", 場次時間: 20250517 15:50
[2025-05-19T09:15:55.433Z] 找不到電影: "頤和園", 電影院: "真善美戲院", 場次時間: 20250517 20:50
[2025-05-19T09:16:17.657Z] 找不到電影: "死亡日記", 電影院: "光點華山電影館", 場次時間: 20250517 14:20
[2025-05-19T09:16:17.794Z] 找不到電影: "頤和園", 電影院: "光點華山電影館", 場次時間: 20250517 20:30
[2025-05-19T09:16:18.435Z] 找不到電影: "死亡日記", 電影院: "光點華山電影館", 場次時間: 20250518 14:20
[2025-05-19T09:16:18.883Z] 找不到電影: "頤和園", 電影院: "光點華山電影館", 場次時間: 20250518 20:30
[2025-05-19T09:16:19.027Z] 找不到電影: "宮?駿的奇幻世界", 電影院: "光點華山電影館", 場次時間: 20250518 12:35
[2025-05-19T09:16:29.874Z] 找不到電影: "宮?駿的奇幻世界", 電影院: "百老匯影城公館店", 場次時間: 20250517 11:00
[2025-05-19T09:16:48.845Z] 找不到電影: "宮?駿的奇幻世界", 電影院: "台北天母新光影城", 場次時間: 20250517 15:40
[2025-05-19T09:17:04.656Z] 找不到電影: "宮?駿的奇幻世界", 電影院: "欣欣秀泰影城", 場次時間: 20250517 11:20
[2025-05-19T09:17:21.736Z] 找不到電影: "宮?駿的奇幻世界", 電影院: "國賓長春影城", 場次時間: 20250517 11:20
[2025-05-19T09:17:22.554Z] 找不到電影: "頤和園", 電影院: "國賓長春影城", 場次時間: 20250517 10:50
[2025-05-19T09:17:27.312Z] 找不到電影: "非紳士特攻隊", 電影院: "景美佳佳戲院", 場次時間: 20250518 11:00
[2025-05-19T09:17:27.446Z] 找不到電影: "非紳士特攻隊", 電影院: "景美佳佳戲院", 場次時間: 20250518 14:45
[2025-05-19T09:17:27.582Z] 找不到電影: "非紳士特攻隊", 電影院: "景美佳佳戲院", 場次時間: 20250518 18:30
[2025-05-19T09:30:14.688Z] 找不到電影: "死亡日記", 電影院: "台北信義威秀", 場次時間: 20250517 18:10
[2025-05-19T09:30:36.858Z] 找不到電影: "搜查?公圳", 電影院: "MUVIE CINEMAS台北松仁威秀", 場次時間: 20250517 13:30
[2025-05-19T09:30:51.225Z] 找不到電影: "死亡日記", 電影院: "台北南港LaLaport威秀影城", 場次時間: 20250517 23:00
[2025-05-19T09:31:18.270Z] 找不到電影: "死亡日記", 電影院: "喜樂時代影城", 場次時間: 20250517 17:30
[2025-05-19T09:31:18.430Z] 找不到電影: "死亡日記", 電影院: "喜樂時代影城", 場次時間: 20250517 21:30
[2025-05-19T09:31:22.873Z] 找不到電影: "宮?駿的奇幻世界", 電影院: "喜樂時代影城", 場次時間: 20250517 11:35
[2025-05-19T09:31:23.085Z] 找不到電影: "宮?駿的奇幻世界", 電影院: "喜樂時代影城", 場次時間: 20250517 18:00
[2025-05-19T09:31:23.561Z] 找不到電影: "頤和園", 電影院: "喜樂時代影城", 場次時間: 20250517 13:25
[2025-05-19T09:31:39.666Z] 找不到電影: "死亡日記", 電影院: "誠品電影院", 場次時間: 20250517 12:35
[2025-05-19T09:31:39.799Z] 找不到電影: "死亡日記", 電影院: "誠品電影院", 場次時間: 20250517 21:25
[2025-05-19T09:31:41.555Z] 找不到電影: "頤和園", 電影院: "誠品電影院", 場次時間: 20250517 14:40
[2025-05-19T09:31:41.694Z] 找不到電影: "頤和園", 電影院: "誠品電影院", 場次時間: 20250517 21:05
[2025-05-19T09:31:41.998Z] 找不到電影: "宮?駿的奇幻世界", 電影院: "誠品電影院", 場次時間: 20250517 10:40
[2025-05-19T09:32:03.506Z] 找不到電影: "搜查?公圳", 電影院: "台北京站威秀", 場次時間: 20250517 17:00
[2025-05-19T09:32:03.649Z] 找不到電影: "搜查?公圳", 電影院: "台北京站威秀", 場次時間: 20250517 19:10
[2025-05-19T09:32:10.829Z] 找不到電影: "學姊是男孩劇場版：雨後天晴", 電影院: "台北京站威秀", 場次時間: 20250517 09:20
[2025-05-19T09:32:23.720Z] 找不到電影: "死亡日記", 電影院: "真善美戲院", 場次時間: 20250517 15:20
[2025-05-19T09:32:24.288Z] 找不到電影: "宮?駿的奇幻世界", 電影院: "真善美戲院", 場次時間: 20250517 15:50
[2025-05-19T09:32:24.884Z] 找不到電影: "頤和園", 電影院: "真善美戲院", 場次時間: 20250517 20:50
[2025-05-19T09:32:46.144Z] 找不到電影: "死亡日記", 電影院: "光點華山電影館", 場次時間: 20250517 14:20
[2025-05-19T09:32:46.298Z] 找不到電影: "頤和園", 電影院: "光點華山電影館", 場次時間: 20250517 20:30
[2025-05-19T09:32:46.844Z] 找不到電影: "死亡日記", 電影院: "光點華山電影館", 場次時間: 20250518 14:20
[2025-05-19T09:32:47.183Z] 找不到電影: "頤和園", 電影院: "光點華山電影館", 場次時間: 20250518 20:30
[2025-05-19T09:32:47.317Z] 找不到電影: "宮?駿的奇幻世界", 電影院: "光點華山電影館", 場次時間: 20250518 12:35
[2025-05-19T09:32:57.800Z] 找不到電影: "宮?駿的奇幻世界", 電影院: "百老匯影城公館店", 場次時間: 20250517 11:00
[2025-05-19T09:33:22.511Z] 找不到電影: "宮?駿的奇幻世界", 電影院: "台北天母新光影城", 場次時間: 20250517 15:40
[2025-05-19T09:33:37.760Z] 找不到電影: "宮?駿的奇幻世界", 電影院: "欣欣秀泰影城", 場次時間: 20250517 11:20
[2025-05-19T09:33:53.871Z] 找不到電影: "宮?駿的奇幻世界", 電影院: "國賓長春影城", 場次時間: 20250517 11:20
[2025-05-19T09:33:54.629Z] 找不到電影: "頤和園", 電影院: "國賓長春影城", 場次時間: 20250517 10:50
[2025-05-19T09:33:59.331Z] 找不到電影: "非紳士特攻隊", 電影院: "景美佳佳戲院", 場次時間: 20250518 11:00
[2025-05-19T09:33:59.466Z] 找不到電影: "非紳士特攻隊", 電影院: "景美佳佳戲院", 場次時間: 20250518 14:45
[2025-05-19T09:33:59.653Z] 找不到電影: "非紳士特攻隊", 電影院: "景美佳佳戲院", 場次時間: 20250518 18:30
