2025-05-16 17:42:25,266 - INFO - 成功連接到資料庫
2025-05-16 17:42:25,392 - ERROR - 獲取沒有海報的電影列表時出錯: column "title" does not exist
LINE 2:                 SELECT id, atmovies_id, title, original_titl...
                                                ^

2025-05-16 17:42:25,393 - INFO - 沒有需要處理的電影
2025-05-16 17:42:25,393 - INFO - 非同步HTTP session已關閉
2025-05-16 17:42:25,394 - INFO - 資料庫連接已關閉
2025-05-16 17:43:23,447 - INFO - 成功連接到資料庫
2025-05-16 17:43:23,635 - INFO - 找到 100 部沒有海報的電影
2025-05-16 17:43:23,635 - INFO - 處理電影: 歌劇生死戀 The Opera! (ID: 176)
2025-05-16 17:43:24,481 - INFO - 找到唯一的搜尋結果: 歌劇生死戀 (ID: 1261049)
2025-05-16 17:43:24,620 - INFO - 已更新電影 ID 176 的海報資訊: TMDB ID 1261049, 海報 URL https://image.tmdb.org/t/p/original/hBobr2XoBH3zvKd5AfEexThxwnr.jpg
2025-05-16 17:43:25,122 - INFO - 處理電影: Ado SPECIAL LIVE “心臟” in Cinema Ado SPECIAL LIVE “Shinzou” in Cinema (ID: 216)
2025-05-16 17:43:25,378 - WARNING - 在TMDB上找不到電影: Ado SPECIAL LIVE “心臟” in Cinema Ado SPECIAL LIVE “Shinzou” in Cinema
2025-05-16 17:43:25,378 - INFO - 使用原始標題 SPECIAL LIVE “心臟” in Cinema Ado SPECIAL LIVE “Shinzou” in Cinema 重新搜索
2025-05-16 17:43:25,631 - WARNING - 在TMDB上找不到電影: SPECIAL LIVE “心臟” in Cinema Ado SPECIAL LIVE “Shinzou” in Cinema
2025-05-16 17:43:25,631 - WARNING - 在TMDB上找不到電影: Ado SPECIAL LIVE “心臟” in Cinema Ado SPECIAL LIVE “Shinzou” in Cinema
2025-05-16 17:43:26,132 - INFO - 處理電影: 劇場版 世界計畫 Colorful Stage! The Movie: A Miku Who Can't Sing (ID: 219)
2025-05-16 17:43:26,393 - INFO - 找到唯一的搜尋結果: 劇場版 世界計畫 崩壞的世界與無法歌唱的初音未來 (ID: 1322752)
2025-05-16 17:43:26,630 - INFO - 已更新電影 ID 219 的海報資訊: TMDB ID 1322752, 海報 URL https://image.tmdb.org/t/p/original/vCIfP3PFQ6vx23U4ZCMMygrc1eB.jpg
2025-05-16 17:43:27,131 - INFO - 處理電影: 美國隊長：無畏新世界 Captain America: Brave New World (ID: 189)
2025-05-16 17:43:27,391 - INFO - 找到唯一的搜尋結果: 美國隊長：無畏新世界 (ID: 822119)
2025-05-16 17:43:27,674 - INFO - 已更新電影 ID 189 的海報資訊: TMDB ID 822119, 海報 URL https://image.tmdb.org/t/p/original/uaed9ZZbdOK39feGoA8iNCmbE6.jpg
2025-05-16 17:43:28,176 - INFO - 處理電影: 非紳士特攻隊 The Ministry of Ungentlemanly Warfare (ID: 197)
2025-05-16 17:43:28,430 - INFO - 找到唯一的搜尋結果: 非紳士特攻隊 (ID: 799583)
2025-05-16 17:43:28,686 - INFO - 已更新電影 ID 197 的海報資訊: TMDB ID 799583, 海報 URL https://image.tmdb.org/t/p/original/eIUo4bcXxxwsIXjfuMySIve7ufm.jpg
2025-05-16 17:43:29,188 - INFO - 處理電影: 雷霆特攻隊* Thunderbolts (ID: 179)
2025-05-16 17:43:29,443 - INFO - 找到唯一的搜尋結果: 雷霆特攻隊＊ (ID: 986056)
2025-05-16 17:43:29,795 - INFO - 已更新電影 ID 179 的海報資訊: TMDB ID 986056, 海報 URL https://image.tmdb.org/t/p/original/vU3Ir6FXUvHvm3ASYN7Wl0qhgLn.jpg
2025-05-16 17:43:30,297 - INFO - 處理電影: 對街的小星星 Solitude (ID: 204)
2025-05-16 17:43:30,555 - INFO - 找到唯一的搜尋結果: 對街的小星星 (ID: 1053947)
2025-05-16 17:43:31,243 - INFO - 已更新電影 ID 204 的海報資訊: TMDB ID 1053947, 海報 URL https://image.tmdb.org/t/p/original/aD4tp0xy94HOotSYq5QuZVAKwlG.jpg
2025-05-16 17:43:31,750 - INFO - 處理電影: 不可能的任務：最終清算 Mission: Impossible - The Final Reckoning (ID: 205)
2025-05-16 17:43:32,009 - INFO - 找到唯一的搜尋結果: 不可能的任務：最終清算 (ID: 575265)
2025-05-16 17:43:32,197 - INFO - 已更新電影 ID 205 的海報資訊: TMDB ID 575265, 海報 URL https://image.tmdb.org/t/p/original/yST2muE4NfZTE0y3uMne1iQJYi1.jpg
2025-05-16 17:43:32,698 - INFO - 處理電影: 花束般的戀愛 We Made a Beautiful Bouquet (ID: 206)
2025-05-16 17:43:32,963 - INFO - 找到唯一的搜尋結果: 花束般的戀愛 (ID: 695932)
2025-05-16 17:43:33,158 - INFO - 已更新電影 ID 206 的海報資訊: TMDB ID 695932, 海報 URL https://image.tmdb.org/t/p/original/3Z8ezMWxB7lH8MfRCV0X0RHQLWz.jpg
2025-05-16 17:43:33,659 - INFO - 處理電影: 萬王之王 The King of Kings (ID: 207)
2025-05-16 17:43:33,922 - INFO - 找到唯一的搜尋結果: 萬王之王 (ID: 1181107)
2025-05-16 17:43:34,137 - INFO - 已更新電影 ID 207 的海報資訊: TMDB ID 1181107, 海報 URL https://image.tmdb.org/t/p/original/n66WEgkJGndAgaM6igMn43U6qHz.jpg
2025-05-16 17:43:34,639 - INFO - 處理電影: 取精急轉彎 Spermageddon (ID: 208)
2025-05-16 17:43:34,901 - INFO - 找到唯一的搜尋結果: 取精急轉彎 (ID: 1064307)
2025-05-16 17:43:35,086 - INFO - 已更新電影 ID 208 的海報資訊: TMDB ID 1064307, 海報 URL https://image.tmdb.org/t/p/original/dZ57Jy8oohLNjXpk9CIQozpRFF9.jpg
2025-05-16 17:43:35,587 - INFO - 處理電影: 怪獸8號：Mission Recon Kaiju No.8 (ID: 209)
2025-05-16 17:43:35,852 - INFO - 找到唯一的搜尋結果: 怪獸8號：Mission Recon (ID: 1326106)
2025-05-16 17:43:36,037 - INFO - 已更新電影 ID 209 的海報資訊: TMDB ID 1326106, 海報 URL https://image.tmdb.org/t/p/original/gGjJIqPkPYLnbEvsACDQn8ZIEBh.jpg
2025-05-16 17:43:36,539 - INFO - 處理電影: GIVEN被贈與的未來劇場版：去海邊 Given 3: To the Sea (ID: 210)
2025-05-16 17:43:36,794 - WARNING - 在TMDB上找不到電影: GIVEN被贈與的未來劇場版：去海邊 Given 3: To the Sea
2025-05-16 17:43:36,794 - INFO - 使用原始標題 Given 3: To the Sea 重新搜索
2025-05-16 17:43:37,046 - INFO - 找到唯一的搜尋結果: Given the Movie: To the Sea (ID: 1317276)
2025-05-16 17:43:37,234 - INFO - 已更新電影 ID 210 的海報資訊: TMDB ID 1317276, 海報 URL https://image.tmdb.org/t/p/original/2VLnT5JtJ77ErG6GD3c1J628VLp.jpg
2025-05-16 17:43:37,736 - INFO - 處理電影: 直到黎明 UNTIL DAWN (ID: 211)
2025-05-16 17:43:37,998 - INFO - 找到多個搜尋結果，使用第一個: 直到黎明 (ID: 1232546)
2025-05-16 17:43:38,177 - INFO - 已更新電影 ID 211 的海報資訊: TMDB ID 1232546, 海報 URL https://image.tmdb.org/t/p/original/kT6rj31OS5r0jLahUAxuDlApuY6.jpg
2025-05-16 17:43:38,679 - INFO - 處理電影: 器子 Organ Girl (ID: 213)
2025-05-16 17:43:38,938 - INFO - 找到唯一的搜尋結果: 器子 (ID: 1005985)
2025-05-16 17:43:39,126 - INFO - 已更新電影 ID 213 的海報資訊: TMDB ID 1005985, 海報 URL https://image.tmdb.org/t/p/original/1S1vakUhL2hDEDQVhL2kmZGKztJ.jpg
2025-05-16 17:43:39,627 - INFO - 處理電影: 秘密會議 Conclave (ID: 215)
2025-05-16 17:43:39,876 - INFO - 找到唯一的搜尋結果: 秘密會議 (ID: 974576)
2025-05-16 17:43:40,125 - INFO - 已更新電影 ID 215 的海報資訊: TMDB ID 974576, 海報 URL https://image.tmdb.org/t/p/original/1BWhKsbUTiBD0WQhrOfQlU6zrc5.jpg
2025-05-16 17:43:40,627 - INFO - 處理電影: 超人力霸王雅克 Ultraman Arc the Movie (ID: 224)
2025-05-16 17:43:40,880 - INFO - 找到唯一的搜尋結果: 超人力霸王雅克 THE MOVIE 超次元大決戰！光與暗的雅克 (ID: 1392079)
2025-05-16 17:43:41,063 - INFO - 已更新電影 ID 224 的海報資訊: TMDB ID 1392079, 海報 URL https://image.tmdb.org/t/p/original/tdU5hCURLcRy8JTYwLfti0mchYi.jpg
2025-05-16 17:43:41,564 - INFO - 處理電影: 青春末世物語 Happyend (ID: 225)
2025-05-16 17:43:41,821 - INFO - 找到唯一的搜尋結果: 青春末世物語 (ID: 730251)
2025-05-16 17:43:42,005 - INFO - 已更新電影 ID 225 的海報資訊: TMDB ID 730251, 海報 URL https://image.tmdb.org/t/p/original/lIHRSdRuxKcSRDAuigveXKIlf98.jpg
2025-05-16 17:43:42,506 - INFO - 處理電影: 跳進部落的孩子 Dancing Home (ID: 217)
2025-05-16 17:43:42,764 - INFO - 找到唯一的搜尋結果: 跳進部落的孩子 (ID: 1369302)
2025-05-16 17:43:42,953 - INFO - 已更新電影 ID 217 的海報資訊: TMDB ID 1369302, 海報 URL https://image.tmdb.org/t/p/original/nfpp4DyCwnN9ow9SXK9AjF3pqng.jpg
2025-05-16 17:43:43,455 - INFO - 處理電影: 學姊是男孩劇場版 Senpai is an Otokonoko (ID: 218)
2025-05-16 17:43:43,719 - INFO - 找到唯一的搜尋結果: 學姊是男孩劇場版：雨後天晴 (ID: 1362429)
2025-05-16 17:43:43,907 - INFO - 已更新電影 ID 218 的海報資訊: TMDB ID 1362429, 海報 URL https://image.tmdb.org/t/p/original/qOCnr7MNK3jbWcLFusveOd2wsIe.jpg
2025-05-16 17:43:44,409 - INFO - 處理電影: 我在平行時空戀上妳 My Beloved Stranger (ID: 220)
2025-05-16 17:43:44,670 - WARNING - 在TMDB上找不到電影: 我在平行時空戀上妳 My Beloved Stranger
2025-05-16 17:43:44,671 - INFO - 使用原始標題 My Beloved Stranger 重新搜索
2025-05-16 17:43:44,941 - INFO - 找到完全匹配的電影: My Beloved Stranger (ID: 1323008)
2025-05-16 17:43:45,126 - INFO - 已更新電影 ID 220 的海報資訊: TMDB ID 1323008, 海報 URL https://image.tmdb.org/t/p/original/p9ZefGoangnFu3AKFMC1znUpATP.jpg
2025-05-16 17:43:45,627 - INFO - 處理電影: 天氣之子 Weathering With You (ID: 221)
2025-05-16 17:43:45,893 - INFO - 找到唯一的搜尋結果: 天氣之子 (ID: 568160)
2025-05-16 17:43:46,082 - INFO - 已更新電影 ID 221 的海報資訊: TMDB ID 568160, 海報 URL https://image.tmdb.org/t/p/original/4IKNr9R9HpaIUFVHivTDa3Vdplj.jpg
2025-05-16 17:43:46,584 - INFO - 處理電影: 看我今天怎麼說 The Way We Talk (ID: 222)
2025-05-16 17:43:46,847 - INFO - 找到唯一的搜尋結果: 看我今天怎麼說 (ID: 1239041)
2025-05-16 17:43:47,034 - INFO - 已更新電影 ID 222 的海報資訊: TMDB ID 1239041, 海報 URL https://image.tmdb.org/t/p/original/zenxhMKliGNzaZAXdoeO8WetfbI.jpg
2025-05-16 17:43:47,535 - INFO - 處理電影: 少年與狗 The Boy and the Dog (ID: 223)
2025-05-16 17:43:47,800 - INFO - 找到唯一的搜尋結果: 少年與狗 (ID: 1317090)
2025-05-16 17:43:47,993 - INFO - 已更新電影 ID 223 的海報資訊: TMDB ID 1317090, 海報 URL https://image.tmdb.org/t/p/original/1XbrDPFfzwErQG21DgEjqgaQoi9.jpg
2025-05-16 17:43:48,494 - INFO - 處理電影: 白雪公主 Snow White and the Seven Dwarfs (ID: 237)
2025-05-16 17:43:48,795 - INFO - 找到多個搜尋結果，使用第一個: 白雪公主 (ID: 408)
2025-05-16 17:43:48,987 - INFO - 已更新電影 ID 237 的海報資訊: TMDB ID 408, 海報 URL https://image.tmdb.org/t/p/original/mKNQnN2SUxoJlnKUU0pswVjFggD.jpg
2025-05-16 17:43:49,489 - INFO - 處理電影: 鬼保母 Baba Yaga: Terror of the Dark Forest (ID: 242)
2025-05-16 17:43:49,757 - INFO - 找到唯一的搜尋結果: 鬼保母 (ID: 575088)
2025-05-16 17:43:49,947 - INFO - 已更新電影 ID 242 的海報資訊: TMDB ID 575088, 海報 URL https://image.tmdb.org/t/p/original/4hn2UP41KQJmMLCQXJWeUcNjmz.jpg
2025-05-16 17:43:50,448 - INFO - 處理電影: 極速引爆 Hard Hit (ID: 243)
2025-05-16 17:43:50,710 - INFO - 找到唯一的搜尋結果: 極速引爆 (ID: 654739)
2025-05-16 17:43:50,906 - INFO - 已更新電影 ID 243 的海報資訊: TMDB ID 654739, 海報 URL https://image.tmdb.org/t/p/original/h2IvsspAGJLUuJJxAVi2qHJe3fv.jpg
2025-05-16 17:43:51,407 - INFO - 處理電影: 留給未來的殘影 Afterimage for Tomorrow (ID: 244)
2025-05-16 17:43:51,741 - INFO - 找到唯一的搜尋結果: 留給未來的殘影 (ID: 562246)
2025-05-16 17:43:51,928 - INFO - 已更新電影 ID 244 的海報資訊: TMDB ID 562246, 海報 URL https://image.tmdb.org/t/p/original/fOaTrKYfhXqQIJcdBTzGpx9cjL4.jpg
2025-05-16 17:43:52,430 - INFO - 處理電影: 舞池漫波 Bodies of Water (ID: 245)
2025-05-16 17:43:52,678 - WARNING - 在TMDB上找不到電影: 舞池漫波 Bodies of Water
2025-05-16 17:43:52,678 - INFO - 使用原始標題 Bodies of Water 重新搜索
2025-05-16 17:43:52,934 - INFO - 找到完全匹配的電影: Bodies of Water (ID: 738464)
2025-05-16 17:43:53,124 - INFO - 已更新電影 ID 245 的海報資訊: TMDB ID 738464, 海報 URL https://image.tmdb.org/t/p/original/NEjjwaOKv9oYG97MXmOYwmFvi0.jpg
2025-05-16 17:43:53,625 - INFO - 處理電影: 石像鬼歹逗陣 Gargoyle Doyle (ID: 247)
2025-05-16 17:43:53,881 - WARNING - 在TMDB上找不到電影: 石像鬼歹逗陣 Gargoyle Doyle
2025-05-16 17:43:53,881 - INFO - 使用原始標題 Gargoyle Doyle 重新搜索
2025-05-16 17:43:54,129 - INFO - 找到完全匹配的電影: Gargoyle Doyle (ID: 1286511)
2025-05-16 17:43:54,311 - INFO - 已更新電影 ID 247 的海報資訊: TMDB ID 1286511, 海報 URL https://image.tmdb.org/t/p/original/6mMXFbfLTX6O4H8F9HfnZVD9Zre.jpg
2025-05-16 17:43:54,812 - INFO - 處理電影: 心的告白 Heartbeat (ID: 248)
2025-05-16 17:43:55,068 - WARNING - 在TMDB上找不到電影: 心的告白 Heartbeat
2025-05-16 17:43:55,068 - INFO - 使用原始標題 Heartbeat 重新搜索
2025-05-16 17:43:55,479 - INFO - 找到完全匹配的電影: Heartbeat (ID: 727796)
2025-05-16 17:43:55,670 - INFO - 已更新電影 ID 248 的海報資訊: TMDB ID 727796, 海報 URL https://image.tmdb.org/t/p/original/ppbMpesLraB3mWVwkBmRGFbsGgf.jpg
2025-05-16 17:43:56,171 - INFO - 處理電影: 茶道小精靈：千 Sen (ID: 249)
2025-05-16 17:43:56,432 - WARNING - 在TMDB上找不到電影: 茶道小精靈：千 Sen
2025-05-16 17:43:56,432 - INFO - 使用原始標題 Sen 重新搜索
2025-05-16 17:43:56,682 - INFO - 找到完全匹配的電影: Sen (ID: 853042)
2025-05-16 17:43:56,683 - WARNING - TMDB電影 Sen 沒有ID或海報路徑
2025-05-16 17:43:57,184 - INFO - 處理電影: 開心鬼上身 HELLO GHOST(2010) (ID: 226)
2025-05-16 17:43:57,435 - INFO - 找到唯一的搜尋結果: 開心鬼上身 (ID: 62439)
2025-05-16 17:43:57,641 - INFO - 已更新電影 ID 226 的海報資訊: TMDB ID 62439, 海報 URL https://image.tmdb.org/t/p/original/eABJoKMxXky1R13aR2E9It90Djm.jpg
2025-05-16 17:43:58,142 - INFO - 處理電影: 小王子 Little Prince (ID: 227)
2025-05-16 17:43:58,407 - INFO - 找到多個搜尋結果，使用第一個: The Little Prince (ID: 37627)
2025-05-16 17:43:58,596 - INFO - 已更新電影 ID 227 的海報資訊: TMDB ID 37627, 海報 URL https://image.tmdb.org/t/p/original/ts0TGlxlBffnXXOFuzqpuqQEVdp.jpg
2025-05-16 17:43:59,097 - INFO - 處理電影: 復活劫 Handling the Undead (ID: 228)
2025-05-16 17:43:59,349 - INFO - 找到唯一的搜尋結果: 復活劫 (ID: 1020896)
2025-05-16 17:43:59,577 - INFO - 已更新電影 ID 228 的海報資訊: TMDB ID 1020896, 海報 URL https://image.tmdb.org/t/p/original/w0kvHuCoJs8oUhaLCnjfyPaugkX.jpg
2025-05-16 17:44:00,078 - INFO - 處理電影: 喬王出任務 Lobby (ID: 230)
2025-05-16 17:44:00,332 - INFO - 找到唯一的搜尋結果: 喬王出任務 (ID: 1129557)
2025-05-16 17:44:00,535 - INFO - 已更新電影 ID 230 的海報資訊: TMDB ID 1129557, 海報 URL https://image.tmdb.org/t/p/original/5mXPE4N99lpCBnvb4hDWjbB0wxJ.jpg
2025-05-16 17:44:01,037 - INFO - 處理電影: 鬼房客 The Tenant (ID: 231)
2025-05-16 17:44:01,284 - INFO - 找到唯一的搜尋結果: 鬼房客 (ID: 1276131)
2025-05-16 17:44:01,530 - INFO - 已更新電影 ID 231 的海報資訊: TMDB ID 1276131, 海報 URL https://image.tmdb.org/t/p/original/vyrK4aOD14ozbi56JiuLGPa7wmn.jpg
2025-05-16 17:44:02,031 - INFO - 處理電影: 銀魂劇場版2D 金魂篇 Gintama On Theatre 2D Kintama-hen (ID: 232)
2025-05-16 17:44:02,288 - WARNING - 在TMDB上找不到電影: 銀魂劇場版2D 金魂篇 Gintama On Theatre 2D Kintama-hen
2025-05-16 17:44:02,288 - INFO - 使用原始標題 金魂篇 Gintama On Theatre 2D Kintama-hen 重新搜索
2025-05-16 17:44:02,538 - WARNING - 在TMDB上找不到電影: 金魂篇 Gintama On Theatre 2D Kintama-hen
2025-05-16 17:44:02,538 - WARNING - 在TMDB上找不到電影: 銀魂劇場版2D 金魂篇 Gintama On Theatre 2D Kintama-hen
2025-05-16 17:44:03,040 - INFO - 處理電影: 復仇反擊戰 The Amateur (ID: 233)
2025-05-16 17:44:03,295 - INFO - 找到唯一的搜尋結果: 復仇反擊戰 (ID: 1087891)
2025-05-16 17:44:03,478 - INFO - 已更新電影 ID 233 的海報資訊: TMDB ID 1087891, 海報 URL https://image.tmdb.org/t/p/original/bgkVm20XVVLdRlwzaIfMSvXVApF.jpg
2025-05-16 17:44:03,980 - INFO - 處理電影: 夏之庭 The Friends(1994) (ID: 234)
2025-05-16 17:44:04,233 - WARNING - 在TMDB上找不到電影: 夏之庭 The Friends(1994)
2025-05-16 17:44:04,233 - INFO - 使用原始標題 The Friends(1994) 重新搜索
2025-05-16 17:44:04,483 - WARNING - 在TMDB上找不到電影: The Friends(1994)
2025-05-16 17:44:04,484 - WARNING - 在TMDB上找不到電影: 夏之庭 The Friends(1994)
2025-05-16 17:44:04,985 - INFO - 處理電影: 型男主廚三星夢：巴黎篇 Grand Maison Paris (ID: 235)
2025-05-16 17:44:05,238 - INFO - 找到唯一的搜尋結果: 型男主廚三星夢：巴黎篇 (ID: 1306061)
2025-05-16 17:44:05,442 - INFO - 已更新電影 ID 235 的海報資訊: TMDB ID 1306061, 海報 URL https://image.tmdb.org/t/p/original/7eNHCTDRWmectIHLYIt14kqQHbc.jpg
2025-05-16 17:44:05,943 - INFO - 處理電影: 當我們懶在一起 The Sloth Lane (ID: 236)
2025-05-16 17:44:06,199 - WARNING - 在TMDB上找不到電影: 當我們懶在一起 The Sloth Lane
2025-05-16 17:44:06,199 - INFO - 使用原始標題 The Sloth Lane 重新搜索
2025-05-16 17:44:06,446 - INFO - 找到完全匹配的電影: The Sloth Lane (ID: 1189423)
2025-05-16 17:44:06,690 - INFO - 已更新電影 ID 236 的海報資訊: TMDB ID 1189423, 海報 URL https://image.tmdb.org/t/p/original/toBN1A9AnhoUzXyu9gaVyQVJehp.jpg
2025-05-16 17:44:07,192 - INFO - 處理電影: 劇場版「進擊的巨人」完結篇 Attack on Titan: THE LAST ATTACK (ID: 239)
2025-05-16 17:44:07,468 - INFO - 找到唯一的搜尋結果: 劇場版「進擊的巨人」完結篇THE LAST ATTACK (ID: 1333100)
2025-05-16 17:44:07,656 - INFO - 已更新電影 ID 239 的海報資訊: TMDB ID 1333100, 海報 URL https://image.tmdb.org/t/p/original/kkbGiEFXaLFWKLuJzMMJ4oEjUXS.jpg
2025-05-16 17:44:08,157 - INFO - 處理電影: 十字路口的豬 Pig at the Crossing (ID: 240)
2025-05-16 17:44:08,432 - INFO - 找到唯一的搜尋結果: 十字路口的豬 (ID: 1287986)
2025-05-16 17:44:08,614 - INFO - 已更新電影 ID 240 的海報資訊: TMDB ID 1287986, 海報 URL https://image.tmdb.org/t/p/original/gY5QrFznHiGzDnLmUeaiT3SfLug.jpg
2025-05-16 17:44:09,116 - INFO - 處理電影: 與夢前行 宮﨑駿 Hayao Miyazaki and the Heron (ID: 241)
2025-05-16 17:44:09,383 - INFO - 找到唯一的搜尋結果: 與夢前行 宮﨑駿：蒼鷺與少年創作全紀錄 (ID: 1292585)
2025-05-16 17:44:09,565 - INFO - 已更新電影 ID 241 的海報資訊: TMDB ID 1292585, 海報 URL https://image.tmdb.org/t/p/original/ihxkyyvLdAjpRfBNXSpEFx6joSN.jpg
2025-05-16 17:44:10,067 - INFO - 處理電影: 我的乳房逃跑中 The Elephant I Found Under My Skin (ID: 246)
2025-05-16 17:44:10,328 - WARNING - 在TMDB上找不到電影: 我的乳房逃跑中 The Elephant I Found Under My Skin
2025-05-16 17:44:10,328 - INFO - 使用原始標題 The Elephant I Found Under My Skin 重新搜索
2025-05-16 17:44:10,586 - WARNING - 在TMDB上找不到電影: The Elephant I Found Under My Skin
2025-05-16 17:44:10,586 - WARNING - 在TMDB上找不到電影: 我的乳房逃跑中 The Elephant I Found Under My Skin
2025-05-16 17:44:11,088 - INFO - 處理電影: 北極小迷狐：吉娜&尤克 Kina & Yuk (ID: 229)
2025-05-16 17:44:11,346 - INFO - 找到唯一的搜尋結果: 北極小迷狐：吉娜&尤克 (ID: 983015)
2025-05-16 17:44:11,530 - INFO - 已更新電影 ID 229 的海報資訊: TMDB ID 983015, 海報 URL https://image.tmdb.org/t/p/original/2RgTd54xEtKEf2zbxP2LFlmAVfa.jpg
2025-05-16 17:44:12,032 - INFO - 處理電影: 喵的奇幻漂流 Flow (ID: 238)
2025-05-16 17:44:12,281 - INFO - 找到唯一的搜尋結果: 喵的奇幻漂流 (ID: 823219)
2025-05-16 17:44:12,474 - INFO - 已更新電影 ID 238 的海報資訊: TMDB ID 823219, 海報 URL https://image.tmdb.org/t/p/original/tn89woD33WgLgT7ZMUr1r47hnql.jpg
2025-05-16 17:44:12,975 - INFO - 處理電影: 傾城之戀 (ID: 152)
2025-05-16 17:44:13,267 - INFO - 找到完全匹配的電影: 傾城之戀 (ID: 171816)
2025-05-16 17:44:13,453 - INFO - 已更新電影 ID 152 的海報資訊: TMDB ID 171816, 海報 URL https://image.tmdb.org/t/p/original/AkHCvHCaUcdlEwAvbBrDG2AY33W.jpg
2025-05-16 17:44:13,955 - INFO - 處理電影: 寄身殺手 (ID: 153)
2025-05-16 17:44:14,209 - INFO - 找到完全匹配的電影: 寄身殺手 (ID: 435615)
2025-05-16 17:44:14,390 - INFO - 已更新電影 ID 153 的海報資訊: TMDB ID 435615, 海報 URL https://image.tmdb.org/t/p/original/35eeRTgGhs7X3dc4vawl1l6MIPI.jpg
2025-05-16 17:44:14,891 - INFO - 處理電影: 附身 (ID: 154)
2025-05-16 17:44:15,161 - INFO - 找到完全匹配的電影: 附身 (ID: 166271)
2025-05-16 17:44:15,345 - INFO - 已更新電影 ID 154 的海報資訊: TMDB ID 166271, 海報 URL https://image.tmdb.org/t/p/original/gBsO7Sp3g1oOaxQ44pomsJLm7m7.jpg
2025-05-16 17:44:15,847 - INFO - 處理電影: 獅子王：木法沙 Mufasa: The Lion King (ID: 195)
2025-05-16 17:44:16,101 - INFO - 找到唯一的搜尋結果: 獅子王：木法沙 (ID: 762509)
2025-05-16 17:44:16,298 - INFO - 已更新電影 ID 195 的海報資訊: TMDB ID 762509, 海報 URL https://image.tmdb.org/t/p/original/c2wpotRQdZeGoaoJQzr7MQpJBjE.jpg
2025-05-16 17:44:16,802 - INFO - 處理電影: 狼人 Wolf Man (ID: 194)
2025-05-16 17:44:17,053 - INFO - 找到多個搜尋結果，使用第一個: 狼人 (ID: 710295)
2025-05-16 17:44:17,242 - INFO - 已更新電影 ID 194 的海報資訊: TMDB ID 710295, 海報 URL https://image.tmdb.org/t/p/original/diEmGZpvnyImaCtcp65yspSlxAf.jpg
2025-05-16 17:44:17,743 - INFO - 處理電影: 半生緣 (港) (ID: 155)
2025-05-16 17:44:18,007 - WARNING - 在TMDB上找不到電影: 半生緣 (港)
2025-05-16 17:44:18,007 - WARNING - 在TMDB上找不到電影: 半生緣 (港)
2025-05-16 17:44:18,509 - INFO - 處理電影: 為你找個家 (ID: 156)
2025-05-16 17:44:18,768 - INFO - 找到完全匹配的電影: 為你找個家 (ID: 728142)
2025-05-16 17:44:18,950 - INFO - 已更新電影 ID 156 的海報資訊: TMDB ID 728142, 海報 URL https://image.tmdb.org/t/p/original/bjfYsy0BtpxYTg60pq3HvruTe8t.jpg
2025-05-16 17:44:19,452 - INFO - 處理電影: 絕對味覺情人 (ID: 157)
2025-05-16 17:44:19,703 - INFO - 找到完全匹配的電影: 絕對味覺情人 (ID: 978202)
2025-05-16 17:44:19,978 - INFO - 已更新電影 ID 157 的海報資訊: TMDB ID 978202, 海報 URL https://image.tmdb.org/t/p/original/cllWEwtQJCTyram80LxWm6hciYJ.jpg
2025-05-16 17:44:20,480 - INFO - 處理電影: 近期上映 (ID: 161)
2025-05-16 17:44:20,731 - WARNING - 在TMDB上找不到電影: 近期上映
2025-05-16 17:44:20,732 - WARNING - 在TMDB上找不到電影: 近期上映
2025-05-16 17:44:21,233 - INFO - 處理電影: 新片快報 (ID: 162)
2025-05-16 17:44:21,486 - WARNING - 在TMDB上找不到電影: 新片快報
2025-05-16 17:44:21,487 - WARNING - 在TMDB上找不到電影: 新片快報
2025-05-16 17:44:21,988 - INFO - 處理電影: 二輪 List (ID: 163)
2025-05-16 17:44:22,253 - WARNING - 在TMDB上找不到電影: 二輪 List
2025-05-16 17:44:22,253 - WARNING - 在TMDB上找不到電影: 二輪 List
2025-05-16 17:44:22,754 - INFO - 處理電影: 二輪 List All (ID: 164)
2025-05-16 17:44:23,000 - WARNING - 在TMDB上找不到電影: 二輪 List All
2025-05-16 17:44:23,001 - WARNING - 在TMDB上找不到電影: 二輪 List All
2025-05-16 17:44:23,501 - INFO - 處理電影: 海洋奇緣2 Moana 2 (ID: 196)
2025-05-16 17:44:23,756 - INFO - 找到唯一的搜尋結果: 海洋奇緣2 (ID: 1241982)
2025-05-16 17:44:23,954 - INFO - 已更新電影 ID 196 的海報資訊: TMDB ID 1241982, 海報 URL https://image.tmdb.org/t/p/original/vyAk20KmD0GVp95ZcOgDkoXKq30.jpg
2025-05-16 17:44:24,455 - INFO - 處理電影: 罪人 Sinners (ID: 184)
2025-05-16 17:44:24,714 - INFO - 找到多個搜尋結果，使用第一個: 罪人 (ID: 1233413)
2025-05-16 17:44:24,912 - INFO - 已更新電影 ID 184 的海報資訊: TMDB ID 1233413, 海報 URL https://image.tmdb.org/t/p/original/9hRm4WVM3D5HzjMBTKSsPBOd50c.jpg
2025-05-16 17:44:25,414 - INFO - 處理電影: 本期首輪 (ID: 159)
2025-05-16 17:44:25,668 - WARNING - 在TMDB上找不到電影: 本期首輪
2025-05-16 17:44:25,668 - WARNING - 在TMDB上找不到電影: 本期首輪
2025-05-16 17:44:26,170 - INFO - 處理電影: 本期二輪 (ID: 160)
2025-05-16 17:44:26,487 - WARNING - 在TMDB上找不到電影: 本期二輪
2025-05-16 17:44:26,487 - WARNING - 在TMDB上找不到電影: 本期二輪
2025-05-16 17:44:26,989 - INFO - 處理電影: 窒息倒數 Last Breath (ID: 185)
2025-05-16 17:44:27,260 - INFO - 找到唯一的搜尋結果: 窒息倒數 (ID: 972533)
2025-05-16 17:44:27,510 - INFO - 已更新電影 ID 185 的海報資訊: TMDB ID 972533, 海報 URL https://image.tmdb.org/t/p/original/3UkUzS10UTdl9rfT0hkxQ9qTTBP.jpg
2025-05-16 17:44:28,011 - INFO - 處理電影: 柏靈頓：熊熊去秘魯 Paddington in Peru (ID: 251)
2025-05-16 17:44:28,265 - INFO - 找到唯一的搜尋結果: 柏靈頓：熊熊去秘魯 (ID: 516729)
2025-05-16 17:44:28,446 - INFO - 已更新電影 ID 251 的海報資訊: TMDB ID 516729, 海報 URL https://image.tmdb.org/t/p/original/sVBJ7rQhxQv2aLbAjalMIONhXBN.jpg
2025-05-16 17:44:28,947 - INFO - 處理電影: 誰在看著我們 Who are Watching over us (ID: 175)
2025-05-16 17:44:29,210 - INFO - 找到唯一的搜尋結果: 屍房菜 (ID: 1002317)
2025-05-16 17:44:29,415 - INFO - 已更新電影 ID 175 的海報資訊: TMDB ID 1002317, 海報 URL https://image.tmdb.org/t/p/original/iv7WZKutR9FGYuRg5LFA3hWFIAe.jpg
2025-05-16 17:44:29,917 - INFO - 處理電影: 長安三萬里 Chang An (ID: 212)
2025-05-16 17:44:30,190 - INFO - 找到唯一的搜尋結果: 長安三萬里 (ID: 1089654)
2025-05-16 17:44:30,404 - INFO - 已更新電影 ID 212 的海報資訊: TMDB ID 1089654, 海報 URL https://image.tmdb.org/t/p/original/7wxk8Ka5AGUIjCpEPg4vBOwSSul.jpg
2025-05-16 17:44:30,906 - INFO - 處理電影: 沈睡的水下巨人 Shipwrecks Taiwan (ID: 214)
2025-05-16 17:44:31,160 - INFO - 找到唯一的搜尋結果: 沈睡的水下巨人 (ID: 1452246)
2025-05-16 17:44:31,354 - INFO - 已更新電影 ID 214 的海報資訊: TMDB ID 1452246, 海報 URL https://image.tmdb.org/t/p/original/7DdvzQcKfGtd00tKsrmCB4ofemu.jpg
2025-05-16 17:44:31,855 - INFO - 處理電影: 2018大洪水 2018：Everyone is a Hero (ID: 192)
2025-05-16 17:44:32,109 - INFO - 找到唯一的搜尋結果: 2018大洪水 (ID: 866440)
2025-05-16 17:44:32,311 - INFO - 已更新電影 ID 192 的海報資訊: TMDB ID 866440, 海報 URL https://image.tmdb.org/t/p/original/wNBb6Vpl7lU0tSqPxPEQaFdjKBU.jpg
2025-05-16 17:44:32,812 - INFO - 處理電影: 夜校女生 The Uniform (ID: 187)
2025-05-16 17:44:33,087 - INFO - 找到唯一的搜尋結果: 夜校女生 (ID: 1335881)
2025-05-16 17:44:33,270 - INFO - 已更新電影 ID 187 的海報資訊: TMDB ID 1335881, 海報 URL https://image.tmdb.org/t/p/original/a1xWMqQLgW3xqnzS99HU9fN628E.jpg
2025-05-16 17:44:33,771 - INFO - 處理電影: 鑽石大劫案：極盜戰 Den of Thieves 2: Pantera (ID: 186)
2025-05-16 17:44:34,044 - INFO - 找到唯一的搜尋結果: 鑽石大劫案：極盜戰 (ID: 604685)
2025-05-16 17:44:34,236 - INFO - 已更新電影 ID 186 的海報資訊: TMDB ID 604685, 海報 URL https://image.tmdb.org/t/p/original/6l5fR5alRSWcWtOTSvNo4G6zXy7.jpg
2025-05-16 17:44:34,737 - INFO - 處理電影: 哈爾濱 Harbin (ID: 191)
2025-05-16 17:44:34,991 - INFO - 找到唯一的搜尋結果: 哈爾濱 (ID: 610251)
2025-05-16 17:44:35,176 - INFO - 已更新電影 ID 191 的海報資訊: TMDB ID 610251, 海報 URL https://image.tmdb.org/t/p/original/m1fbsYMGdEbUtfmbfJCksMcYYV.jpg
2025-05-16 17:44:35,678 - INFO - 處理電影: 破·地獄 Po · Dei Juk (ID: 188)
2025-05-16 17:44:35,959 - INFO - 找到唯一的搜尋結果: 破·地獄 (ID: 1226141)
2025-05-16 17:44:36,143 - INFO - 已更新電影 ID 188 的海報資訊: TMDB ID 1226141, 海報 URL https://image.tmdb.org/t/p/original/fA27nlZSOhCY8Zol2NHqaTdHo3w.jpg
2025-05-16 17:44:36,644 - INFO - 處理電影: 聖夜：惡魔都市 Holy Night: Demon Hunters (ID: 180)
2025-05-16 17:44:36,913 - INFO - 找到唯一的搜尋結果: 聖夜：惡魔都市 (ID: 793387)
2025-05-16 17:44:37,098 - INFO - 已更新電影 ID 180 的海報資訊: TMDB ID 793387, 海報 URL https://image.tmdb.org/t/p/original/mZ9AEdlSrRd7apiUMMmzPSvEJTj.jpg
2025-05-16 17:44:37,600 - INFO - 處理電影: 宮﨑駿的奇幻世界 Miyazaki, Spirit of Nature (ID: 171)
2025-05-16 17:44:37,858 - INFO - 找到唯一的搜尋結果: 宮﨑駿的奇幻世界 (ID: 1320480)
2025-05-16 17:44:38,063 - INFO - 已更新電影 ID 171 的海報資訊: TMDB ID 1320480, 海報 URL https://image.tmdb.org/t/p/original/2vKKMcUqfhtgpXQguBNr56jXDEM.jpg
2025-05-16 17:44:38,564 - INFO - 處理電影: 奧德蓋任務 Old Guy (ID: 167)
2025-05-16 17:44:38,825 - INFO - 找到唯一的搜尋結果: 奧德蓋任務 (ID: 1077782)
2025-05-16 17:44:39,018 - INFO - 已更新電影 ID 167 的海報資訊: TMDB ID 1077782, 海報 URL https://image.tmdb.org/t/p/original/rNsJtq50HuBGQ6jaIYR0zGSuiv2.jpg
2025-05-16 17:44:39,520 - INFO - 處理電影: ATEEZ演唱會電影 ATEEZ WORLD TOUR (ID: 173)
2025-05-16 17:44:39,784 - WARNING - 在TMDB上找不到電影: ATEEZ演唱會電影 ATEEZ WORLD TOUR
2025-05-16 17:44:39,784 - INFO - 使用原始標題 ATEEZ WORLD TOUR 重新搜索
2025-05-16 17:44:40,038 - INFO - 找到多個搜尋結果，使用第一個: ATEEZ WORLD TOUR [THE FELLOWSHIP : BREAK THE WALL] IN SEOUL (ID: 1149263)
2025-05-16 17:44:40,226 - INFO - 已更新電影 ID 173 的海報資訊: TMDB ID 1149263, 海報 URL https://image.tmdb.org/t/p/original/50y8pFvyWz0jWStMabmHYGGmPNK.jpg
2025-05-16 17:44:40,727 - INFO - 處理電影: 超時空武士 A Samurai in Time (ID: 172)
2025-05-16 17:44:40,992 - INFO - 找到唯一的搜尋結果: 超時空武士 (ID: 1287819)
2025-05-16 17:44:41,178 - INFO - 已更新電影 ID 172 的海報資訊: TMDB ID 1287819, 海報 URL https://image.tmdb.org/t/p/original/5sLOYRzdP7JTyZwZaOcl3aufGTQ.jpg
2025-05-16 17:44:41,680 - INFO - 處理電影: 所以親親會消失對不對 My Love Will Make You Disappear (ID: 174)
2025-05-16 17:44:41,937 - WARNING - 在TMDB上找不到電影: 所以親親會消失對不對 My Love Will Make You Disappear
2025-05-16 17:44:41,937 - INFO - 使用原始標題 My Love Will Make You Disappear 重新搜索
2025-05-16 17:44:42,175 - INFO - 找到完全匹配的電影: My Love Will Make You Disappear (ID: 1321380)
2025-05-16 17:44:42,358 - INFO - 已更新電影 ID 174 的海報資訊: TMDB ID 1321380, 海報 URL https://image.tmdb.org/t/p/original/niB2N7S2R9ADYPV48SN9U8r6IJh.jpg
2025-05-16 17:44:42,858 - INFO - 處理電影: 泣聲驚魂 The Wailing (ID: 177)
2025-05-16 17:44:43,119 - WARNING - 在TMDB上找不到電影: 泣聲驚魂 The Wailing
2025-05-16 17:44:43,119 - INFO - 使用原始標題 The Wailing 重新搜索
2025-05-16 17:44:43,379 - INFO - 找到完全匹配的電影: The Wailing (ID: 293670)
2025-05-16 17:44:43,562 - INFO - 已更新電影 ID 177 的海報資訊: TMDB ID 293670, 海報 URL https://image.tmdb.org/t/p/original/aXlL7yYwpXInhltamtzKQFBG08G.jpg
2025-05-16 17:44:44,063 - INFO - 處理電影: 本周新片 (ID: 158)
2025-05-16 17:44:44,323 - WARNING - 在TMDB上找不到電影: 本周新片
2025-05-16 17:44:44,324 - INFO - 使用原始標題 Final Destination: Bloodlines 重新搜索
2025-05-16 17:44:44,574 - INFO - 找到唯一的搜尋結果: Final Destination Bloodlines (ID: 574475)
2025-05-16 17:44:44,780 - INFO - 已更新電影 ID 158 的海報資訊: TMDB ID 574475, 海報 URL https://image.tmdb.org/t/p/original/cAoktVUBhGyULRoxV6mZ2LB3x7I.jpg
2025-05-16 17:44:45,282 - INFO - 處理電影: 怒女 Wannabe (ID: 199)
2025-05-16 17:44:45,539 - WARNING - 在TMDB上找不到電影: 怒女 Wannabe
2025-05-16 17:44:45,540 - INFO - 使用原始標題 Wannabe 重新搜索
2025-05-16 17:44:45,805 - INFO - 找到完全匹配的電影: Wannabe (ID: 1005041)
2025-05-16 17:44:45,805 - WARNING - TMDB電影 Wannabe 沒有ID或海報路徑
2025-05-16 17:44:46,306 - INFO - 處理電影: 第一夫人的逆襲 Bernadette (ID: 202)
2025-05-16 17:44:46,641 - WARNING - 在TMDB上找不到電影: 第一夫人的逆襲 Bernadette
2025-05-16 17:44:46,641 - INFO - 使用原始標題 Bernadette 重新搜索
2025-05-16 17:44:46,886 - INFO - 找到完全匹配的電影: The President's Wife (ID: 961084)
2025-05-16 17:44:47,074 - INFO - 已更新電影 ID 202 的海報資訊: TMDB ID 961084, 海報 URL https://image.tmdb.org/t/p/original/36FnPM4ZZaL46QQNBH6dk3rmqvn.jpg
2025-05-16 17:44:47,576 - INFO - 處理電影: 老派 Analog (ID: 198)
2025-05-16 17:44:47,834 - WARNING - 在TMDB上找不到電影: 老派 Analog
2025-05-16 17:44:47,834 - INFO - 使用原始標題 Analog 重新搜索
2025-05-16 17:44:48,090 - INFO - 找到完全匹配的電影: Analog (ID: 57208)
2025-05-16 17:44:48,090 - WARNING - TMDB電影 Analog 沒有ID或海報路徑
2025-05-16 17:44:48,591 - INFO - 處理電影: 完美伴侶 Companion (ID: 190)
2025-05-16 17:44:48,856 - INFO - 找到唯一的搜尋結果: 完美伴侶 (ID: 1084199)
2025-05-16 17:44:49,039 - INFO - 已更新電影 ID 190 的海報資訊: TMDB ID 1084199, 海報 URL https://image.tmdb.org/t/p/original/gDr3gQme9seqs9inYpewleZXe3A.jpg
2025-05-16 17:44:49,540 - INFO - 處理電影: 絕命終結站 血脈 Final Destination: Bloodlines (ID: 165)
2025-05-16 17:44:49,793 - INFO - 找到唯一的搜尋結果: 絕命終結站：血脈 (ID: 574475)
2025-05-16 17:44:49,978 - INFO - 已更新電影 ID 165 的海報資訊: TMDB ID 574475, 海報 URL https://image.tmdb.org/t/p/original/ebTm4k4EkHuGzum8xFJqIiQCZFj.jpg
2025-05-16 17:44:50,480 - INFO - 處理電影: 此刻的我們 We Live in Time (ID: 201)
2025-05-16 17:44:50,734 - INFO - 找到唯一的搜尋結果: 此刻的我們 (ID: 1100099)
2025-05-16 17:44:50,948 - INFO - 已更新電影 ID 201 的海報資訊: TMDB ID 1100099, 海報 URL https://image.tmdb.org/t/p/original/NPzkNnKNrmQ9dIV0W1pFRJxZIL.jpg
2025-05-16 17:44:51,449 - INFO - 處理電影: 殭屍合唱團：夢想未完 Hung Up on a Dream (ID: 203)
2025-05-16 17:44:51,703 - WARNING - 在TMDB上找不到電影: 殭屍合唱團：夢想未完 Hung Up on a Dream
2025-05-16 17:44:51,704 - INFO - 使用原始標題 Hung Up on a Dream 重新搜索
2025-05-16 17:44:51,959 - INFO - 找到唯一的搜尋結果: Hung Up on a Dream: The Zombies Documentary (ID: 1007919)
2025-05-16 17:44:52,145 - INFO - 已更新電影 ID 203 的海報資訊: TMDB ID 1007919, 海報 URL https://image.tmdb.org/t/p/original/2NaT5CtZvwFdz0egqM8L0AxI0Dw.jpg
2025-05-16 17:44:52,646 - INFO - 處理電影: 獵金·遊戲 A Gilded Game (ID: 166)
2025-05-16 17:44:52,902 - INFO - 找到唯一的搜尋結果: 獵金·遊戲 (ID: 1200063)
2025-05-16 17:44:53,083 - INFO - 已更新電影 ID 166 的海報資訊: TMDB ID 1200063, 海報 URL https://image.tmdb.org/t/p/original/pkBo9c6wzfdZTQjTrkHzauSVbcG.jpg
2025-05-16 17:44:53,583 - INFO - 處理電影: MINECRAFT麥塊電影 A Minecraft Movie (ID: 181)
2025-05-16 17:44:53,840 - INFO - 找到唯一的搜尋結果: MINECRAFT麥塊電影 (ID: 950387)
2025-05-16 17:44:54,050 - INFO - 已更新電影 ID 181 的海報資訊: TMDB ID 950387, 海報 URL https://image.tmdb.org/t/p/original/rONvP6UsL1jaZyjrIquumYTZKvB.jpg
2025-05-16 17:44:54,552 - INFO - 處理電影: 夏日最後的祕密 Summer Blue Hour (ID: 182)
2025-05-16 17:44:54,823 - INFO - 找到唯一的搜尋結果: 夏日最後的祕密 (ID: 1414620)
2025-05-16 17:44:55,014 - INFO - 已更新電影 ID 182 的海報資訊: TMDB ID 1414620, 海報 URL https://image.tmdb.org/t/p/original/kMFzAI0CGtkgTso0KE1CeJVEPDQ.jpg
2025-05-16 17:44:55,517 - INFO - 處理電影: 有病才會喜歡你 Lovesick (ID: 183)
2025-05-16 17:44:55,779 - INFO - 找到唯一的搜尋結果: 有病才會喜歡你 (ID: 1321139)
2025-05-16 17:44:55,986 - INFO - 已更新電影 ID 183 的海報資訊: TMDB ID 1321139, 海報 URL https://image.tmdb.org/t/p/original/dSAagxNVZmvA7eohvky20CFv5iC.jpg
2025-05-16 17:44:56,487 - INFO - 處理電影: 禁夜屍 Rosario (ID: 168)
2025-05-16 17:44:56,737 - INFO - 找到唯一的搜尋結果: 禁夜屍 (ID: 1297028)
2025-05-16 17:44:56,918 - INFO - 已更新電影 ID 168 的海報資訊: TMDB ID 1297028, 海報 URL https://image.tmdb.org/t/p/original/k43Ckees8yXAPc6IfLsfjT6Ql7N.jpg
2025-05-16 17:44:57,419 - INFO - 處理電影: 冥婚鬧泰大 The Red Envelope (ID: 169)
2025-05-16 17:44:57,676 - INFO - 找到唯一的搜尋結果: 冥婚鬧泰大 (ID: 1317920)
2025-05-16 17:44:57,863 - INFO - 已更新電影 ID 169 的海報資訊: TMDB ID 1317920, 海報 URL https://image.tmdb.org/t/p/original/yQk7ri7mpbh3wSexFyzSn0oOxXV.jpg
2025-05-16 17:44:58,365 - INFO - 處理電影: 囍宴 The Wedding Banquet (ID: 170)
2025-05-16 17:44:58,625 - INFO - 找到多個搜尋結果，使用第一個: 囍宴 (ID: 1278827)
2025-05-16 17:44:58,820 - INFO - 已更新電影 ID 170 的海報資訊: TMDB ID 1278827, 海報 URL https://image.tmdb.org/t/p/original/lnwwaMDR7L42DWZXCzkEiQMKqxs.jpg
2025-05-16 17:44:59,322 - INFO - 處理電影: 蝸牛少女回憶錄 Memoir of a Snail (ID: 200)
2025-05-16 17:44:59,580 - INFO - 找到唯一的搜尋結果: 蝸牛少女回憶錄 (ID: 1064486)
2025-05-16 17:44:59,818 - INFO - 已更新電影 ID 200 的海報資訊: TMDB ID 1064486, 海報 URL https://image.tmdb.org/t/p/original/kM0gfnanT6Sc2H5r8Bm113M3T50.jpg
2025-05-16 17:45:00,320 - INFO - 處理電影: 會計師2 The Accountant 2 (ID: 178)
2025-05-16 17:45:00,575 - INFO - 找到唯一的搜尋結果: 會計師2 (ID: 870028)
2025-05-16 17:45:00,759 - INFO - 已更新電影 ID 178 的海報資訊: TMDB ID 870028, 海報 URL https://image.tmdb.org/t/p/original/qY8gDFoRncaKh0B7e9wjT5wdrAv.jpg
2025-05-16 17:45:01,260 - INFO - 處理電影: 青春來接招 Greatest Days (ID: 193)
2025-05-16 17:45:01,547 - INFO - 找到唯一的搜尋結果: 青春來接招 (ID: 974861)
2025-05-16 17:45:01,803 - INFO - 已更新電影 ID 193 的海報資訊: TMDB ID 974861, 海報 URL https://image.tmdb.org/t/p/original/tBNcZ6wSVG90en3eq7uN9UXM8wq.jpg
2025-05-16 17:45:02,305 - INFO - 處理電影: 感應 Presence (ID: 250)
2025-05-16 17:45:02,566 - INFO - 找到唯一的搜尋結果: 感應 (ID: 1140535)
2025-05-16 17:45:02,751 - INFO - 已更新電影 ID 250 的海報資訊: TMDB ID 1140535, 海報 URL https://image.tmdb.org/t/p/original/qeL5F83lwAeRpUdpPWeCNhJbFYZ.jpg
2025-05-16 17:45:03,251 - INFO - 處理完成，成功獲取 86/100 部電影的海報
2025-05-16 17:45:03,252 - INFO - 非同步HTTP session已關閉
2025-05-16 17:45:03,253 - INFO - 資料庫連接已關閉
2025-05-16 17:53:35,110 - INFO - 成功連接到資料庫
2025-05-16 17:53:35,257 - INFO - 找到 100 部電影
2025-05-16 17:53:35,257 - INFO - 處理電影: 歌劇生死戀 The Opera! (ID: 176)
2025-05-16 17:53:36,006 - INFO - 找到唯一的搜尋結果: 歌劇生死戀 (ID: 1261049)
2025-05-16 17:53:36,138 - INFO - 已更新電影 ID 176 的海報資訊: TMDB ID 1261049, 海報 URL https://image.tmdb.org/t/p/original/hBobr2XoBH3zvKd5AfEexThxwnr.jpg
2025-05-16 17:53:36,640 - INFO - 處理電影: 劇場版 世界計畫 Colorful Stage! The Movie: A Miku Who Can't Sing (ID: 219)
2025-05-16 17:53:36,847 - INFO - 找到唯一的搜尋結果: 劇場版 世界計畫 崩壞的世界與無法歌唱的初音未來 (ID: 1322752)
2025-05-16 17:53:37,035 - INFO - 已更新電影 ID 219 的海報資訊: TMDB ID 1322752, 海報 URL https://image.tmdb.org/t/p/original/vCIfP3PFQ6vx23U4ZCMMygrc1eB.jpg
2025-05-16 17:53:37,536 - INFO - 處理電影: 美國隊長：無畏新世界 Captain America: Brave New World (ID: 189)
2025-05-16 17:53:37,737 - INFO - 找到唯一的搜尋結果: 美國隊長：無畏新世界 (ID: 822119)
2025-05-16 17:53:37,927 - INFO - 已更新電影 ID 189 的海報資訊: TMDB ID 822119, 海報 URL https://image.tmdb.org/t/p/original/uaed9ZZbdOK39feGoA8iNCmbE6.jpg
2025-05-16 17:53:38,428 - INFO - 處理電影: Ado SPECIAL LIVE “心臟” in Cinema Ado SPECIAL LIVE “Shinzou” in Cinema (ID: 216)
2025-05-16 17:53:38,620 - WARNING - 在TMDB上找不到電影: Ado SPECIAL LIVE “心臟” in Cinema Ado SPECIAL LIVE “Shinzou” in Cinema
2025-05-16 17:53:38,620 - INFO - 使用原始標題 SPECIAL LIVE “心臟” in Cinema Ado SPECIAL LIVE “Shinzou” in Cinema 重新搜索
2025-05-16 17:53:38,824 - WARNING - 在TMDB上找不到電影: SPECIAL LIVE “心臟” in Cinema Ado SPECIAL LIVE “Shinzou” in Cinema
2025-05-16 17:53:38,825 - WARNING - 在TMDB上找不到電影: Ado SPECIAL LIVE “心臟” in Cinema Ado SPECIAL LIVE “Shinzou” in Cinema
2025-05-16 17:53:39,325 - INFO - 處理電影: 非紳士特攻隊 The Ministry of Ungentlemanly Warfare (ID: 197)
2025-05-16 17:53:39,522 - INFO - 找到唯一的搜尋結果: 非紳士特攻隊 (ID: 799583)
2025-05-16 17:53:39,748 - INFO - 已更新電影 ID 197 的海報資訊: TMDB ID 799583, 海報 URL https://image.tmdb.org/t/p/original/eIUo4bcXxxwsIXjfuMySIve7ufm.jpg
2025-05-16 17:53:40,249 - INFO - 處理電影: GIVEN被贈與的未來劇場版：去海邊 Given 3: To the Sea (ID: 210)
2025-05-16 17:53:40,449 - WARNING - 在TMDB上找不到電影: GIVEN被贈與的未來劇場版：去海邊 Given 3: To the Sea
2025-05-16 17:53:40,450 - INFO - 使用原始標題 Given 3: To the Sea 重新搜索
2025-05-16 17:53:40,644 - INFO - 找到唯一的搜尋結果: Given the Movie: To the Sea (ID: 1317276)
2025-05-16 17:53:40,915 - INFO - 已更新電影 ID 210 的海報資訊: TMDB ID 1317276, 海報 URL https://image.tmdb.org/t/p/original/2VLnT5JtJ77ErG6GD3c1J628VLp.jpg
2025-05-16 17:53:41,416 - INFO - 處理電影: 秘密會議 Conclave (ID: 215)
2025-05-16 17:53:41,663 - INFO - 找到唯一的搜尋結果: 秘密會議 (ID: 974576)
2025-05-16 17:53:41,855 - INFO - 已更新電影 ID 215 的海報資訊: TMDB ID 974576, 海報 URL https://image.tmdb.org/t/p/original/1BWhKsbUTiBD0WQhrOfQlU6zrc5.jpg
2025-05-16 17:53:42,356 - INFO - 處理電影: 跳進部落的孩子 Dancing Home (ID: 217)
2025-05-16 17:53:42,553 - INFO - 找到唯一的搜尋結果: 跳進部落的孩子 (ID: 1369302)
2025-05-16 17:53:42,747 - INFO - 已更新電影 ID 217 的海報資訊: TMDB ID 1369302, 海報 URL https://image.tmdb.org/t/p/original/nfpp4DyCwnN9ow9SXK9AjF3pqng.jpg
2025-05-16 17:53:43,248 - INFO - 處理電影: 天氣之子 Weathering With You (ID: 221)
2025-05-16 17:53:43,458 - INFO - 找到唯一的搜尋結果: 天氣之子 (ID: 568160)
2025-05-16 17:53:43,687 - INFO - 已更新電影 ID 221 的海報資訊: TMDB ID 568160, 海報 URL https://image.tmdb.org/t/p/original/4IKNr9R9HpaIUFVHivTDa3Vdplj.jpg
2025-05-16 17:53:44,189 - INFO - 處理電影: 復仇反擊戰 The Amateur (ID: 233)
2025-05-16 17:53:44,415 - INFO - 找到唯一的搜尋結果: 復仇反擊戰 (ID: 1087891)
2025-05-16 17:53:44,608 - INFO - 已更新電影 ID 233 的海報資訊: TMDB ID 1087891, 海報 URL https://image.tmdb.org/t/p/original/bgkVm20XVVLdRlwzaIfMSvXVApF.jpg
2025-05-16 17:53:45,110 - INFO - 處理電影: 當我們懶在一起 The Sloth Lane (ID: 236)
2025-05-16 17:53:45,305 - WARNING - 在TMDB上找不到電影: 當我們懶在一起 The Sloth Lane
2025-05-16 17:53:45,305 - INFO - 使用原始標題 The Sloth Lane 重新搜索
2025-05-16 17:53:45,512 - INFO - 找到完全匹配的電影: The Sloth Lane (ID: 1189423)
2025-05-16 17:53:45,707 - INFO - 已更新電影 ID 236 的海報資訊: TMDB ID 1189423, 海報 URL https://image.tmdb.org/t/p/original/toBN1A9AnhoUzXyu9gaVyQVJehp.jpg
2025-05-16 17:53:46,208 - INFO - 處理電影: 與夢前行 宮﨑駿 Hayao Miyazaki and the Heron (ID: 241)
2025-05-16 17:53:46,405 - INFO - 找到唯一的搜尋結果: 與夢前行 宮﨑駿：蒼鷺與少年創作全紀錄 (ID: 1292585)
2025-05-16 17:53:46,598 - INFO - 已更新電影 ID 241 的海報資訊: TMDB ID 1292585, 海報 URL https://image.tmdb.org/t/p/original/ihxkyyvLdAjpRfBNXSpEFx6joSN.jpg
2025-05-16 17:53:47,100 - INFO - 處理電影: 為你找個家 (ID: 156)
2025-05-16 17:53:47,293 - INFO - 找到完全匹配的電影: 為你找個家 (ID: 728142)
2025-05-16 17:53:47,493 - INFO - 已更新電影 ID 156 的海報資訊: TMDB ID 728142, 海報 URL https://image.tmdb.org/t/p/original/bjfYsy0BtpxYTg60pq3HvruTe8t.jpg
2025-05-16 17:53:47,997 - INFO - 處理電影: 海洋奇緣2 Moana 2 (ID: 196)
2025-05-16 17:53:48,192 - INFO - 找到唯一的搜尋結果: 海洋奇緣2 (ID: 1241982)
2025-05-16 17:53:48,388 - INFO - 已更新電影 ID 196 的海報資訊: TMDB ID 1241982, 海報 URL https://image.tmdb.org/t/p/original/vyAk20KmD0GVp95ZcOgDkoXKq30.jpg
2025-05-16 17:53:48,889 - INFO - 處理電影: 窒息倒數 Last Breath (ID: 185)
2025-05-16 17:53:49,096 - INFO - 找到唯一的搜尋結果: 窒息倒數 (ID: 972533)
2025-05-16 17:53:49,291 - INFO - 已更新電影 ID 185 的海報資訊: TMDB ID 972533, 海報 URL https://image.tmdb.org/t/p/original/3UkUzS10UTdl9rfT0hkxQ9qTTBP.jpg
2025-05-16 17:53:49,793 - INFO - 處理電影: 誰在看著我們 Who are Watching over us (ID: 175)
2025-05-16 17:53:49,988 - INFO - 找到唯一的搜尋結果: 屍房菜 (ID: 1002317)
2025-05-16 17:53:50,182 - INFO - 已更新電影 ID 175 的海報資訊: TMDB ID 1002317, 海報 URL https://image.tmdb.org/t/p/original/iv7WZKutR9FGYuRg5LFA3hWFIAe.jpg
2025-05-16 17:53:50,684 - INFO - 處理電影: 夜校女生 The Uniform (ID: 187)
2025-05-16 17:53:50,882 - INFO - 找到唯一的搜尋結果: 夜校女生 (ID: 1335881)
2025-05-16 17:53:51,083 - INFO - 已更新電影 ID 187 的海報資訊: TMDB ID 1335881, 海報 URL https://image.tmdb.org/t/p/original/a1xWMqQLgW3xqnzS99HU9fN628E.jpg
2025-05-16 17:53:51,583 - INFO - 處理電影: 破·地獄 Po · Dei Juk (ID: 188)
2025-05-16 17:53:51,781 - INFO - 找到唯一的搜尋結果: 破·地獄 (ID: 1226141)
2025-05-16 17:53:51,976 - INFO - 已更新電影 ID 188 的海報資訊: TMDB ID 1226141, 海報 URL https://image.tmdb.org/t/p/original/fA27nlZSOhCY8Zol2NHqaTdHo3w.jpg
2025-05-16 17:53:52,479 - INFO - 處理電影: 宮﨑駿的奇幻世界 Miyazaki, Spirit of Nature (ID: 171)
2025-05-16 17:53:52,672 - INFO - 找到唯一的搜尋結果: 宮﨑駿的奇幻世界 (ID: 1320480)
2025-05-16 17:53:52,868 - INFO - 已更新電影 ID 171 的海報資訊: TMDB ID 1320480, 海報 URL https://image.tmdb.org/t/p/original/2vKKMcUqfhtgpXQguBNr56jXDEM.jpg
2025-05-16 17:53:53,370 - INFO - 處理電影: 所以親親會消失對不對 My Love Will Make You Disappear (ID: 174)
2025-05-16 17:53:53,569 - WARNING - 在TMDB上找不到電影: 所以親親會消失對不對 My Love Will Make You Disappear
2025-05-16 17:53:53,569 - INFO - 使用原始標題 My Love Will Make You Disappear 重新搜索
2025-05-16 17:53:53,761 - INFO - 找到完全匹配的電影: My Love Will Make You Disappear (ID: 1321380)
2025-05-16 17:53:53,959 - INFO - 已更新電影 ID 174 的海報資訊: TMDB ID 1321380, 海報 URL https://image.tmdb.org/t/p/original/niB2N7S2R9ADYPV48SN9U8r6IJh.jpg
2025-05-16 17:53:54,460 - INFO - 處理電影: 完美伴侶 Companion (ID: 190)
2025-05-16 17:53:54,677 - INFO - 找到唯一的搜尋結果: 完美伴侶 (ID: 1084199)
2025-05-16 17:53:54,923 - INFO - 已更新電影 ID 190 的海報資訊: TMDB ID 1084199, 海報 URL https://image.tmdb.org/t/p/original/gDr3gQme9seqs9inYpewleZXe3A.jpg
2025-05-16 17:53:55,425 - INFO - 處理電影: 絕命終結站 血脈 Final Destination: Bloodlines (ID: 165)
2025-05-16 17:53:55,635 - INFO - 找到唯一的搜尋結果: 絕命終結站：血脈 (ID: 574475)
2025-05-16 17:53:55,883 - INFO - 已更新電影 ID 165 的海報資訊: TMDB ID 574475, 海報 URL https://image.tmdb.org/t/p/original/ebTm4k4EkHuGzum8xFJqIiQCZFj.jpg
2025-05-16 17:53:56,384 - INFO - 處理電影: 夏日最後的祕密 Summer Blue Hour (ID: 182)
2025-05-16 17:53:56,583 - INFO - 找到唯一的搜尋結果: 夏日最後的祕密 (ID: 1414620)
2025-05-16 17:53:56,778 - INFO - 已更新電影 ID 182 的海報資訊: TMDB ID 1414620, 海報 URL https://image.tmdb.org/t/p/original/kMFzAI0CGtkgTso0KE1CeJVEPDQ.jpg
2025-05-16 17:53:57,280 - INFO - 處理電影: 冥婚鬧泰大 The Red Envelope (ID: 169)
2025-05-16 17:53:57,475 - INFO - 找到唯一的搜尋結果: 冥婚鬧泰大 (ID: 1317920)
2025-05-16 17:53:57,667 - INFO - 已更新電影 ID 169 的海報資訊: TMDB ID 1317920, 海報 URL https://image.tmdb.org/t/p/original/yQk7ri7mpbh3wSexFyzSn0oOxXV.jpg
2025-05-16 17:53:58,169 - INFO - 處理電影: 蝸牛少女回憶錄 Memoir of a Snail (ID: 200)
2025-05-16 17:53:58,398 - INFO - 找到唯一的搜尋結果: 蝸牛少女回憶錄 (ID: 1064486)
2025-05-16 17:53:58,601 - INFO - 已更新電影 ID 200 的海報資訊: TMDB ID 1064486, 海報 URL https://image.tmdb.org/t/p/original/kM0gfnanT6Sc2H5r8Bm113M3T50.jpg
2025-05-16 17:53:59,102 - INFO - 處理電影: 雷霆特攻隊* Thunderbolts (ID: 179)
2025-05-16 17:53:59,348 - INFO - 找到唯一的搜尋結果: 雷霆特攻隊＊ (ID: 986056)
2025-05-16 17:53:59,551 - INFO - 已更新電影 ID 179 的海報資訊: TMDB ID 986056, 海報 URL https://image.tmdb.org/t/p/original/vU3Ir6FXUvHvm3ASYN7Wl0qhgLn.jpg
2025-05-16 17:54:00,053 - INFO - 處理電影: 對街的小星星 Solitude (ID: 204)
2025-05-16 17:54:00,257 - INFO - 找到唯一的搜尋結果: 對街的小星星 (ID: 1053947)
2025-05-16 17:54:00,455 - INFO - 已更新電影 ID 204 的海報資訊: TMDB ID 1053947, 海報 URL https://image.tmdb.org/t/p/original/aD4tp0xy94HOotSYq5QuZVAKwlG.jpg
2025-05-16 17:54:00,956 - INFO - 處理電影: 不可能的任務：最終清算 Mission: Impossible - The Final Reckoning (ID: 205)
2025-05-16 17:54:01,148 - INFO - 找到唯一的搜尋結果: 不可能的任務：最終清算 (ID: 575265)
2025-05-16 17:54:01,353 - INFO - 已更新電影 ID 205 的海報資訊: TMDB ID 575265, 海報 URL https://image.tmdb.org/t/p/original/yST2muE4NfZTE0y3uMne1iQJYi1.jpg
2025-05-16 17:54:01,855 - INFO - 處理電影: 取精急轉彎 Spermageddon (ID: 208)
2025-05-16 17:54:02,049 - INFO - 找到唯一的搜尋結果: 取精急轉彎 (ID: 1064307)
2025-05-16 17:54:02,250 - INFO - 已更新電影 ID 208 的海報資訊: TMDB ID 1064307, 海報 URL https://image.tmdb.org/t/p/original/dZ57Jy8oohLNjXpk9CIQozpRFF9.jpg
2025-05-16 17:54:02,751 - INFO - 處理電影: 花束般的戀愛 We Made a Beautiful Bouquet (ID: 206)
2025-05-16 17:54:02,946 - INFO - 找到唯一的搜尋結果: 花束般的戀愛 (ID: 695932)
2025-05-16 17:54:03,147 - INFO - 已更新電影 ID 206 的海報資訊: TMDB ID 695932, 海報 URL https://image.tmdb.org/t/p/original/3Z8ezMWxB7lH8MfRCV0X0RHQLWz.jpg
2025-05-16 17:54:03,649 - INFO - 處理電影: 怪獸8號：Mission Recon Kaiju No.8 (ID: 209)
2025-05-16 17:54:03,897 - INFO - 找到唯一的搜尋結果: 怪獸8號：Mission Recon (ID: 1326106)
2025-05-16 17:54:04,091 - INFO - 已更新電影 ID 209 的海報資訊: TMDB ID 1326106, 海報 URL https://image.tmdb.org/t/p/original/gGjJIqPkPYLnbEvsACDQn8ZIEBh.jpg
2025-05-16 17:54:04,592 - INFO - 處理電影: 直到黎明 UNTIL DAWN (ID: 211)
2025-05-16 17:54:04,786 - INFO - 找到多個搜尋結果，使用第一個: 直到黎明 (ID: 1232546)
2025-05-16 17:54:04,991 - INFO - 已更新電影 ID 211 的海報資訊: TMDB ID 1232546, 海報 URL https://image.tmdb.org/t/p/original/kT6rj31OS5r0jLahUAxuDlApuY6.jpg
2025-05-16 17:54:05,492 - INFO - 處理電影: 器子 Organ Girl (ID: 213)
2025-05-16 17:54:05,692 - INFO - 找到唯一的搜尋結果: 器子 (ID: 1005985)
2025-05-16 17:54:05,951 - INFO - 已更新電影 ID 213 的海報資訊: TMDB ID 1005985, 海報 URL https://image.tmdb.org/t/p/original/1S1vakUhL2hDEDQVhL2kmZGKztJ.jpg
2025-05-16 17:54:06,452 - INFO - 處理電影: 青春末世物語 Happyend (ID: 225)
2025-05-16 17:54:06,646 - INFO - 找到唯一的搜尋結果: 青春末世物語 (ID: 730251)
2025-05-16 17:54:06,845 - INFO - 已更新電影 ID 225 的海報資訊: TMDB ID 730251, 海報 URL https://image.tmdb.org/t/p/original/lIHRSdRuxKcSRDAuigveXKIlf98.jpg
2025-05-16 17:54:07,347 - INFO - 處理電影: 學姊是男孩劇場版 Senpai is an Otokonoko (ID: 218)
2025-05-16 17:54:07,541 - INFO - 找到唯一的搜尋結果: 學姊是男孩劇場版：雨後天晴 (ID: 1362429)
2025-05-16 17:54:07,738 - INFO - 已更新電影 ID 218 的海報資訊: TMDB ID 1362429, 海報 URL https://image.tmdb.org/t/p/original/qOCnr7MNK3jbWcLFusveOd2wsIe.jpg
2025-05-16 17:54:08,240 - INFO - 處理電影: 超人力霸王雅克 Ultraman Arc the Movie (ID: 224)
2025-05-16 17:54:08,433 - INFO - 找到唯一的搜尋結果: 超人力霸王雅克 THE MOVIE 超次元大決戰！光與暗的雅克 (ID: 1392079)
2025-05-16 17:54:08,629 - INFO - 已更新電影 ID 224 的海報資訊: TMDB ID 1392079, 海報 URL https://image.tmdb.org/t/p/original/tdU5hCURLcRy8JTYwLfti0mchYi.jpg
2025-05-16 17:54:09,131 - INFO - 處理電影: 我在平行時空戀上妳 My Beloved Stranger (ID: 220)
2025-05-16 17:54:09,329 - WARNING - 在TMDB上找不到電影: 我在平行時空戀上妳 My Beloved Stranger
2025-05-16 17:54:09,329 - INFO - 使用原始標題 My Beloved Stranger 重新搜索
2025-05-16 17:54:09,593 - INFO - 找到完全匹配的電影: My Beloved Stranger (ID: 1323008)
2025-05-16 17:54:09,850 - INFO - 已更新電影 ID 220 的海報資訊: TMDB ID 1323008, 海報 URL https://image.tmdb.org/t/p/original/p9ZefGoangnFu3AKFMC1znUpATP.jpg
2025-05-16 17:54:10,352 - INFO - 處理電影: 看我今天怎麼說 The Way We Talk (ID: 222)
2025-05-16 17:54:10,545 - INFO - 找到唯一的搜尋結果: 看我今天怎麼說 (ID: 1239041)
2025-05-16 17:54:10,751 - INFO - 已更新電影 ID 222 的海報資訊: TMDB ID 1239041, 海報 URL https://image.tmdb.org/t/p/original/zenxhMKliGNzaZAXdoeO8WetfbI.jpg
2025-05-16 17:54:11,252 - INFO - 處理電影: 少年與狗 The Boy and the Dog (ID: 223)
2025-05-16 17:54:11,456 - INFO - 找到唯一的搜尋結果: 少年與狗 (ID: 1317090)
2025-05-16 17:54:11,659 - INFO - 已更新電影 ID 223 的海報資訊: TMDB ID 1317090, 海報 URL https://image.tmdb.org/t/p/original/1XbrDPFfzwErQG21DgEjqgaQoi9.jpg
2025-05-16 17:54:12,160 - INFO - 處理電影: 鬼保母 Baba Yaga: Terror of the Dark Forest (ID: 242)
2025-05-16 17:54:12,361 - INFO - 找到唯一的搜尋結果: 鬼保母 (ID: 575088)
2025-05-16 17:54:12,559 - INFO - 已更新電影 ID 242 的海報資訊: TMDB ID 575088, 海報 URL https://image.tmdb.org/t/p/original/4hn2UP41KQJmMLCQXJWeUcNjmz.jpg
2025-05-16 17:54:13,060 - INFO - 處理電影: 極速引爆 Hard Hit (ID: 243)
2025-05-16 17:54:13,264 - INFO - 找到唯一的搜尋結果: 極速引爆 (ID: 654739)
2025-05-16 17:54:13,455 - INFO - 已更新電影 ID 243 的海報資訊: TMDB ID 654739, 海報 URL https://image.tmdb.org/t/p/original/h2IvsspAGJLUuJJxAVi2qHJe3fv.jpg
2025-05-16 17:54:13,956 - INFO - 處理電影: 留給未來的殘影 Afterimage for Tomorrow (ID: 244)
2025-05-16 17:54:14,153 - INFO - 找到唯一的搜尋結果: 留給未來的殘影 (ID: 562246)
2025-05-16 17:54:14,350 - INFO - 已更新電影 ID 244 的海報資訊: TMDB ID 562246, 海報 URL https://image.tmdb.org/t/p/original/fOaTrKYfhXqQIJcdBTzGpx9cjL4.jpg
2025-05-16 17:54:14,852 - INFO - 處理電影: 舞池漫波 Bodies of Water (ID: 245)
2025-05-16 17:54:15,052 - WARNING - 在TMDB上找不到電影: 舞池漫波 Bodies of Water
2025-05-16 17:54:15,053 - INFO - 使用原始標題 Bodies of Water 重新搜索
2025-05-16 17:54:15,250 - INFO - 找到完全匹配的電影: Bodies of Water (ID: 738464)
2025-05-16 17:54:15,463 - INFO - 已更新電影 ID 245 的海報資訊: TMDB ID 738464, 海報 URL https://image.tmdb.org/t/p/original/NEjjwaOKv9oYG97MXmOYwmFvi0.jpg
2025-05-16 17:54:15,965 - INFO - 處理電影: 石像鬼歹逗陣 Gargoyle Doyle (ID: 247)
2025-05-16 17:54:16,161 - WARNING - 在TMDB上找不到電影: 石像鬼歹逗陣 Gargoyle Doyle
2025-05-16 17:54:16,161 - INFO - 使用原始標題 Gargoyle Doyle 重新搜索
2025-05-16 17:54:16,357 - INFO - 找到完全匹配的電影: Gargoyle Doyle (ID: 1286511)
2025-05-16 17:54:16,561 - INFO - 已更新電影 ID 247 的海報資訊: TMDB ID 1286511, 海報 URL https://image.tmdb.org/t/p/original/6mMXFbfLTX6O4H8F9HfnZVD9Zre.jpg
2025-05-16 17:54:17,062 - INFO - 處理電影: 心的告白 Heartbeat (ID: 248)
2025-05-16 17:54:17,260 - WARNING - 在TMDB上找不到電影: 心的告白 Heartbeat
2025-05-16 17:54:17,260 - INFO - 使用原始標題 Heartbeat 重新搜索
2025-05-16 17:54:17,464 - INFO - 找到完全匹配的電影: Heartbeat (ID: 727796)
2025-05-16 17:54:17,683 - INFO - 已更新電影 ID 248 的海報資訊: TMDB ID 727796, 海報 URL https://image.tmdb.org/t/p/original/ppbMpesLraB3mWVwkBmRGFbsGgf.jpg
2025-05-16 17:54:18,185 - INFO - 處理電影: 開心鬼上身 HELLO GHOST(2010) (ID: 226)
2025-05-16 17:54:18,381 - INFO - 找到唯一的搜尋結果: 開心鬼上身 (ID: 62439)
2025-05-16 17:54:18,580 - INFO - 已更新電影 ID 226 的海報資訊: TMDB ID 62439, 海報 URL https://image.tmdb.org/t/p/original/eABJoKMxXky1R13aR2E9It90Djm.jpg
2025-05-16 17:54:19,081 - INFO - 處理電影: 茶道小精靈：千 Sen (ID: 249)
2025-05-16 17:54:19,282 - WARNING - 在TMDB上找不到電影: 茶道小精靈：千 Sen
2025-05-16 17:54:19,282 - INFO - 使用原始標題 Sen 重新搜索
2025-05-16 17:54:19,486 - INFO - 找到完全匹配的電影: Sen (ID: 853042)
2025-05-16 17:54:19,486 - WARNING - TMDB電影 Sen 沒有ID或海報路徑
2025-05-16 17:54:19,987 - INFO - 處理電影: 白雪公主 Snow White and the Seven Dwarfs (ID: 237)
2025-05-16 17:54:20,194 - INFO - 找到多個搜尋結果，使用第一個: 白雪公主 (ID: 408)
2025-05-16 17:54:20,391 - INFO - 已更新電影 ID 237 的海報資訊: TMDB ID 408, 海報 URL https://image.tmdb.org/t/p/original/mKNQnN2SUxoJlnKUU0pswVjFggD.jpg
2025-05-16 17:54:20,892 - INFO - 處理電影: 小王子 Little Prince (ID: 227)
2025-05-16 17:54:21,092 - INFO - 找到多個搜尋結果，使用第一個: The Little Prince (ID: 37627)
2025-05-16 17:54:21,283 - INFO - 已更新電影 ID 227 的海報資訊: TMDB ID 37627, 海報 URL https://image.tmdb.org/t/p/original/ts0TGlxlBffnXXOFuzqpuqQEVdp.jpg
2025-05-16 17:54:21,784 - INFO - 處理電影: 復活劫 Handling the Undead (ID: 228)
2025-05-16 17:54:21,981 - INFO - 找到唯一的搜尋結果: 復活劫 (ID: 1020896)
2025-05-16 17:54:22,176 - INFO - 已更新電影 ID 228 的海報資訊: TMDB ID 1020896, 海報 URL https://image.tmdb.org/t/p/original/w0kvHuCoJs8oUhaLCnjfyPaugkX.jpg
2025-05-16 17:54:22,678 - INFO - 處理電影: 喬王出任務 Lobby (ID: 230)
2025-05-16 17:54:22,875 - INFO - 找到唯一的搜尋結果: 喬王出任務 (ID: 1129557)
2025-05-16 17:54:23,093 - INFO - 已更新電影 ID 230 的海報資訊: TMDB ID 1129557, 海報 URL https://image.tmdb.org/t/p/original/5mXPE4N99lpCBnvb4hDWjbB0wxJ.jpg
2025-05-16 17:54:23,594 - INFO - 處理電影: 鬼房客 The Tenant (ID: 231)
2025-05-16 17:54:23,794 - INFO - 找到唯一的搜尋結果: 鬼房客 (ID: 1276131)
2025-05-16 17:54:23,989 - INFO - 已更新電影 ID 231 的海報資訊: TMDB ID 1276131, 海報 URL https://image.tmdb.org/t/p/original/vyrK4aOD14ozbi56JiuLGPa7wmn.jpg
2025-05-16 17:54:24,491 - INFO - 處理電影: 型男主廚三星夢：巴黎篇 Grand Maison Paris (ID: 235)
2025-05-16 17:54:24,684 - INFO - 找到唯一的搜尋結果: 型男主廚三星夢：巴黎篇 (ID: 1306061)
2025-05-16 17:54:24,883 - INFO - 已更新電影 ID 235 的海報資訊: TMDB ID 1306061, 海報 URL https://image.tmdb.org/t/p/original/7eNHCTDRWmectIHLYIt14kqQHbc.jpg
2025-05-16 17:54:25,385 - INFO - 處理電影: 銀魂劇場版2D 金魂篇 Gintama On Theatre 2D Kintama-hen (ID: 232)
2025-05-16 17:54:25,580 - WARNING - 在TMDB上找不到電影: 銀魂劇場版2D 金魂篇 Gintama On Theatre 2D Kintama-hen
2025-05-16 17:54:25,580 - INFO - 使用原始標題 金魂篇 Gintama On Theatre 2D Kintama-hen 重新搜索
2025-05-16 17:54:25,772 - WARNING - 在TMDB上找不到電影: 金魂篇 Gintama On Theatre 2D Kintama-hen
2025-05-16 17:54:25,772 - WARNING - 在TMDB上找不到電影: 銀魂劇場版2D 金魂篇 Gintama On Theatre 2D Kintama-hen
2025-05-16 17:54:26,274 - INFO - 處理電影: 劇場版「進擊的巨人」完結篇 Attack on Titan: THE LAST ATTACK (ID: 239)
2025-05-16 17:54:26,475 - INFO - 找到唯一的搜尋結果: 劇場版「進擊的巨人」完結篇THE LAST ATTACK (ID: 1333100)
2025-05-16 17:54:26,677 - INFO - 已更新電影 ID 239 的海報資訊: TMDB ID 1333100, 海報 URL https://image.tmdb.org/t/p/original/kkbGiEFXaLFWKLuJzMMJ4oEjUXS.jpg
2025-05-16 17:54:27,179 - INFO - 處理電影: 夏之庭 The Friends(1994) (ID: 234)
2025-05-16 17:54:27,389 - WARNING - 在TMDB上找不到電影: 夏之庭 The Friends(1994)
2025-05-16 17:54:27,390 - INFO - 使用原始標題 The Friends(1994) 重新搜索
2025-05-16 17:54:27,590 - WARNING - 在TMDB上找不到電影: The Friends(1994)
2025-05-16 17:54:27,590 - WARNING - 在TMDB上找不到電影: 夏之庭 The Friends(1994)
2025-05-16 17:54:28,092 - INFO - 處理電影: 十字路口的豬 Pig at the Crossing (ID: 240)
2025-05-16 17:54:28,292 - INFO - 找到唯一的搜尋結果: 十字路口的豬 (ID: 1287986)
2025-05-16 17:54:28,539 - INFO - 已更新電影 ID 240 的海報資訊: TMDB ID 1287986, 海報 URL https://image.tmdb.org/t/p/original/gY5QrFznHiGzDnLmUeaiT3SfLug.jpg
2025-05-16 17:54:29,040 - INFO - 處理電影: 北極小迷狐：吉娜&尤克 Kina & Yuk (ID: 229)
2025-05-16 17:54:29,244 - INFO - 找到唯一的搜尋結果: 北極小迷狐：吉娜&尤克 (ID: 983015)
2025-05-16 17:54:29,497 - INFO - 已更新電影 ID 229 的海報資訊: TMDB ID 983015, 海報 URL https://image.tmdb.org/t/p/original/2RgTd54xEtKEf2zbxP2LFlmAVfa.jpg
2025-05-16 17:54:29,999 - INFO - 處理電影: 喵的奇幻漂流 Flow (ID: 238)
2025-05-16 17:54:30,232 - INFO - 找到唯一的搜尋結果: 喵的奇幻漂流 (ID: 823219)
2025-05-16 17:54:30,447 - INFO - 已更新電影 ID 238 的海報資訊: TMDB ID 823219, 海報 URL https://image.tmdb.org/t/p/original/tn89woD33WgLgT7ZMUr1r47hnql.jpg
2025-05-16 17:54:30,949 - INFO - 處理電影: 我的乳房逃跑中 The Elephant I Found Under My Skin (ID: 246)
2025-05-16 17:54:31,153 - WARNING - 在TMDB上找不到電影: 我的乳房逃跑中 The Elephant I Found Under My Skin
2025-05-16 17:54:31,153 - INFO - 使用原始標題 The Elephant I Found Under My Skin 重新搜索
2025-05-16 17:54:31,357 - WARNING - 在TMDB上找不到電影: The Elephant I Found Under My Skin
2025-05-16 17:54:31,357 - WARNING - 在TMDB上找不到電影: 我的乳房逃跑中 The Elephant I Found Under My Skin
2025-05-16 17:54:31,858 - INFO - 處理電影: 傾城之戀 (ID: 152)
2025-05-16 17:54:32,070 - INFO - 找到完全匹配的電影: 傾城之戀 (ID: 171816)
2025-05-16 17:54:32,262 - INFO - 已更新電影 ID 152 的海報資訊: TMDB ID 171816, 海報 URL https://image.tmdb.org/t/p/original/AkHCvHCaUcdlEwAvbBrDG2AY33W.jpg
2025-05-16 17:54:32,764 - INFO - 處理電影: 寄身殺手 (ID: 153)
2025-05-16 17:54:32,957 - INFO - 找到完全匹配的電影: 寄身殺手 (ID: 435615)
2025-05-16 17:54:33,215 - INFO - 已更新電影 ID 153 的海報資訊: TMDB ID 435615, 海報 URL https://image.tmdb.org/t/p/original/35eeRTgGhs7X3dc4vawl1l6MIPI.jpg
2025-05-16 17:54:33,717 - INFO - 處理電影: 獅子王：木法沙 Mufasa: The Lion King (ID: 195)
2025-05-16 17:54:33,913 - INFO - 找到唯一的搜尋結果: 獅子王：木法沙 (ID: 762509)
2025-05-16 17:54:34,107 - INFO - 已更新電影 ID 195 的海報資訊: TMDB ID 762509, 海報 URL https://image.tmdb.org/t/p/original/c2wpotRQdZeGoaoJQzr7MQpJBjE.jpg
2025-05-16 17:54:34,608 - INFO - 處理電影: 附身 (ID: 154)
2025-05-16 17:54:34,809 - INFO - 找到完全匹配的電影: 附身 (ID: 166271)
2025-05-16 17:54:35,008 - INFO - 已更新電影 ID 154 的海報資訊: TMDB ID 166271, 海報 URL https://image.tmdb.org/t/p/original/gBsO7Sp3g1oOaxQ44pomsJLm7m7.jpg
2025-05-16 17:54:35,509 - INFO - 處理電影: 狼人 Wolf Man (ID: 194)
2025-05-16 17:54:35,708 - INFO - 找到多個搜尋結果，使用第一個: 狼人 (ID: 710295)
2025-05-16 17:54:35,899 - INFO - 已更新電影 ID 194 的海報資訊: TMDB ID 710295, 海報 URL https://image.tmdb.org/t/p/original/diEmGZpvnyImaCtcp65yspSlxAf.jpg
2025-05-16 17:54:36,400 - INFO - 處理電影: 半生緣 (港) (ID: 155)
2025-05-16 17:54:36,593 - WARNING - 在TMDB上找不到電影: 半生緣 (港)
2025-05-16 17:54:36,593 - WARNING - 在TMDB上找不到電影: 半生緣 (港)
2025-05-16 17:54:37,094 - INFO - 處理電影: 近期上映 (ID: 161)
2025-05-16 17:54:37,288 - WARNING - 在TMDB上找不到電影: 近期上映
2025-05-16 17:54:37,288 - WARNING - 在TMDB上找不到電影: 近期上映
2025-05-16 17:54:37,789 - INFO - 處理電影: 新片快報 (ID: 162)
2025-05-16 17:54:37,985 - WARNING - 在TMDB上找不到電影: 新片快報
2025-05-16 17:54:37,985 - WARNING - 在TMDB上找不到電影: 新片快報
2025-05-16 17:54:38,486 - INFO - 處理電影: 二輪 List (ID: 163)
2025-05-16 17:54:38,681 - WARNING - 在TMDB上找不到電影: 二輪 List
2025-05-16 17:54:38,681 - WARNING - 在TMDB上找不到電影: 二輪 List
2025-05-16 17:54:39,182 - INFO - 處理電影: 二輪 List All (ID: 164)
2025-05-16 17:54:39,391 - WARNING - 在TMDB上找不到電影: 二輪 List All
2025-05-16 17:54:39,391 - WARNING - 在TMDB上找不到電影: 二輪 List All
2025-05-16 17:54:39,892 - INFO - 處理電影: 罪人 Sinners (ID: 184)
2025-05-16 17:54:40,164 - INFO - 找到多個搜尋結果，使用第一個: 罪人 (ID: 1233413)
2025-05-16 17:54:40,379 - INFO - 已更新電影 ID 184 的海報資訊: TMDB ID 1233413, 海報 URL https://image.tmdb.org/t/p/original/9hRm4WVM3D5HzjMBTKSsPBOd50c.jpg
2025-05-16 17:54:40,880 - INFO - 處理電影: 柏靈頓：熊熊去秘魯 Paddington in Peru (ID: 251)
2025-05-16 17:54:41,077 - INFO - 找到唯一的搜尋結果: 柏靈頓：熊熊去秘魯 (ID: 516729)
2025-05-16 17:54:41,278 - INFO - 已更新電影 ID 251 的海報資訊: TMDB ID 516729, 海報 URL https://image.tmdb.org/t/p/original/sVBJ7rQhxQv2aLbAjalMIONhXBN.jpg
2025-05-16 17:54:41,779 - INFO - 處理電影: 本期首輪 (ID: 159)
2025-05-16 17:54:41,972 - WARNING - 在TMDB上找不到電影: 本期首輪
2025-05-16 17:54:41,972 - WARNING - 在TMDB上找不到電影: 本期首輪
2025-05-16 17:54:42,474 - INFO - 處理電影: 本期二輪 (ID: 160)
2025-05-16 17:54:42,668 - WARNING - 在TMDB上找不到電影: 本期二輪
2025-05-16 17:54:42,668 - WARNING - 在TMDB上找不到電影: 本期二輪
2025-05-16 17:54:43,169 - INFO - 處理電影: 長安三萬里 Chang An (ID: 212)
2025-05-16 17:54:43,365 - INFO - 找到唯一的搜尋結果: 長安三萬里 (ID: 1089654)
2025-05-16 17:54:43,560 - INFO - 已更新電影 ID 212 的海報資訊: TMDB ID 1089654, 海報 URL https://image.tmdb.org/t/p/original/7wxk8Ka5AGUIjCpEPg4vBOwSSul.jpg
2025-05-16 17:54:44,062 - INFO - 處理電影: 沈睡的水下巨人 Shipwrecks Taiwan (ID: 214)
2025-05-16 17:54:44,258 - INFO - 找到唯一的搜尋結果: 沈睡的水下巨人 (ID: 1452246)
2025-05-16 17:54:44,460 - INFO - 已更新電影 ID 214 的海報資訊: TMDB ID 1452246, 海報 URL https://image.tmdb.org/t/p/original/7DdvzQcKfGtd00tKsrmCB4ofemu.jpg
2025-05-16 17:54:44,961 - INFO - 處理電影: 2018大洪水 2018：Everyone is a Hero (ID: 192)
2025-05-16 17:54:45,157 - INFO - 找到唯一的搜尋結果: 2018大洪水 (ID: 866440)
2025-05-16 17:54:45,421 - INFO - 已更新電影 ID 192 的海報資訊: TMDB ID 866440, 海報 URL https://image.tmdb.org/t/p/original/wNBb6Vpl7lU0tSqPxPEQaFdjKBU.jpg
2025-05-16 17:54:45,922 - INFO - 處理電影: 鑽石大劫案：極盜戰 Den of Thieves 2: Pantera (ID: 186)
2025-05-16 17:54:46,117 - INFO - 找到唯一的搜尋結果: 鑽石大劫案：極盜戰 (ID: 604685)
2025-05-16 17:54:46,314 - INFO - 已更新電影 ID 186 的海報資訊: TMDB ID 604685, 海報 URL https://image.tmdb.org/t/p/original/6l5fR5alRSWcWtOTSvNo4G6zXy7.jpg
2025-05-16 17:54:46,815 - INFO - 處理電影: 哈爾濱 Harbin (ID: 191)
2025-05-16 17:54:47,040 - INFO - 找到唯一的搜尋結果: 哈爾濱 (ID: 610251)
2025-05-16 17:54:47,231 - INFO - 已更新電影 ID 191 的海報資訊: TMDB ID 610251, 海報 URL https://image.tmdb.org/t/p/original/m1fbsYMGdEbUtfmbfJCksMcYYV.jpg
2025-05-16 17:54:47,733 - INFO - 處理電影: 聖夜：惡魔都市 Holy Night: Demon Hunters (ID: 180)
2025-05-16 17:54:47,929 - INFO - 找到唯一的搜尋結果: 聖夜：惡魔都市 (ID: 793387)
2025-05-16 17:54:48,127 - INFO - 已更新電影 ID 180 的海報資訊: TMDB ID 793387, 海報 URL https://image.tmdb.org/t/p/original/mZ9AEdlSrRd7apiUMMmzPSvEJTj.jpg
2025-05-16 17:54:48,629 - INFO - 處理電影: 奧德蓋任務 Old Guy (ID: 167)
2025-05-16 17:54:48,825 - INFO - 找到唯一的搜尋結果: 奧德蓋任務 (ID: 1077782)
2025-05-16 17:54:49,020 - INFO - 已更新電影 ID 167 的海報資訊: TMDB ID 1077782, 海報 URL https://image.tmdb.org/t/p/original/rNsJtq50HuBGQ6jaIYR0zGSuiv2.jpg
2025-05-16 17:54:49,522 - INFO - 處理電影: ATEEZ演唱會電影 ATEEZ WORLD TOUR (ID: 173)
2025-05-16 17:54:49,717 - WARNING - 在TMDB上找不到電影: ATEEZ演唱會電影 ATEEZ WORLD TOUR
2025-05-16 17:54:49,717 - INFO - 使用原始標題 ATEEZ WORLD TOUR 重新搜索
2025-05-16 17:54:49,921 - INFO - 找到多個搜尋結果，使用第一個: ATEEZ WORLD TOUR [THE FELLOWSHIP : BREAK THE WALL] IN SEOUL (ID: 1149263)
2025-05-16 17:54:50,127 - INFO - 已更新電影 ID 173 的海報資訊: TMDB ID 1149263, 海報 URL https://image.tmdb.org/t/p/original/50y8pFvyWz0jWStMabmHYGGmPNK.jpg
2025-05-16 17:54:50,628 - INFO - 處理電影: 超時空武士 A Samurai in Time (ID: 172)
2025-05-16 17:54:50,821 - INFO - 找到唯一的搜尋結果: 超時空武士 (ID: 1287819)
2025-05-16 17:54:51,016 - INFO - 已更新電影 ID 172 的海報資訊: TMDB ID 1287819, 海報 URL https://image.tmdb.org/t/p/original/5sLOYRzdP7JTyZwZaOcl3aufGTQ.jpg
2025-05-16 17:54:51,517 - INFO - 處理電影: 泣聲驚魂 The Wailing (ID: 177)
2025-05-16 17:54:51,715 - WARNING - 在TMDB上找不到電影: 泣聲驚魂 The Wailing
2025-05-16 17:54:51,715 - INFO - 使用原始標題 The Wailing 重新搜索
2025-05-16 17:54:51,918 - INFO - 找到完全匹配的電影: The Wailing (ID: 293670)
2025-05-16 17:54:52,115 - INFO - 已更新電影 ID 177 的海報資訊: TMDB ID 293670, 海報 URL https://image.tmdb.org/t/p/original/aXlL7yYwpXInhltamtzKQFBG08G.jpg
2025-05-16 17:54:52,616 - INFO - 處理電影: 本周新片 (ID: 158)
2025-05-16 17:54:52,812 - WARNING - 在TMDB上找不到電影: 本周新片
2025-05-16 17:54:52,812 - INFO - 使用原始標題 Final Destination: Bloodlines 重新搜索
2025-05-16 17:54:53,005 - INFO - 找到唯一的搜尋結果: Final Destination Bloodlines (ID: 574475)
2025-05-16 17:54:53,199 - INFO - 已更新電影 ID 158 的海報資訊: TMDB ID 574475, 海報 URL https://image.tmdb.org/t/p/original/cAoktVUBhGyULRoxV6mZ2LB3x7I.jpg
2025-05-16 17:54:53,700 - INFO - 處理電影: 第一夫人的逆襲 Bernadette (ID: 202)
2025-05-16 17:54:53,897 - WARNING - 在TMDB上找不到電影: 第一夫人的逆襲 Bernadette
2025-05-16 17:54:53,897 - INFO - 使用原始標題 Bernadette 重新搜索
2025-05-16 17:54:54,101 - INFO - 找到完全匹配的電影: The President's Wife (ID: 961084)
2025-05-16 17:54:54,287 - INFO - 已更新電影 ID 202 的海報資訊: TMDB ID 961084, 海報 URL https://image.tmdb.org/t/p/original/36FnPM4ZZaL46QQNBH6dk3rmqvn.jpg
2025-05-16 17:54:54,789 - INFO - 處理電影: 此刻的我們 We Live in Time (ID: 201)
2025-05-16 17:54:54,988 - INFO - 找到唯一的搜尋結果: 此刻的我們 (ID: 1100099)
2025-05-16 17:54:55,183 - INFO - 已更新電影 ID 201 的海報資訊: TMDB ID 1100099, 海報 URL https://image.tmdb.org/t/p/original/NPzkNnKNrmQ9dIV0W1pFRJxZIL.jpg
2025-05-16 17:54:55,684 - INFO - 處理電影: 殭屍合唱團：夢想未完 Hung Up on a Dream (ID: 203)
2025-05-16 17:54:55,878 - WARNING - 在TMDB上找不到電影: 殭屍合唱團：夢想未完 Hung Up on a Dream
2025-05-16 17:54:55,878 - INFO - 使用原始標題 Hung Up on a Dream 重新搜索
2025-05-16 17:54:56,072 - INFO - 找到唯一的搜尋結果: Hung Up on a Dream: The Zombies Documentary (ID: 1007919)
2025-05-16 17:54:56,273 - INFO - 已更新電影 ID 203 的海報資訊: TMDB ID 1007919, 海報 URL https://image.tmdb.org/t/p/original/2NaT5CtZvwFdz0egqM8L0AxI0Dw.jpg
2025-05-16 17:54:56,775 - INFO - 處理電影: 獵金·遊戲 A Gilded Game (ID: 166)
2025-05-16 17:54:56,974 - INFO - 找到唯一的搜尋結果: 獵金·遊戲 (ID: 1200063)
2025-05-16 17:54:57,180 - INFO - 已更新電影 ID 166 的海報資訊: TMDB ID 1200063, 海報 URL https://image.tmdb.org/t/p/original/pkBo9c6wzfdZTQjTrkHzauSVbcG.jpg
2025-05-16 17:54:57,681 - INFO - 處理電影: MINECRAFT麥塊電影 A Minecraft Movie (ID: 181)
2025-05-16 17:54:57,882 - INFO - 找到唯一的搜尋結果: MINECRAFT麥塊電影 (ID: 950387)
2025-05-16 17:54:58,080 - INFO - 已更新電影 ID 181 的海報資訊: TMDB ID 950387, 海報 URL https://image.tmdb.org/t/p/original/rONvP6UsL1jaZyjrIquumYTZKvB.jpg
2025-05-16 17:54:58,581 - INFO - 處理電影: 有病才會喜歡你 Lovesick (ID: 183)
2025-05-16 17:54:58,777 - INFO - 找到唯一的搜尋結果: 有病才會喜歡你 (ID: 1321139)
2025-05-16 17:54:58,967 - INFO - 已更新電影 ID 183 的海報資訊: TMDB ID 1321139, 海報 URL https://image.tmdb.org/t/p/original/dSAagxNVZmvA7eohvky20CFv5iC.jpg
2025-05-16 17:54:59,468 - INFO - 處理電影: 禁夜屍 Rosario (ID: 168)
2025-05-16 17:54:59,666 - INFO - 找到唯一的搜尋結果: 禁夜屍 (ID: 1297028)
2025-05-16 17:54:59,859 - INFO - 已更新電影 ID 168 的海報資訊: TMDB ID 1297028, 海報 URL https://image.tmdb.org/t/p/original/k43Ckees8yXAPc6IfLsfjT6Ql7N.jpg
2025-05-16 17:55:00,360 - INFO - 處理電影: 怒女 Wannabe (ID: 199)
2025-05-16 17:55:00,556 - WARNING - 在TMDB上找不到電影: 怒女 Wannabe
2025-05-16 17:55:00,556 - INFO - 使用原始標題 Wannabe 重新搜索
2025-05-16 17:55:00,755 - INFO - 找到完全匹配的電影: Wannabe (ID: 1005041)
2025-05-16 17:55:00,755 - WARNING - TMDB電影 Wannabe 沒有ID或海報路徑
2025-05-16 17:55:01,257 - INFO - 處理電影: 萬王之王 The King of Kings (ID: 207)
2025-05-16 17:55:01,457 - INFO - 找到唯一的搜尋結果: 萬王之王 (ID: 1181107)
2025-05-16 17:55:01,653 - INFO - 已更新電影 ID 207 的海報資訊: TMDB ID 1181107, 海報 URL https://image.tmdb.org/t/p/original/n66WEgkJGndAgaM6igMn43U6qHz.jpg
2025-05-16 17:55:02,154 - INFO - 處理電影: 囍宴 The Wedding Banquet (ID: 170)
2025-05-16 17:55:02,403 - INFO - 找到多個搜尋結果，使用第一個: 囍宴 (ID: 1278827)
2025-05-16 17:55:02,599 - INFO - 已更新電影 ID 170 的海報資訊: TMDB ID 1278827, 海報 URL https://image.tmdb.org/t/p/original/lnwwaMDR7L42DWZXCzkEiQMKqxs.jpg
2025-05-16 17:55:03,101 - INFO - 處理電影: 老派 Analog (ID: 198)
2025-05-16 17:55:03,297 - WARNING - 在TMDB上找不到電影: 老派 Analog
2025-05-16 17:55:03,297 - INFO - 使用原始標題 Analog 重新搜索
2025-05-16 17:55:03,506 - INFO - 找到完全匹配的電影: Analog (ID: 57208)
2025-05-16 17:55:03,507 - WARNING - TMDB電影 Analog 沒有ID或海報路徑
2025-05-16 17:55:04,007 - INFO - 處理電影: 會計師2 The Accountant 2 (ID: 178)
2025-05-16 17:55:04,206 - INFO - 找到唯一的搜尋結果: 會計師2 (ID: 870028)
2025-05-16 17:55:04,399 - INFO - 已更新電影 ID 178 的海報資訊: TMDB ID 870028, 海報 URL https://image.tmdb.org/t/p/original/qY8gDFoRncaKh0B7e9wjT5wdrAv.jpg
2025-05-16 17:55:04,901 - INFO - 處理電影: 青春來接招 Greatest Days (ID: 193)
2025-05-16 17:55:05,149 - INFO - 找到唯一的搜尋結果: 青春來接招 (ID: 974861)
2025-05-16 17:55:05,361 - INFO - 已更新電影 ID 193 的海報資訊: TMDB ID 974861, 海報 URL https://image.tmdb.org/t/p/original/tBNcZ6wSVG90en3eq7uN9UXM8wq.jpg
2025-05-16 17:55:05,862 - INFO - 處理電影: 感應 Presence (ID: 250)
2025-05-16 17:55:06,058 - INFO - 找到唯一的搜尋結果: 感應 (ID: 1140535)
2025-05-16 17:55:06,253 - INFO - 已更新電影 ID 250 的海報資訊: TMDB ID 1140535, 海報 URL https://image.tmdb.org/t/p/original/qeL5F83lwAeRpUdpPWeCNhJbFYZ.jpg
2025-05-16 17:55:06,754 - INFO - 處理電影: 絕對味覺情人 (ID: 157)
2025-05-16 17:55:06,949 - INFO - 找到完全匹配的電影: 絕對味覺情人 (ID: 978202)
2025-05-16 17:55:07,143 - INFO - 已更新電影 ID 157 的海報資訊: TMDB ID 978202, 海報 URL https://image.tmdb.org/t/p/original/cllWEwtQJCTyram80LxWm6hciYJ.jpg
2025-05-16 17:55:07,644 - INFO - 處理完成，成功獲取 86/100 部電影的海報
2025-05-16 17:55:07,645 - INFO - 失敗數量: 14 部
2025-05-16 17:55:07,645 - INFO - 失敗原因統計:
2025-05-16 17:55:07,645 - INFO -   - 在TMDB上找不到電影: Ado SPECIAL LIVE “心臟” in Cinema Ado SPECIAL LIVE “Shinzou” in Cinema: 1 部
2025-05-16 17:55:07,645 - INFO -   - TMDB電影 Sen 沒有ID或海報路徑: 1 部
2025-05-16 17:55:07,645 - INFO -   - 在TMDB上找不到電影: 銀魂劇場版2D 金魂篇 Gintama On Theatre 2D Kintama-hen: 1 部
2025-05-16 17:55:07,645 - INFO -   - 在TMDB上找不到電影: 夏之庭 The Friends(1994): 1 部
2025-05-16 17:55:07,646 - INFO -   - 在TMDB上找不到電影: 我的乳房逃跑中 The Elephant I Found Under My Skin: 1 部
2025-05-16 17:55:07,646 - INFO -   - 在TMDB上找不到電影: 半生緣 (港): 1 部
2025-05-16 17:55:07,646 - INFO -   - 在TMDB上找不到電影: 近期上映: 1 部
2025-05-16 17:55:07,646 - INFO -   - 在TMDB上找不到電影: 新片快報: 1 部
2025-05-16 17:55:07,646 - INFO -   - 在TMDB上找不到電影: 二輪 List: 1 部
2025-05-16 17:55:07,646 - INFO -   - 在TMDB上找不到電影: 二輪 List All: 1 部
2025-05-16 17:55:07,646 - INFO -   - 在TMDB上找不到電影: 本期首輪: 1 部
2025-05-16 17:55:07,646 - INFO -   - 在TMDB上找不到電影: 本期二輪: 1 部
2025-05-16 17:55:07,647 - INFO -   - TMDB電影 Wannabe 沒有ID或海報路徑: 1 部
2025-05-16 17:55:07,647 - INFO -   - TMDB電影 Analog 沒有ID或海報路徑: 1 部
2025-05-16 17:55:07,647 - INFO - 失敗的電影列表:
2025-05-16 17:55:07,647 - INFO -   - Ado SPECIAL LIVE “心臟” in Cinema Ado SPECIAL LIVE “Shinzou” in Cinema (原因: 在TMDB上找不到電影: Ado SPECIAL LIVE “心臟” in Cinema Ado SPECIAL LIVE “Shinzou” in Cinema)
2025-05-16 17:55:07,647 - INFO -   - 茶道小精靈：千 Sen (原因: TMDB電影 Sen 沒有ID或海報路徑)
2025-05-16 17:55:07,647 - INFO -   - 銀魂劇場版2D 金魂篇 Gintama On Theatre 2D Kintama-hen (原因: 在TMDB上找不到電影: 銀魂劇場版2D 金魂篇 Gintama On Theatre 2D Kintama-hen)
2025-05-16 17:55:07,647 - INFO -   - 夏之庭 The Friends(1994) (原因: 在TMDB上找不到電影: 夏之庭 The Friends(1994))
2025-05-16 17:55:07,647 - INFO -   - 我的乳房逃跑中 The Elephant I Found Under My Skin (原因: 在TMDB上找不到電影: 我的乳房逃跑中 The Elephant I Found Under My Skin)
2025-05-16 17:55:07,647 - INFO -   - 半生緣 (港) (原因: 在TMDB上找不到電影: 半生緣 (港))
2025-05-16 17:55:07,647 - INFO -   - 近期上映 (原因: 在TMDB上找不到電影: 近期上映)
2025-05-16 17:55:07,648 - INFO -   - 新片快報 (原因: 在TMDB上找不到電影: 新片快報)
2025-05-16 17:55:07,648 - INFO -   - 二輪 List (原因: 在TMDB上找不到電影: 二輪 List)
2025-05-16 17:55:07,648 - INFO -   - 二輪 List All (原因: 在TMDB上找不到電影: 二輪 List All)
2025-05-16 17:55:07,648 - INFO -   - 本期首輪 (原因: 在TMDB上找不到電影: 本期首輪)
2025-05-16 17:55:07,648 - INFO -   - 本期二輪 (原因: 在TMDB上找不到電影: 本期二輪)
2025-05-16 17:55:07,648 - INFO -   - 怒女 Wannabe (原因: TMDB電影 Wannabe 沒有ID或海報路徑)
2025-05-16 17:55:07,648 - INFO -   - 老派 Analog (原因: TMDB電影 Analog 沒有ID或海報路徑)
2025-05-16 17:55:07,656 - INFO - 已將 100 筆結果導出至 tmdb_posters_20250516_175507.csv
2025-05-16 17:55:07,656 - INFO - 非同步HTTP session已關閉
2025-05-16 17:55:07,657 - INFO - 資料庫連接已關閉
